#FILE 100535 100658 102333 102335 102338 103477 103504 106981 111772 113877 113879 113891 11514 132426 136943 137426 138448 141266 142725 145704 27431 27668 32790 49535 79106 85427 85877 88982 91549 92044 93702 94222 94721 94831 97219 97504 99339 99341
(AGly)aac6-Iy 100.00 100.00 100.00 100.00 100.00 . 100.00 100.00 100.00 . . . . 100.00 100.00 100.00 100.00 . 100.00 100.00 . 100.00 . 100.00 100.00 100.00 100.00 100.00 100.00 100.00 100.00 100.00 100.00 . 100.00 . 100.00 100.00
(AGly)aadA1-pm . . 93.86 . . . . . . . . . . 93.86 . . . . . 93.86 . . . . . 93.86 . 93.86 . . 93.86 93.86 93.86 . 93.86 . . .
(AGly)aadA2 100.00 . . . . . . . . . . . . . . . . . . . . . . . . . . . . 100.00 100.00 . 100.00 . 100.00 . . .
(AGly)aadA22 . 98.48 . . . . . . . . . . . . . . . . . . . . . . . . . . . . . . . . . . . .
(AGly)aph(3'')-Ia . 100.00 . . . . . . . . . . . . . 100.00 . . 100.00 100.00 . . . . 100.00 . . . . 100.00 . 100.00 . . . . . .
(AGly)strB . . . . . . . . . . . . . . . . . . . . . . . . . . 100.00 . . . . . . . . . . .
(Bla)AmpC1_Ecoli 88.58 88.58 88.58 76.32 76.32 . 76.32 76.32 88.58 . . . 88.58 88.58 88.58 88.58 88.58 . 88.58 88.58 88.58 88.58 . 88.58 88.58 88.58 88.51 88.58 88.58 88.58 88.58 88.58 88.58 . 88.58 . 76.32 76.32
(Bla)Penicillin_Binding_Protein_Ecoli 100.00 100.00 100.00 71.03;100.00 100.00;71.03 100.00;71.08 100.00;71.03 71.03;100.00 100.00;71.03 100.00;71.08 100.00;71.08 71.08;100.00 100.00;71.08 100.00 100.00 100.00 100.00 100.00;71.08 100.00 100.00 100.00;71.03 100.00 100.00;71.08 100.00 100.00 100.00 71.19;100.00 100.00 100.00 100.00 100.00 100.00 100.00 100.00;71.08 100.00 100.00;71.08 100.00;71.03 100.00;71.03
(Bla)ampH_Ecoli 100.00 100.00 100.00 100.00 100.00 100.00 100.00 100.00 100.00 100.00 100.00 100.00 100.00 100.00 100.00 100.00 100.00 100.00 100.00 100.00 100.00 100.00 100.00 100.00 100.00 100.00 100.00 100.00 100.00 100.00 100.00 100.00 100.00 100.00 100.00 100.00 100.00 100.00
(Bla)blaCTX-M-1 . . . . . . . . . . . . . . 100.00 . . . 100.00 . . . . . . . . . 100.00 100.00 . . . . . . . .
(Bla)blaTEM-105 100.00 100.00 . . . . . . . . . . . . . . . . . . . . . . . . . . . 100.00 100.00 . 100.00 . 100.00 . . .
(Bla)blaTEM-1D . . . . . . . . . . . . . . . . . . . 100.00 . . . . . . . . . . . . . . . . . .
(Flq)qnrB5 . . . . . . . . . . . . . . . . . . . . . . . . . . 100.00 . . 100.00 . . . . . . . .
(MLS)lnu((B) . 99.75 . . . . . . . . . . . . . . . . . . . . . . . . . . . 99.75 . . . . . . . .
(MLS)mef(B) . . . . . . . . . . . . . . . . . . . . . . . . . . . . . . 100.00 . 100.00 . 100.00 . . .
(Phe)cmlA1 100.00 . . . . . . . . . . . . . . . . . . . . . . . . . . . . 100.00 100.00 . 100.00 . 100.00 . . .
(Sul)sul1 . . 100.00 . . . . . . . . . . 100.00 100.00 . 100.00 . 100.00 100.00 . . . . . 100.00 . 100.00 100.00 . . 100.00 . . . . . .
(Sul)sul2 . . . . . . . . . . . . . . . . . . . . . . . . . . 100.00 . . . . . . . . . . .
(Sul)sul3 . . . . . . . . . . . . . . . . . . . . . . . . . . . . . 100.00 100.00 . 100.00 . 100.00 . . .
(Tet)tet(34) 75.48 75.48 75.48 75.48 75.48 75.48 75.48 75.48 75.48 75.48 75.48 75.48 75.48 75.48 75.48 75.48 75.48 75.48 75.48 75.48 75.48 75.48 75.48 75.48 75.48 75.48 75.48 75.48 75.48 75.48 75.48 75.48 75.48 75.48 75.48 75.48 75.48 75.48
(Tet)tetA . 93.80 94.12 . . . . . . . . . . 94.12 94.12 . 94.12 . 94.12 94.12 . . . . . 94.12 91.92 94.12 94.12 . . 94.12 . . . . . .
(Tet)tetR . . 100.00 . . . . . . . . . . 100.00 100.00 . 100.00 . 100.00 100.00 . . . . . 100.00 100.00 100.00 100.00 . . 100.00 . . . . . .
(Tmt)dfrA1 . . . . . . . . . . . . . . 100.00 . 100.00 . 100.00 . . . . . . . . . 100.00 . . . . . . . . .
(Tmt)dfrA12 . . . . . . . . . . . . . . . . . . . . . . . . . . . . . . 100.00 . 100.00 . 100.00 . . .
(Tmt)dfrA14 100.00 100.00 100.00 . . . . . . . . . . 100.00 . 100.00 . . 100.00 100.00 . . . . 100.00 . 100.00 100.00 . 100.00 . 100.00 . . . . . .
