#FILE 100535 100658 102333 102335 102338 103477 103504 106981 111772 113877 113879 113891 11514 132426 136943 137426 138448 141266 142725 145704 27431 27668 32790 49535 79106 85427 85877 88982 91549 92044 93702 94222 94721 94831 97219 97504 99339 99341
AAC(6')-Iy 100.00 100.00 100.00 100.00 100.00 . 100.00 100.00 100.00 . . . . 100.00 100.00 100.00 100.00 . 100.00 100.00 . 100.00 . 100.00 100.00 100.00 100.00 100.00 100.00 100.00 100.00 100.00 100.00 . 100.00 . 100.00 100.00
ANT(3'')-IIa . 80.25 80.25 . . . . . . . . . . 80.25 . . . . . 80.25 . . . . . 80.25 . 80.25 . . 80.25 80.25 80.25 . 80.25 . . .
APH(3')-Ia . 100.00 . . . . . . . . . . . . . 100.00 . . 100.00 100.00 . . . . 100.00 . . . . 100.00 . 100.00 . . . . . .
APH(6)-Id . . . . . . . . . . . . . . . . . . . . . . . . . . 100.00 . . . . . . . . . . .
CRP 100.00 100.00 100.00 100.00 100.00 100.00 100.00 100.00 100.00 100.00 100.00 100.00 100.00 100.00 100.00 100.00 100.00 100.00 100.00 100.00 100.00 100.00 100.00 100.00 100.00 100.00 100.00 100.00 100.00 100.00 100.00 100.00 100.00 100.00 100.00 100.00 100.00 100.00
CTX-M-1 . . . . . . . . . . . . . . 100.00 . . . 100.00 . . . . . . . . . 100.00 100.00 . . . . . . . .
Escherichia_coli_acrA 100.00 100.00 100.00 100.00 100.00 100.00 100.00 100.00 100.00 100.00 100.00 100.00 100.00 100.00 100.00 100.00 100.00 100.00 100.00 100.00 100.00 100.00 100.00 100.00 100.00 100.00 100.00 100.00 100.00 100.00 100.00 100.00 100.00 100.00 100.00 100.00 100.00 100.00
Escherichia_coli_ampC1_beta-lactamase 88.58 88.58 88.58 76.32 76.32 . 76.32 76.32 88.58 . . . 88.58 88.58 88.58 88.58 88.58 . 88.58 88.58 88.58 88.58 . 88.58 88.58 88.58 88.51 88.58 88.58 88.58 88.58 88.58 88.58 . 88.58 . 76.32 76.32
Escherichia_coli_ampH 100.00 100.00 100.00 100.00 100.00 100.00 100.00 100.00 100.00 100.00 100.00 100.00 100.00 100.00 100.00 100.00 100.00 100.00 100.00 100.00 100.00 100.00 100.00 100.00 100.00 100.00 100.00 100.00 100.00 100.00 100.00 100.00 100.00 100.00 100.00 100.00 100.00 100.00
Escherichia_coli_mdfA 98.86 98.86 98.86 98.86 98.86 98.86 98.86 98.86 98.86 98.86 98.86 98.86 98.86 98.86 98.86 98.86 98.86 98.86 98.86 98.86 98.86 98.86 98.86 98.86 98.86 98.86 99.19 98.86 98.86 98.86 98.86 98.86 98.86 98.86 98.86 98.86 98.86 98.86
H-NS 100.00 100.00 100.00 100.00 100.00 100.00 100.00 100.00 100.00 100.00 100.00 100.00 100.00 100.00 100.00 100.00 100.00 100.00 100.00 100.00 100.00 100.00 100.00 100.00 100.00 100.00 100.00 100.00 100.00 100.00 100.00 100.00 100.00 100.00 100.00 100.00 100.00 100.00
Klebsiella_pneumoniae_KpnE . . . 86.50 86.50 86.50 86.50 86.50 86.50 86.50 86.50 86.50 86.50 . . . . 86.50 . . 86.50 . 86.50 . . . 86.50 . . . . . . 86.50 . 86.50 86.50 86.50
Klebsiella_pneumoniae_KpnF 99.70 99.70 99.70 99.70 99.70 99.70 99.70 99.70 99.70 99.70 99.70 99.70 99.70 99.70 99.70 99.70 99.70 99.70 99.70 99.70 99.70 99.70 99.70 99.70 99.70 99.70 99.70 99.70 99.70 99.70 99.70 99.70 99.70 99.70 99.70 99.70 99.70 99.70
Klebsiella_pneumoniae_OmpK37 98.93;98.76;86.22;96.09 98.76;86.22;98.93;96.09 98.76;86.22;98.93;96.09 98.93;96.09;99.73;86.13 98.93;96.09;99.82;86.13 99.82;86.13;98.93;96.09 98.93;96.09;99.82;86.13 98.93;96.09;99.82;86.13 99.82;98.93;86.13;96.09 99.82;86.13;98.93;96.09 99.82;86.13;98.93;96.09 99.82;86.13;98.93;96.09 99.82;98.93;86.13;96.09 98.76;86.22;98.93;96.09 98.93;98.76;86.22;96.09 86.22;98.76;98.93;96.09 98.93;98.76;86.22;96.09 86.13;99.82;98.93;96.09 86.22;98.76;98.93;96.09 98.76;86.22;98.93;96.09 99.82;98.93;86.13;96.09 98.93;86.22;98.76;96.09 99.82;86.13;98.93;96.09 86.22;98.76;96.09;98.93 98.93;98.76;86.22;96.09 86.22;98.76;98.93;96.09 99.82;86.22;88.44;98.93;96.00 98.93;98.76;86.22;96.09 98.93;98.76;86.22;96.09 98.76;86.22;98.93;96.09 98.76;86.22;98.93;96.09 86.22;98.76;98.93;96.09 86.22;98.76;98.93;96.09 99.82;86.13;98.93;96.09 98.93;98.76;86.22;96.09 99.82;86.13;98.93;96.09 98.93;96.09;99.82;86.13 98.93;96.09;99.82;86.13
QnrB5 . . . . . . . . . . . . . . . . . . . . . . . . . . 100.00 . . 100.00 . . . . . . . .
TEM-1 100.00 100.00 . . . . . . . . . . . . . . . . . . . . . . . . . . . 100.00 100.00 . 100.00 . 100.00 . . .
TEM-12 . . . . . . . . . . . . . . . . . . . 100.00 . . . . . . . . . . . . . . . . . .
aadA2 100.00 . . . . . . . . . . . . . . . . . . . . . . . . . . . . 100.00 100.00 . 100.00 . 100.00 . . .
acrB 99.40 99.40 99.40 99.40 99.40 99.40 99.40 99.40 99.40 99.40 99.40 99.40 99.40 99.40 99.40 99.40 99.40 99.40 99.40 99.40 99.40 99.40 99.40 99.40 99.40 99.40 99.40 99.40 99.40 99.40 99.40 99.40 99.40 99.40 99.40 99.40 99.40 99.40
acrD 99.97 99.97 99.97 99.97 99.97 99.97 99.97 99.97 99.97 99.97 99.97 99.97 99.97 99.97 99.97 99.97 99.97 99.97 99.97 99.97 99.97 99.97 99.97 99.97 99.97 99.97 99.97 99.97 99.97 99.97 99.97 99.97 99.97 99.97 99.97 99.97 99.97 99.97
acrE 98.53 98.53 98.53 98.53 98.53 . 98.53 98.53 . . . . . 98.53 98.53 98.53 98.53 . 98.53 98.53 98.53 98.53 . 98.53 98.53 98.53 98.53 98.53 98.53 98.53 98.53 98.53 98.53 . 98.53 . 98.53 98.53
acrF 99.10 99.10 99.10 99.10 99.10 . 99.10 99.10 . . . . . 99.10 99.10 99.10 99.10 . 99.10 99.10 99.10 99.10 . 99.10 99.10 99.10 99.10 99.10 99.10 99.10 85.86 99.10 99.10 . 85.86 . 99.10 99.10
acrS 91.55 91.55 91.55 91.55 91.55 . 91.55 91.55 . . . . . 91.55 91.55 91.55 91.55 . 91.55 91.55 91.55 91.55 . 91.55 91.55 91.55 91.55 91.55 91.55 91.55 91.55 91.55 91.55 . 91.55 . 91.55 91.55
arnA 96.48 96.48 96.48 96.38 96.38 96.38 96.38 96.38 96.38 96.38 96.38 96.38 96.38 96.48 96.48 96.48 96.48 96.38 96.48 96.48 96.38 96.48 96.38 96.48 96.48 96.48 93.82 96.48 96.48 96.48 96.48 96.48 96.48 96.38 96.48 96.38 96.38 96.38
bacA 99.39 99.39 99.39 99.39 99.39 99.39 99.39 99.39 99.39 99.39 99.39 99.39 99.39 99.39 99.39 99.39 99.39 99.39 99.39 99.39 99.39 99.39 99.39 99.39 99.39 99.39 99.39 99.39 99.39 99.39 99.39 99.39 99.39 99.39 99.39 99.39 99.39 99.39
baeR 99.86 99.86 99.86 99.86 99.86 99.86 99.86 99.86 99.86 99.86 99.86 99.86 99.86 99.86 99.86 99.86 99.86 99.86 99.86 99.86 99.86 99.86 99.86 99.86 99.86 99.86 99.86 99.86 99.86 99.86 99.86 99.86 99.86 99.86 99.86 99.86 99.86 99.86
baeS 99.79 99.79 99.79 99.86 99.86 99.86 99.86 99.86 99.86 99.86 99.86 99.86 99.86 99.79 99.79 99.79 99.79 99.86 99.79 99.79 99.86 99.79 99.86 99.79 99.79 99.79 99.79 99.79 99.79 99.79 99.79 99.79 99.79 99.86 99.79 99.86 99.86 99.86
cmlA1 100.00 . . . . . . . . . . . . . . . . . . . . . . . . . . . . 100.00 100.00 . 100.00 . 100.00 . . .
cpxA 99.49 99.49 99.49 99.49 99.49 99.49 99.49 99.49 99.49 99.49 99.49 99.49 99.49 99.49 99.49 99.49 99.49 99.49 99.49 99.49 99.49 99.49 99.49 99.49 99.49 99.49 99.49 99.49 99.49 99.49 99.49 99.49 99.49 99.49 99.49 99.49 99.49 99.49
dfrA1 . . . . . . . . . . . . . . 100.00 . 100.00 . 100.00 . . . . . . . . . 100.00 . . . . . . . . .
dfrA12 . . . . . . . . . . . . . . . . . . . . . . . . . . . . . . 100.00 . 100.00 . 100.00 . . .
dfrA14 98.14 98.14 98.14 . . . . . . . . . . 98.14 . 98.14 . . 98.14 98.14 . . . . 98.14 . 100.00 98.14 . 98.14 . 98.14 . . . . . .
emrA 99.91 99.91 99.91 99.91 99.91 99.91 99.91 99.91 99.91 99.91 99.91 99.91 99.91 99.91 99.91 99.91 99.91 99.91 99.91 99.91 99.91 99.91 99.91 99.91 99.91 99.91 99.91 99.91 99.91 99.91 99.91 99.91 99.91 99.91 99.91 99.91 99.91 99.91
emrB 100.00 100.00 100.00 100.00 100.00 100.00 100.00 100.00 100.00 100.00 100.00 100.00 100.00 100.00 100.00 100.00 100.00 100.00 100.00 100.00 100.00 100.00 100.00 100.00 100.00 100.00 100.00 100.00 100.00 100.00 100.00 100.00 100.00 100.00 100.00 100.00 100.00 100.00
emrR 100.00 100.00 100.00 100.00 100.00 100.00 100.00 100.00 100.00 100.00 100.00 100.00 100.00 100.00 100.00 100.00 100.00 100.00 100.00 100.00 100.00 100.00 100.00 100.00 100.00 100.00 100.00 100.00 100.00 100.00 100.00 100.00 100.00 100.00 100.00 100.00 100.00 100.00
eptA 99.88 99.88 99.88 99.88 99.88 99.88 99.88 99.88 99.88 99.88 99.88 99.88 99.88 99.88 99.88 99.88 99.88 99.88 99.88 99.88 99.88 99.88 99.88 99.88 99.88 99.88 99.88 99.88 99.88 99.88 99.88 99.88 99.88 99.88 99.88 99.88 99.88 99.88
golS 100.00 100.00 100.00 . . . . . . . . . . 100.00 100.00 100.00 100.00 . 100.00 100.00 . 100.00 . 100.00 100.00 100.00 100.00 100.00 100.00 100.00 100.00 100.00 100.00 . 100.00 . . .
kdpE 99.12 99.12 99.12 99.12 99.12 99.12 99.12 99.12 99.12 99.12 99.12 99.12 99.12 99.12 99.12 99.12 99.12 99.12 99.12 99.12 99.12 99.12 99.12 99.12 99.12 99.12 99.12 99.12 99.12 99.12 99.12 99.12 99.12 99.12 99.12 99.12 99.12 99.12
lnuG . 100.00 . . . . . . . . . . . . . . . . . . . . . . . . . . . 100.00 . . . . . . . .
marA 91.15 91.15 91.15 91.15 91.15 91.15 91.15 91.15 91.15 91.15 91.15 91.15 91.15 91.15 91.15 91.15 91.15 91.15 91.15 91.15 91.15 91.15 91.15 91.15 91.15 91.15 91.15 91.15 91.15 91.15 91.15 91.15 91.15 91.15 91.15 91.15 91.15 91.15
mdsA 100.00 100.00 100.00 . . . . . . . . . . 100.00 100.00 100.00 100.00 . 100.00 100.00 . 100.00 . 100.00 100.00 100.00 100.00 100.00 100.00 100.00 100.00 100.00 100.00 . 100.00 . . .
mdsB 100.00 100.00 100.00 . . . . . . . . . . 100.00 100.00 100.00 100.00 . 100.00 100.00 . 100.00 . 100.00 100.00 100.00 100.00 100.00 100.00 100.00 100.00 100.00 100.00 . 100.00 . . .
mdsC 96.43 96.43 96.43 . . . . . . . . . . 96.43 96.43 96.43 96.43 . 96.43 96.43 . 96.43 . 96.43 96.43 96.43 96.43 96.43 96.43 96.43 96.43 96.43 96.43 . 96.43 . . .
mdtA 99.36 99.36 99.36 99.36 99.36 99.36 99.36 99.36 99.36 99.36 99.36 99.36 99.36 99.36 99.36 99.36 99.36 99.36 99.36 99.36 99.36 99.36 99.36 99.36 99.36 99.36 99.04 99.36 99.36 99.36 99.36 99.36 99.36 99.36 99.36 99.36 99.36 99.36
mdtB 99.97 99.97 99.97 99.97 99.97 99.97 99.97 99.97 99.97 99.97 99.97 99.97 99.97 99.97 99.97 99.97 99.97 99.97 99.97 99.97 99.97 99.97 99.97 99.97 99.97 99.97 99.97 99.97 99.97 99.97 99.97 99.97 99.97 99.97 99.97 99.97 99.97 99.97
mdtC 99.03 99.03 99.03 99.03 99.03 99.03 99.03 99.03 99.03 99.03 99.03 99.03 99.03 99.03 99.03 99.03 99.03 99.03 99.03 99.03 99.03 99.03 99.03 99.03 99.03 99.03 99.03 99.03 99.03 99.03 99.03 99.03 99.03 99.03 99.03 99.03 99.03 99.03
mdtG 97.47;89.57 89.57;97.47 97.47;89.57 97.47;89.65 97.47;89.65 89.65 97.47;89.65 97.47;89.65 97.47;89.65 89.65 89.65 89.65 89.65 89.57;97.47 97.47;89.57 97.47;89.57 97.47;89.57 89.65 89.57;97.47 97.47;89.57 89.65;97.47 97.47;89.57 89.65 97.47;89.57 89.57;97.47 97.47;89.57 89.65;97.47 89.57;97.47 97.47;89.57 97.47;89.57 89.57;97.47 89.57;97.47 97.47;89.57 89.65 97.47;89.57 89.65 97.47;89.65 97.47;89.65
mdtH 99.75 99.75 99.75 99.75 99.75 99.75 99.75 99.75 99.75 99.75 99.75 99.75 99.75 99.75 99.75 99.75 99.75 99.75 99.75 99.75 99.75 99.75 99.75 99.75 99.75 99.75 99.75 99.75 99.75 99.75 99.75 99.75 99.75 99.75 99.75 99.75 99.75 99.75
mdtK 100.00 100.00 100.00 100.00 100.00 100.00 100.00 100.00 100.00 100.00 100.00 100.00 100.00 100.00 100.00 100.00 100.00 100.00 100.00 100.00 100.00 100.00 100.00 100.00 100.00 100.00 100.00 100.00 100.00 100.00 100.00 100.00 100.00 100.00 100.00 100.00 100.00 100.00
mdtM 96.76 96.76 96.76 96.76 96.76 96.76 96.76 96.76 96.76 96.76 96.76 96.76 96.76 96.76 96.76 96.76 96.76 96.76 96.76 96.76 96.76 96.76 96.76 96.76 96.76 96.76 96.76 96.76 96.76 96.76 96.76 96.76 96.76 96.76 96.76 96.76 96.76 96.76
mefB . . . . . . . . . . . . . . . . . . . . . . . . . . . . . . 100.00 . 100.00 . 100.00 . . .
msbA 100.00 100.00 100.00 100.00 100.00 100.00 100.00 100.00 100.00 100.00 100.00 100.00 100.00 100.00 100.00 100.00 100.00 100.00 100.00 100.00 100.00 100.00 100.00 100.00 100.00 100.00 100.00 100.00 100.00 100.00 100.00 100.00 100.00 100.00 100.00 100.00 100.00 100.00
pmrF 97.21 97.21 97.21 97.21 97.21 97.21 97.21 97.21 97.21 97.21 97.21 97.21 97.21 97.21 97.21 97.21 97.21 97.21 97.21 97.21 97.21 97.21 97.21 97.21 97.21 97.21 97.21 97.21 97.21 97.21 97.21 97.21 97.21 97.21 97.21 97.21 97.21 97.21
qacH . . . . . . . . . . . . . . . . . . . . . . . . . . . . . 100.00 100.00 . 100.00 . 100.00 . . .
ramA 91.20 91.20 91.20 91.20 91.20 91.20 91.20 91.20 91.20 91.20 91.20 91.20 91.20 91.20 91.20 91.20 91.20 91.20 91.20 91.20 91.20 91.20 91.20 91.20 91.20 91.20 91.20 91.20 91.20 91.20 91.20 91.20 91.20 91.20 91.20 91.20 91.20 91.20
rosA 75.51 88.73 88.73 88.81 88.81 88.81 88.81 88.81 88.81 88.81 88.81 88.81 88.81 88.73 88.73 88.73 88.73 88.81 88.73 88.73 88.81 88.73 88.81 88.73 88.73 88.73 88.73 88.73 88.73 88.73 88.73 88.73 88.73 88.81 88.73 88.81 88.81 88.81
rosB 95.04 95.04 95.04 95.04 95.04 95.04 95.04 95.04 95.04 95.04 95.04 95.04 95.04 95.04 95.04 95.04 95.04 95.04 95.04 95.04 95.04 95.04 95.04 95.04 95.04 95.04 95.04 95.04 95.04 95.04 95.04 95.04 95.04 95.04 95.04 95.04 95.04 95.04
sdiA 100.00 100.00 100.00 100.00 100.00 100.00 100.00 100.00 100.00 100.00 100.00 100.00 100.00 100.00 100.00 100.00 100.00 100.00 100.00 100.00 100.00 100.00 100.00 100.00 100.00 100.00 100.00 100.00 100.00 100.00 100.00 100.00 100.00 100.00 100.00 100.00 100.00 100.00
sul1 . . 100.00 . . . . . . . . . . 100.00 100.00 . 100.00 . 100.00 100.00 . . . . . 100.00 . 100.00 100.00 . . 100.00 . . . . . .
sul2 . . . . . . . . . . . . . . . . . . . . . . . . . . 100.00 . . . . . . . . . . .
sul3 . . . . . . . . . . . . . . . . . . . . . . . . . . . . . 100.00 100.00 . 100.00 . 100.00 . . .
tet(A) . 91.61 91.92 . . . . . . . . . . 91.92 91.92 . 91.92 . 91.92 91.92 . . . . . 91.92 94.12 91.92 91.92 . . 91.92 . . . . . .
tolC 97.51 97.51 97.51 97.92 97.92 97.92 97.92 97.92 97.92 97.92 97.92 97.92 97.92 97.51 97.51 97.51 97.51 97.92 97.51 97.51 97.92 97.51 97.92 97.51 97.51 97.51 97.51 97.51 97.51 97.51 97.51 97.51 97.51 97.92 97.51 97.92 97.92 97.92
ugd 99.83 99.83 99.83 99.57 99.57 99.57 99.57 99.57 99.57 99.57 99.57 99.57 99.57 99.83 99.83 99.83 99.83 99.57 99.83 99.83 99.57 99.83 99.57 99.83 99.83 99.83 99.83 99.83 99.83 99.83 99.83 99.83 99.83 99.57 99.83 99.57 99.57 99.57
yojI 99.64 99.64 99.64 99.88 99.88 99.88 99.88 99.88 99.88 99.88 99.88 99.88 . 99.64 99.64 99.64 99.64 99.88 99.64 99.64 99.88 99.64 99.88 99.64 99.64 99.64 99.70 99.64 99.64 99.64 99.64 99.64 99.64 99.88 99.64 99.88 99.88 99.88
