#FILE 100535 100658 102333 102335 102338 103477 103504 106981 111772 113877 113879 113891 11514 132426 136943 137426 138448 141266 142725 145704 27431 27668 32790 49535 79106 85427 85877 88982 91549 92044 93702 94222 94721 94831 97219 97504 99339 99341
ECS88_3547 100.00 100.00 100.00 100.00 100.00 100.00 100.00 100.00 100.00 100.00 100.00 100.00 100.00 100.00 100.00 100.00 100.00 100.00 100.00 100.00 100.00 100.00 100.00 100.00 100.00 100.00 100.00 100.00 100.00 100.00 100.00 100.00 100.00 100.00 100.00 100.00 100.00 100.00
artj 79.78;99.86 79.78;99.86 99.86;79.78 79.23;99.86 99.86;79.23 79.23;99.86 99.86;79.23 79.23;99.86 99.86;79.23 79.23;99.86 99.86;79.23 99.86;79.23 99.86;79.23 99.86;79.78 99.86;79.78 79.78;99.86 99.86;79.78 79.23;99.86 99.86;79.78 99.86;79.78 99.86;79.23 99.86;79.78 99.86;79.23 99.86;79.78 79.78;99.86 99.86;79.78 99.86;79.37 99.86;79.78 79.78;99.86 99.86;79.78 99.86;79.78 99.86;79.78 79.78;99.86 79.23;99.86 99.86;79.78 99.86;79.23 79.23;99.86 99.86;79.23
cadA 94.12;98.02 94.12;98.02 94.12;98.02 98.02;94.21 94.21;98.02 98.02;94.21 94.21;98.02 98.02;94.21 94.21;98.02 98.02;94.21 98.02;94.21 98.02;94.21 94.21;98.02 94.12;98.02 94.12;98.02 94.12;98.02 94.12;98.02 98.02;94.21 94.12;98.02 94.12;98.02 98.02;94.21 94.12;98.02 98.02;94.21 94.12;98.02 94.12;98.02 94.12;98.02 94.12;98.02 94.12;98.02 94.12;98.02 94.12;98.02 94.12;98.02 94.12;98.02 94.12;98.02 98.02;94.21 94.12;98.02 98.02;94.21 94.21;98.02 94.21;98.02
ccdb 79.00 79.00 79.00 . . . . . . . . . 79.00 79.00 79.00 79.00 79.00 . 79.00 79.00 . . . . 79.00 79.00 . 79.00 79.00 79.00 79.00 79.00 79.00 . 79.00 . . .
cheA 99.75 99.75 99.75 99.75 99.75 99.75 99.75 99.75 99.75 99.75 99.75 99.75 99.75 99.75 99.75 99.75 99.75 99.75 99.75 99.75 99.75 99.75 99.75 99.75 99.75 99.75 99.69 99.75 99.75 99.75 99.75 99.75 99.75 99.75 99.75 99.75 99.75 99.75
cheB 99.81 99.81 99.81 99.81 99.81 99.81 99.81 99.81 99.81 99.81 99.81 99.81 99.81 99.81 99.81 99.81 99.81 99.81 99.81 99.81 99.81 99.81 99.81 99.81 99.81 99.81 99.81 99.81 99.81 99.81 99.81 99.81 99.81 99.81 99.81 99.81 99.81 99.81
cheR 100.00 100.00 100.00 100.00 100.00 100.00 100.00 100.00 100.00 100.00 100.00 100.00 100.00 100.00 100.00 100.00 100.00 100.00 100.00 100.00 100.00 100.00 100.00 100.00 100.00 100.00 100.00 100.00 100.00 100.00 100.00 100.00 100.00 100.00 100.00 100.00 100.00 100.00
cheW 100.00 100.00 100.00 100.00 100.00 100.00 100.00 100.00 100.00 100.00 100.00 100.00 100.00 100.00 100.00 100.00 100.00 100.00 100.00 100.00 100.00 100.00 100.00 100.00 100.00 100.00 100.00 100.00 100.00 100.00 100.00 100.00 100.00 100.00 100.00 100.00 100.00 100.00
cheY 100.00 100.00 100.00 100.00 100.00 100.00 100.00 100.00 100.00 100.00 100.00 100.00 100.00 100.00 100.00 100.00 100.00 100.00 100.00 100.00 100.00 100.00 100.00 100.00 100.00 100.00 100.00 100.00 100.00 100.00 100.00 100.00 100.00 100.00 100.00 100.00 100.00 100.00
cheZ 99.69 99.69 99.69 99.69 99.69 99.69 99.69 99.69 99.69 99.69 99.69 99.69 99.69 99.69 99.69 99.69 99.69 99.69 99.69 99.69 99.69 99.69 99.69 99.69 99.69 99.69 99.69 99.69 99.69 99.69 99.69 99.69 99.69 99.69 99.69 99.69 99.69 99.69
clpC 95.03 95.03 95.03 . . . . . . . . . . 95.03 95.03 95.03 95.03 . 95.03 95.03 . . . . 95.03 95.03 95.03 95.03 95.03 95.03 95.03 95.03 95.03 . 95.03 . . .
clpH 98.00 98.00 98.00 . . . . . . . . . . 98.00 98.00 98.00 98.00 . 98.00 98.00 . . . . 98.00 98.00 99.25 98.00 98.00 98.00 98.00 98.00 98.00 . 98.00 . . .
csgA 99.35 99.35 99.35 99.35 99.35 99.35 99.35 99.35 99.35 99.35 99.35 99.35 99.35 99.35 99.35 99.35 99.35 99.35 99.35 99.35 99.35 99.35 99.35 99.35 99.35 99.35 99.35 99.35 99.35 99.35 99.35 99.35 99.35 99.35 99.35 99.35 99.35 99.35
csgB 99.79 99.79 99.79 94.20 94.20 94.20 94.20 94.20 99.79 94.20 94.20 94.20 94.20 99.79 99.79 99.79 99.79 94.20 99.79 99.79 94.20 99.79 94.20 99.79 99.79 99.79 94.20 99.79 99.79 99.79 99.79 99.79 99.79 94.20 99.79 94.20 94.20 94.20
csgC 95.50 95.50 95.50 94.29 94.29 94.29 94.29 94.29 94.29 94.29 94.29 94.29 94.29 95.50 95.50 95.50 95.50 94.29 95.50 95.50 94.29 95.50 94.29 95.50 95.50 95.50 95.50 95.50 95.50 95.50 95.50 95.50 95.50 94.29 95.50 94.29 94.29 94.29
csgD 100.00 100.00 100.00 100.00 100.00 100.00 100.00 100.00 100.00 100.00 100.00 100.00 100.00 100.00 100.00 100.00 100.00 100.00 100.00 100.00 100.00 100.00 100.00 100.00 100.00 100.00 100.00 100.00 100.00 100.00 100.00 100.00 100.00 100.00 100.00 100.00 100.00 100.00
csgE 100.00 100.00 100.00 100.00 100.00 100.00 100.00 100.00 100.00 100.00 100.00 100.00 100.00 100.00 100.00 100.00 100.00 100.00 100.00 100.00 100.00 100.00 100.00 100.00 100.00 100.00 100.00 100.00 100.00 100.00 100.00 100.00 100.00 100.00 100.00 100.00 100.00 100.00
csgF 99.04 99.04 99.04 100.00 100.00 100.00 100.00 100.00 100.00 100.00 100.00 100.00 100.00 99.04 99.04 99.04 99.04 100.00 99.04 99.04 100.00 99.04 100.00 99.04 99.04 99.04 99.04 99.04 99.04 99.04 99.04 99.04 99.04 100.00 99.04 100.00 100.00 100.00
csgG 100.00 100.00 100.00 100.00 100.00 100.00 100.00 100.00 100.00 100.00 100.00 100.00 100.00 100.00 100.00 100.00 100.00 100.00 100.00 100.00 100.00 100.00 100.00 100.00 100.00 100.00 100.00 100.00 100.00 100.00 100.00 100.00 100.00 100.00 100.00 100.00 100.00 100.00
draA 71.57 71.57 71.57 . . . . . . . . . . 71.57 71.57 71.57 71.57 . 71.57 71.57 . . . . 71.57 71.57 . 71.57 71.57 71.57 71.57 71.57 71.57 . 71.57 . . .
ehaB 99.00 99.00 99.00 . . . . . . . . . . 99.00 99.00 99.00 99.00 . 99.00 99.00 . 99.00 . 99.00 99.00 99.00 . 99.00 99.00 99.00 99.00 99.00 99.00 . 99.00 . . .
entA 97.46 97.46 97.46 97.46 97.46 97.46 97.46 97.46 97.46 97.46 97.46 97.46 97.46 97.46 97.46 97.46 97.46 97.46 97.46 97.46 97.46 97.46 97.46 97.46 97.46 97.46 97.46 97.46 97.46 97.46 97.46 97.46 97.46 97.46 97.46 97.46 97.46 97.46
entB 99.18 99.18 99.18 99.18 99.18 99.18 99.18 99.18 99.18 99.18 99.18 99.18 99.18 99.18 99.18 99.18 99.18 99.18 99.18 99.18 99.18 99.18 99.18 99.18 99.18 99.18 99.18 99.18 99.18 99.18 99.18 99.18 99.18 99.18 99.18 99.18 99.18 99.18
entC 98.82 98.82 98.82 98.82 98.82 98.82 98.82 98.82 98.82 98.82 98.82 98.82 98.82 98.82 98.82 98.82 98.82 98.82 98.82 98.82 98.82 98.82 98.82 98.82 98.82 98.82 98.82 98.82 98.82 98.82 98.82 98.82 98.82 98.82 98.82 98.82 98.82 98.82
entE 99.07 99.07 99.07 99.07 99.07 99.07 99.07 99.07 99.07 99.07 99.07 99.07 99.07 99.07 99.07 99.07 99.07 99.07 99.07 99.07 99.07 99.07 99.07 99.07 99.07 99.07 99.07 99.07 99.07 99.07 99.07 99.07 99.07 99.07 99.07 99.07 99.07 99.07
entF 98.17 98.17 98.17 98.20 98.20 98.20 98.20 98.20 98.20 98.20 98.20 98.20 98.20 98.17 98.17 98.17 98.17 98.20 98.17 98.17 98.20 98.17 98.20 98.17 98.17 98.17 98.15 98.17 98.17 98.17 98.17 98.17 98.17 98.20 98.17 98.20 98.20 98.20
entS 98.08 98.08 98.08 98.08 98.08 98.08 98.08 98.08 98.08 98.08 98.08 98.08 98.08 98.08 98.08 98.08 98.08 98.08 98.08 98.08 98.08 98.08 98.08 98.08 98.08 98.08 98.08 98.08 98.08 98.08 98.08 98.08 98.08 98.08 98.08 98.08 98.08 98.08
epaP 92.79 92.79 92.79 92.79 92.79 92.79 92.79 92.79 92.79 92.79 92.79 92.79 92.79 92.79 92.79 92.79 92.79 92.79 92.79 92.79 92.79 92.79 92.79 92.79 92.79 92.79 92.79 92.79 92.79 92.79 92.79 92.79 92.79 92.79 92.79 92.79 92.79 92.79
epaQ 79.31 79.31 79.31 79.31 79.31 79.31 79.31 79.31 79.31 79.31 79.31 79.31 79.31 79.31 79.31 79.31 79.31 79.31 79.31 79.31 79.31 79.31 79.31 79.31 79.31 79.31 79.31 79.31 79.31 79.31 79.31 79.31 79.31 79.31 79.31 79.31 79.31 79.31
faeD 96.60 96.60 96.60 . . . . . . . . . . 96.60 96.60 96.60 96.60 . 96.60 96.60 . . . . 96.60 96.60 96.60 96.60 96.60 96.60 96.60 96.60 96.60 . 96.60 . . .
faeE 86.18;82.35 86.18;82.35 82.35;86.18 . . . . . . . . . . 86.18;82.35 86.18;82.35 86.18;82.35 86.18;82.35 . 82.35;86.18 82.35;86.18 . . . . 86.18;82.35 86.18;82.35 82.35;86.18 86.18;82.35 86.18;82.35 86.18;82.35 86.18;82.35 86.18;82.35 82.35;86.18 . 82.35;86.18 . . .
faeI 97.65 97.65 97.65 . . . . . . . . . . 97.65 97.65 97.65 97.65 . 97.65 97.65 . . . . 97.65 97.65 98.04 97.65 97.65 97.65 97.65 97.65 97.65 . 97.65 . . .
faeJ . . . . . . . . . . . . . . . . . . . . . . . . . . 82.17 . . . . . . . . . . .
fepA 99.24 99.24 99.24 99.15 99.15 99.15 99.15 99.15 99.15 99.15 99.15 99.15 99.15 99.24 99.24 99.24 99.24 99.15 99.24 99.24 99.15 99.24 99.15 99.24 99.24 99.24 98.84 99.24 99.24 99.24 99.24 99.24 99.24 99.15 99.24 99.15 99.15 99.15
fepB 90.70 90.70 90.70 90.70 90.70 90.70 90.70 90.70 90.70 90.70 90.70 90.70 90.70 90.70 90.70 90.70 90.70 90.70 90.70 90.70 90.70 90.70 90.70 90.70 90.70 90.70 90.70 90.70 90.70 90.70 90.70 90.70 90.70 90.70 90.70 90.70 90.70 90.70
fepC 96.45 96.45 96.45 96.45 96.45 96.45 96.45 96.45 96.45 96.45 96.45 96.45 96.45 96.45 96.45 96.45 96.45 96.45 96.45 96.45 96.45 96.45 96.45 96.45 96.45 96.45 96.45 96.45 96.45 96.45 96.45 96.45 96.45 96.45 96.45 96.45 96.45 96.45
fepD 97.35 97.35 97.35 98.33 98.33 98.33 98.33 98.33 98.33 98.33 98.33 98.33 98.33 97.35 97.35 97.35 97.35 98.33 97.35 97.35 98.33 97.35 98.33 97.35 97.35 97.35 97.35 97.35 97.35 97.35 97.35 97.35 97.35 98.33 97.35 98.33 98.33 98.33
fepE 83.51 83.51 83.51 89.24 89.24 89.24 89.24 89.24 89.24 89.24 89.24 89.24 89.24 83.51 83.51 83.51 83.51 89.24 83.51 83.51 89.24 89.15 89.24 89.15 83.51 83.51 89.33 83.51 83.51 83.51 83.51 83.51 83.51 89.24 83.51 89.24 89.24 89.24
fepG 91.54 91.54 91.54 91.54 91.54 91.54 91.54 91.54 91.54 91.54 91.54 91.54 91.54 91.54 91.54 91.54 91.54 91.54 91.54 91.54 91.54 91.54 91.54 91.54 91.54 91.54 91.54 91.54 91.54 91.54 91.54 91.54 91.54 91.54 91.54 91.54 91.54 91.54
fes 96.92 96.92 96.92 96.92 96.92 96.92 96.92 96.92 96.92 96.92 96.92 96.92 96.92 96.92 96.92 96.92 96.92 96.92 96.92 96.92 96.92 96.92 96.92 96.92 96.92 96.92 96.92 96.92 96.92 96.92 96.92 96.92 96.92 96.92 96.92 96.92 96.92 96.92
fimI 100.00 100.00 100.00 . . . . . . . . . . 100.00 100.00 100.00 100.00 . 100.00 100.00 . 100.00 . 100.00 100.00 100.00 . 100.00 100.00 100.00 100.00 100.00 100.00 . 100.00 . . .
flgA 77.27 77.27 77.27 77.27 77.27 77.27 77.27 77.27 77.27 77.27 77.27 77.27 77.27 77.27 77.27 77.27 77.27 77.27 77.27 77.27 77.27 77.27 77.27 77.27 77.27 77.27 80.91 77.27 77.27 77.27 77.27 77.27 77.27 77.27 77.27 77.27 77.27 77.27
flgB 100.00 100.00 100.00 100.00 100.00 100.00 100.00 100.00 100.00 100.00 100.00 100.00 100.00 100.00 100.00 100.00 100.00 100.00 100.00 100.00 100.00 100.00 100.00 100.00 100.00 100.00 100.00 100.00 100.00 100.00 100.00 100.00 100.00 100.00 100.00 100.00 100.00 100.00
flgC 99.75 99.75 99.75 99.75 99.75 99.75 99.75 99.75 99.75 99.75 99.75 99.75 99.75 99.75 99.75 99.75 99.75 99.75 99.75 99.75 99.75 99.75 99.75 99.75 99.75 99.75 99.75 99.75 99.75 99.75 99.75 99.75 99.75 99.75 99.75 99.75 99.75 99.75
flgD 100.00 100.00 100.00 100.00 100.00 100.00 100.00 100.00 100.00 100.00 100.00 100.00 100.00 100.00 100.00 100.00 100.00 100.00 100.00 100.00 100.00 100.00 100.00 100.00 100.00 100.00 100.00 100.00 100.00 100.00 100.00 100.00 100.00 100.00 100.00 100.00 100.00 100.00
flgE 99.83 99.83 99.83 99.83 99.83 99.83 99.83 99.83 99.83 99.83 99.83 99.83 99.83 99.83 99.83 99.83 99.83 99.83 99.83 99.83 99.83 99.83 99.83 99.83 99.83 99.83 99.83 99.83 99.83 99.83 99.83 99.83 99.83 99.83 99.83 99.83 99.83 99.83
flgF 99.74 99.74 99.74 99.74 99.74 99.74 99.74 99.74 99.74 99.74 99.74 99.74 99.74 99.74 99.74 99.74 99.74 99.74 99.74 99.74 99.74 99.74 99.74 99.74 99.74 99.74 99.74 99.74 99.74 99.74 99.74 99.74 99.74 99.74 99.74 99.74 99.74 99.74
flgG 100.00 100.00 100.00 100.00 100.00 100.00 100.00 100.00 100.00 100.00 100.00 100.00 100.00 100.00 100.00 100.00 100.00 100.00 100.00 100.00 100.00 100.00 100.00 100.00 100.00 100.00 100.00 100.00 100.00 100.00 100.00 100.00 100.00 100.00 100.00 100.00 100.00 100.00
flgH 92.27 92.27 92.27 92.27 92.27 92.27 92.27 92.27 92.27 92.27 92.27 92.27 92.27 92.27 92.27 92.27 92.27 92.27 92.27 92.27 92.27 92.27 92.27 92.27 92.27 92.27 92.27 92.27 92.27 92.27 92.27 92.27 92.27 92.27 92.27 92.27 92.27 92.27
flgI 99.73 99.73 99.73 99.73 99.73 99.73 99.73 99.73 99.73 99.73 99.73 99.73 99.73 99.73 99.73 99.73 99.73 99.73 99.73 99.73 99.73 99.73 99.73 99.73 99.73 99.73 99.73 99.73 99.73 99.73 99.73 99.73 99.73 99.73 99.73 99.73 99.73 99.73
flgJ 99.58 99.58 99.58 99.58 99.58 99.58 99.58 99.58 99.58 99.58 99.58 99.58 99.58 99.58 99.58 99.58 99.58 99.58 99.58 99.58 99.58 99.58 99.58 99.58 99.58 99.58 99.58 99.58 99.58 99.58 99.58 99.58 99.58 99.58 99.58 99.58 99.58 99.58
flgK 99.03 99.03 99.03 99.03 99.03 99.03 99.03 99.03 99.03 99.03 99.03 99.03 99.03 99.03 99.03 99.03 99.03 99.03 99.03 99.03 99.03 99.03 99.03 99.03 99.03 99.03 99.03 99.03 99.03 99.03 99.03 99.03 99.03 99.03 99.03 99.03 99.03 99.03
flgL 99.27 99.27 99.27 99.27 99.27 99.27 99.27 99.27 99.27 99.27 99.27 99.27 99.27 99.27 99.27 99.27 99.27 99.27 99.27 99.27 99.27 99.27 99.27 99.27 99.27 99.27 99.27 99.27 99.27 99.27 99.27 99.27 99.27 99.27 99.27 99.27 99.27 99.27
flgN 98.80 98.80 98.80 98.80 98.80 98.80 98.80 98.80 98.80 98.80 98.80 98.80 98.80 98.80 98.80 98.80 98.80 98.80 98.80 98.80 98.80 98.80 98.80 98.80 98.80 98.80 98.80 98.80 98.80 98.80 98.80 98.80 98.80 98.80 98.80 98.80 98.80 98.80
flhA 99.66 99.66 99.66 99.66 99.66 99.66 99.66 99.66 99.66 99.66 99.66 99.66 99.66 99.66 99.66 99.66 99.66 99.66 99.66 99.66 99.66 99.66 99.66 99.66 99.66 99.66 99.66 99.66 99.66 99.66 99.66 99.66 99.66 99.66 99.66 99.66 99.66 99.66
flhB 98.61 98.61 98.61 98.61 98.61 98.61 98.61 98.61 98.61 98.61 98.61 98.61 98.61 98.61 98.61 98.61 98.61 98.61 98.61 98.61 98.61 98.61 98.61 98.61 98.61 98.61 98.61 98.61 98.61 98.61 98.61 98.61 98.61 98.61 98.61 98.61 98.61 98.61
flhC 100.00 100.00 100.00 100.00 100.00 100.00 100.00 100.00 100.00 100.00 100.00 100.00 100.00 100.00 100.00 100.00 100.00 100.00 100.00 100.00 100.00 100.00 100.00 100.00 100.00 100.00 100.00 100.00 100.00 100.00 100.00 100.00 100.00 100.00 100.00 100.00 100.00 100.00
flhD 86.39 86.39 86.39 86.39 86.39 86.39 86.39 86.39 86.39 86.39 86.39 86.39 86.39 86.39 86.39 86.39 86.39 86.39 86.39 86.39 86.39 86.39 86.39 86.39 86.39 86.39 86.39 86.39 86.39 86.39 86.39 86.39 86.39 86.39 86.39 86.39 86.39 86.39
flhE 92.62 92.62 92.62 92.62 92.62 92.62 92.62 92.62 92.62 92.62 92.62 92.62 92.62 92.62 92.62 92.62 92.62 92.62 92.62 92.62 92.62 92.62 92.62 92.62 92.62 92.62 92.62 92.62 92.62 92.62 92.62 92.62 92.62 92.62 92.62 92.62 92.62 92.62
fliA 99.86 99.86 99.86 99.86 99.86 99.86 99.86 99.86 99.86 99.86 99.86 99.86 99.86 99.86 99.86 99.86 99.86 99.86 99.86 99.86 99.86 99.86 99.86 99.86 99.86 99.86 99.86 99.86 99.86 99.86 99.86 99.86 99.86 99.86 99.86 99.86 99.86 99.86
fliE 99.68 99.68 99.68 99.68 99.68 99.68 99.68 99.68 99.68 99.68 99.68 99.68 99.68 99.68 99.68 99.68 99.68 99.68 99.68 99.68 99.68 99.68 99.68 99.68 99.68 99.68 99.68 99.68 99.68 99.68 99.68 99.68 99.68 99.68 99.68 99.68 99.68 99.68
fliF 99.40 99.40 99.40 99.40 99.40 99.40 99.40 99.40 99.40 99.40 99.40 99.40 99.40 99.40 99.40 99.40 99.40 99.40 99.40 99.40 99.40 99.40 99.40 99.40 99.40 99.40 99.40 99.40 99.40 99.40 99.40 99.40 99.40 99.40 99.40 99.40 99.40 99.40
fliG 99.80 99.80 99.80 99.80 99.80 99.80 99.80 99.80 99.80 99.80 99.80 99.80 99.80 99.80 99.80 99.80 99.80 99.80 99.80 99.80 99.80 99.80 99.80 99.80 99.80 99.80 99.80 99.80 99.80 99.80 99.80 99.80 99.80 99.80 99.80 99.80 99.80 99.80
fliH 81.66 81.66 81.66 82.10 82.10 82.10 82.10 82.10 82.10 82.10 82.10 82.10 82.10 81.66 81.66 81.66 81.66 82.10 81.66 81.66 82.10 81.66 82.10 81.66 81.66 81.66 82.10 81.66 81.66 81.66 81.66 81.66 81.66 82.10 81.66 82.10 82.10 82.10
fliI 99.49 99.49 99.49 98.98 98.98 98.98 98.98 98.98 98.98 98.98 98.98 98.98 98.98 99.49 99.49 99.49 99.49 98.98 99.49 99.49 98.98 99.49 98.98 99.49 99.49 99.49 99.34 99.49 99.49 99.49 99.49 99.49 99.49 98.98 99.49 98.98 98.98 98.98
fliJ 100.00 100.00 100.00 100.00 100.00 100.00 100.00 100.00 100.00 100.00 100.00 100.00 100.00 100.00 100.00 100.00 100.00 100.00 100.00 100.00 100.00 100.00 100.00 100.00 100.00 100.00 100.00 100.00 100.00 100.00 100.00 100.00 100.00 100.00 100.00 100.00 100.00 100.00
fliL 98.92 98.92 98.92 99.14 99.14 99.14 99.14 99.14 99.14 99.14 99.14 99.14 99.14 98.92 98.92 98.92 98.92 99.14 98.92 98.92 99.14 98.92 99.14 98.92 98.92 98.92 98.92 98.92 98.92 98.92 98.92 98.92 98.92 99.14 98.92 99.14 99.14 99.14
fliM 100.00 100.00 100.00 100.00 100.00 100.00 100.00 100.00 100.00 100.00 100.00 100.00 100.00 100.00 100.00 100.00 100.00 100.00 100.00 100.00 100.00 100.00 100.00 100.00 100.00 100.00 100.00 100.00 100.00 100.00 100.00 100.00 100.00 100.00 100.00 100.00 100.00 100.00
fliN 99.76 99.76 99.76 99.76 99.76 99.76 99.76 99.76 99.76 99.76 99.76 99.76 99.76 99.76 99.76 99.76 99.76 99.76 99.76 99.76 99.76 99.76 99.76 99.76 99.76 99.76 99.76 99.76 99.76 99.76 99.76 99.76 99.76 99.76 99.76 99.76 99.76 99.76
fliO . . . . . . . . . . . . . . . . . . . . . . . . . . 87.43 . . . . . . . . . . .
fliP 95.66 95.66 95.66 95.66 95.66 95.66 95.66 95.66 95.66 95.66 95.66 95.66 95.66 95.66 95.66 95.66 95.66 95.66 95.66 95.66 95.66 95.66 95.66 95.66 95.66 95.66 95.66 95.66 95.66 95.66 95.66 95.66 95.66 95.66 95.66 95.66 95.66 95.66
fliQ 99.63 99.63 99.63 99.63 99.63 99.63 99.63 99.63 99.63 99.63 99.63 99.63 99.63 99.63 99.63 99.63 99.63 99.63 99.63 99.63 99.63 99.63 99.63 99.63 99.63 99.63 99.63 99.63 99.63 99.63 99.63 99.63 99.63 99.63 99.63 99.63 99.63 99.63
fliR 99.62 99.62 99.62 99.62 99.62 99.62 99.62 99.62 99.62 99.62 99.62 99.62 99.62 99.62 99.62 99.62 99.62 99.62 99.62 99.62 99.62 99.62 99.62 99.62 99.62 99.62 99.62 99.62 99.62 99.62 99.62 99.62 99.62 99.62 99.62 99.62 99.62 99.62
fliY 100.00 100.00 100.00 100.00 100.00 100.00 100.00 100.00 100.00 100.00 100.00 100.00 100.00 100.00 100.00 100.00 100.00 100.00 100.00 100.00 100.00 100.00 100.00 100.00 100.00 100.00 100.00 100.00 100.00 100.00 100.00 100.00 100.00 100.00 100.00 100.00 100.00 100.00
fliZ 82.65 82.65 82.65 82.65 82.65 82.65 82.65 82.65 82.65 82.65 82.65 82.65 82.65 82.65 82.65 82.65 82.65 82.65 82.65 82.65 82.65 82.65 82.65 82.65 82.65 82.65 82.65 82.65 82.65 82.65 82.65 82.65 82.65 82.65 82.65 82.65 82.65 82.65
fyuA 100.00 100.00 100.00 . . . . . . . . . . 100.00 100.00 100.00 100.00 . 100.00 100.00 . . . . 100.00 100.00 . 100.00 100.00 100.00 100.00 100.00 100.00 . 100.00 . . .
hlyE . . . 100.00 100.00 100.00 100.00 100.00 100.00 100.00 100.00 100.00 100.00 . . . . 100.00 . . 100.00 . 100.00 . . . 100.00 . . . . . . 100.00 . 100.00 100.00 .
hofB 93.00 93.00 93.00 93.00 93.00 93.00 93.00 93.00 93.00 93.00 93.00 93.00 93.00 93.00 93.00 93.00 93.00 93.00 93.00 93.00 93.00 93.00 93.00 93.00 93.00 93.00 93.00 93.00 93.00 93.00 93.00 93.00 93.00 93.00 93.00 93.00 92.86 93.00
hofC 87.03 87.03 87.03 86.12 86.12 86.12 86.12 86.12 86.12 86.12 86.12 86.12 86.12 87.03 87.03 87.03 87.03 86.12 87.03 87.03 86.12 87.03 86.12 87.03 87.03 87.03 86.37 87.03 87.03 87.03 87.03 87.03 87.03 86.12 87.03 86.12 86.12 86.12
hofq 96.05 96.05 96.05 96.05 96.05 96.05 96.05 96.05 96.05 96.05 96.05 96.05 96.05 96.05 96.05 96.05 96.05 96.05 96.05 96.05 96.05 96.05 96.05 96.05 96.05 96.05 96.05 96.05 96.05 96.05 96.05 96.05 96.05 96.05 96.05 96.05 96.05 96.05
ibeB . . . . . . . . . . . . . . . . . . . . . . . . . . 93.78 . . . . . . . . . . .
ibeC 99.94 99.94 99.94 99.94 99.94 99.94 99.94 99.94 99.94 99.94 99.94 99.94 99.94 99.94 99.94 99.94 99.94 99.94 99.94 99.94 99.94 99.94 99.94 99.94 99.94 99.94 99.94 99.94 99.94 99.94 99.94 99.94 99.94 99.94 99.94 99.94 99.94 99.94
int 100.00 100.00 100.00 . . . . . . . . . . 100.00 100.00 . 100.00 . 100.00 100.00 . . . . . 100.00 . 100.00 100.00 85.50 100.00 100.00 100.00 . 100.00 . . .
iroB 94.59 94.59 94.59 94.59 94.59 94.59 94.59 94.59 94.59 94.59 94.59 94.59 94.59 94.59 94.59 94.59 94.59 94.59 94.59 94.59 94.59 94.59 94.59 94.59 94.59 94.59 94.59 94.59 94.59 94.59 94.59 94.59 94.59 94.59 94.59 94.59 94.59 94.59
iroC 96.23 96.23 96.23 96.23 96.23 96.23 96.23 96.23 96.23 96.23 96.23 96.23 96.23 96.23 96.23 96.23 96.23 96.23 96.23 96.23 96.23 96.23 96.23 96.23 96.23 96.23 96.28 96.23 96.23 96.23 96.23 96.23 96.23 96.23 96.23 96.23 96.23 96.23
iroD 90.98 90.98 90.98 94.39 94.39 94.39 94.39 94.39 94.39 94.39 94.39 94.39 94.39 90.98 90.98 90.98 90.98 94.39 90.98 90.98 94.39 90.98 94.39 90.98 90.98 90.98 94.07 90.98 90.98 90.98 90.98 90.98 90.98 94.39 90.98 94.39 94.39 94.39
iroE 85.58 85.58 85.58 85.58 85.58 85.58 85.58 85.58 85.58 85.58 85.58 85.58 85.58 85.58 85.58 85.58 85.58 85.58 85.58 85.58 85.58 85.58 85.58 85.58 85.58 85.58 85.58 85.58 85.58 85.58 85.58 85.58 85.58 85.58 85.58 85.58 85.58 85.58
iroN 99.77 99.77 99.77 99.77 99.77 99.77 99.77 99.77 99.77 99.77 99.77 99.77 99.77 99.77 99.77 99.77 99.77 99.77 99.77 99.77 99.82 99.77 99.77 99.77 99.77 99.77 99.77 99.77 99.77 99.77 99.77 99.77 99.77 99.77 99.77 99.77 99.77 99.77
irp1 100.00 100.00 100.00 . . . . . . . . . . 100.00 100.00 100.00 100.00 . 100.00 100.00 . . . . 100.00 100.00 . 100.00 100.00 100.00 100.00 100.00 100.00 . 100.00 . . .
irp2 99.71 90.27 99.71 . . . . . . . . . . 99.71 99.71 99.71 99.71 . 99.71 99.71 . . . . 99.71 99.71 . 99.71 99.71 99.71 99.71 99.71 99.71 . 99.71 . . .
lpfao113 . . . 93.89 93.89 93.89 93.89 93.89 91.62 93.89 93.89 93.89 93.89 . . . . 93.89 . . . . 93.89 . . . . . . . . . . 93.89 . 93.89 93.89 93.89
motA 100.00 100.00 100.00 100.00 100.00 100.00 100.00 100.00 100.00 100.00 100.00 100.00 100.00 100.00 100.00 100.00 100.00 100.00 100.00 100.00 100.00 100.00 100.00 100.00 100.00 100.00 100.00 100.00 100.00 100.00 100.00 100.00 100.00 100.00 100.00 100.00 100.00 100.00
motB 100.00 100.00 100.00 100.00 100.00 100.00 100.00 100.00 100.00 100.00 100.00 100.00 100.00 100.00 100.00 100.00 100.00 100.00 100.00 100.00 100.00 100.00 100.00 100.00 100.00 100.00 100.00 100.00 100.00 100.00 100.00 100.00 100.00 100.00 100.00 100.00 100.00 100.00
nada 99.23 99.23 99.23 99.23 99.23 99.23 99.23 99.23 99.23 99.23 99.23 99.23 99.23 99.23 99.23 99.23 99.23 99.23 99.23 99.23 99.23 99.23 99.23 99.23 99.23 99.23 99.23 99.23 99.23 99.23 99.23 99.23 99.23 99.23 99.23 99.23 99.23 99.23
nadb 99.20 99.20 99.20 99.20 99.20 99.20 99.20 99.20 99.20 99.20 99.20 99.20 99.20 99.20 99.20 99.20 99.20 99.20 99.20 99.20 99.20 99.20 99.20 99.20 99.20 99.20 99.20 99.20 99.20 99.20 99.20 99.20 99.20 99.20 99.20 99.20 99.20 99.20
nleB1 89.80;90.40 89.80;90.40 89.80;90.40 83.23 83.23 83.23 83.23 83.23 83.23 83.23 83.23 83.23 83.23 89.80;90.40 89.80;90.40 89.80;90.40 89.80;90.40 83.23 89.80;90.40 89.80;90.40 83.23 89.80;90.40 83.23 89.80;90.40 89.80;90.40 89.80;90.40 89.90 89.80;90.40 89.80;90.40 89.80;90.40 89.80;90.40 89.80;90.40 89.80;90.40 83.23 89.80;90.40 83.23 83.23 83.23
ompA 100.00 100.00 100.00 100.00 100.00 100.00 100.00 100.00 100.00 100.00 100.00 100.00 100.00 100.00 100.00 100.00 100.00 100.00 100.00 100.00 100.00 100.00 100.00 100.00 100.00 100.00 100.00 100.00 100.00 100.00 100.00 100.00 100.00 100.00 100.00 100.00 100.00 100.00
ppdD 99.09 99.09 99.09 99.09 99.09 99.09 99.09 99.09 99.09 99.09 99.09 99.09 99.09 99.09 99.09 99.09 99.09 99.09 99.09 99.09 99.09 99.09 99.09 99.09 99.09 99.09 99.09 99.09 99.09 99.09 99.09 99.09 99.09 99.09 99.09 99.09 99.09 99.09
ppda 92.99 92.99 92.99 92.99 92.99 92.99 92.99 92.99 92.99 92.99 92.99 92.99 92.99 92.99 92.99 92.99 92.99 92.99 92.99 92.99 92.99 92.99 92.99 92.99 92.99 92.99 92.99 92.99 92.99 92.99 92.99 92.99 92.99 92.99 92.99 92.99 92.99 92.99
ppdb 96.81 96.81 96.81 96.81 96.81 96.81 96.81 96.81 96.81 96.81 96.81 96.81 96.81 96.81 96.81 96.81 96.81 96.81 96.81 96.81 96.81 96.81 96.81 96.81 96.81 96.81 96.81 96.81 96.81 96.81 96.81 96.81 96.81 96.81 96.81 96.81 96.81 96.81
ppdc 94.75 94.75 94.75 94.75 94.75 94.75 94.75 94.75 85.19 94.75 94.75 94.75 94.75 94.75 94.75 94.75 94.75 94.75 94.75 94.75 94.75 94.75 94.75 94.75 94.75 94.75 94.75 94.75 94.75 94.75 94.75 94.75 94.75 94.75 94.75 94.75 94.75 94.75
sitA 85.14 85.14 85.14 84.92 84.92 84.92 84.92 84.92 84.92 84.92 84.92 84.92 84.92 85.14 85.14 85.14 85.14 84.92 85.14 85.14 84.92 85.14 84.92 85.14 85.14 85.14 84.37 85.14 85.14 85.14 85.14 85.14 85.14 84.92 85.14 84.92 84.92 84.92
sitB 94.08 94.08 94.08 93.96 93.96 93.96 93.96 93.96 93.96 93.96 93.96 93.96 93.96 94.08 94.08 94.08 94.08 93.96 94.08 94.08 93.96 94.08 93.96 94.08 94.08 94.08 94.08 94.08 94.08 94.08 94.08 94.08 94.08 93.96 94.08 93.96 93.96 93.96
sitC 96.74 96.74 96.74 96.74 96.74 96.74 96.74 96.74 96.74 96.74 96.74 96.74 96.74 96.74 96.74 96.74 96.74 96.74 96.74 96.74 96.74 96.74 96.74 96.74 96.74 96.74 96.74 96.74 96.74 96.74 96.74 96.74 96.74 96.74 96.74 96.74 96.74 96.74
sitD 74.97 74.97 74.97 87.76 87.76 87.76 87.76 87.76 87.76 87.76 87.76 87.76 87.76 74.97 74.97 74.97 74.97 87.76 74.97 74.97 87.76 74.97 87.76 74.97 74.97 74.97 74.13 74.97 74.97 74.97 74.97 74.97 74.97 87.76 74.97 87.76 87.76 87.76
stgB . . . 72.68 72.68 72.68 72.68 72.68 72.68 72.68 72.68 72.68 72.68 . . . . 72.68 . . . . 72.68 . . . . . . . . . . 72.68 . 72.68 72.68 72.68
stgC . . . 87.51 87.51 . 87.51 87.51 87.51 . . . 87.51 . . . . . . . . . . . . . . . . . . . . . . . 87.51 87.51
tar/cheM 93.08 93.08 93.08 93.08 93.08 93.08 93.08 93.08 93.08 93.08 93.08 93.08 93.08 93.08 93.08 93.08 93.08 93.08 93.08 93.08 93.08 93.08 93.08 93.08 93.08 93.08 93.08 93.08 93.08 93.08 93.08 93.08 93.08 93.08 93.08 93.08 93.08 93.08
traJ . . . . . . . . . . . . 96.20 . . . . . . . . . . . . . . . . . . . . . . . . .
trat . . . . . . . . . . . . 98.91 . . . . . . . . . . . . . . . . . 100.00 . 100.00 . 100.00 . . .
ybtA 100.00 100.00 100.00 . . . . . . . . . . 100.00 100.00 100.00 100.00 . 100.00 100.00 . . . . 100.00 100.00 . 100.00 100.00 100.00 100.00 100.00 100.00 . 100.00 . . .
ybtE 100.00 100.00 100.00 . . . . . . . . . . 100.00 100.00 100.00 100.00 . 100.00 100.00 . . . . 100.00 100.00 . 100.00 100.00 100.00 100.00 100.00 100.00 . 100.00 . . .
ybtP 100.00 100.00 100.00 . . . . . . . . . . 100.00 100.00 100.00 100.00 . 100.00 100.00 . . . . 100.00 100.00 . 100.00 100.00 100.00 100.00 100.00 100.00 . 100.00 . . .
ybtQ 98.52 98.52 98.52 . . . . . . . . . . 98.52 98.52 98.52 98.52 . 98.52 98.52 . . . . 98.52 98.52 . 98.52 98.52 98.52 98.52 98.52 98.52 . 98.52 . . .
ybtS 99.62 99.62 99.62 . . . . . . . . . . 99.62 99.62 99.62 99.62 . 83.07 99.62 . . . . 99.62 99.62 . 99.62 99.62 99.62 99.62 99.62 99.62 . 99.62 . . .
ybtT 100.00 100.00 100.00 . . . . . . . . . . 100.00 100.00 100.00 100.00 . 100.00 100.00 . . . . 100.00 100.00 . 100.00 100.00 100.00 100.00 100.00 100.00 . 100.00 . . .
ybtU 94.83 94.83 94.83 . . . . . . . . . . 94.83 94.83 94.83 94.83 . 94.83 94.83 . . . . 94.83 94.83 . 94.83 94.83 94.83 94.83 94.83 94.83 . 94.83 . . .
ybtX 91.24 91.24 91.24 . . . . . . . . . . 91.24 91.24 91.24 91.24 . 91.24 91.24 . . . . 91.24 91.24 . 91.24 91.24 91.24 91.24 91.24 91.24 . 91.24 . . .
yggr 95.01 95.01 95.01 95.01 95.01 95.01 95.01 95.01 95.01 95.01 95.01 95.01 95.01 95.01 95.01 95.01 95.01 95.01 95.01 95.01 95.01 95.01 95.01 95.01 95.01 95.01 95.01 95.01 95.01 95.01 95.01 95.01 95.01 95.01 95.01 95.01 95.01 95.01
