#FILE 100535 100658 102333 102335 102338 103477 103504 106981 111772 113877 113879 113891 11514 132426 136943 137426 138448 141266 142725 145704 27431 27668 32790 49535 79106 85427 85877 88982 91549 92044 93702 94222 94721 94831 97219 97504 99339 99341
AAC6-PRIME 100.00 100.00 100.00 100.00 100.00 . 100.00 100.00 100.00 . . . . 100.00 100.00 100.00 100.00 . 100.00 100.00 . 100.00 . 100.00 100.00 100.00 100.00 100.00 100.00 100.00 100.00 100.00 100.00 . 100.00 . 100.00 100.00
ACRA 100.00 100.00 100.00 100.00 100.00 100.00 100.00 100.00 100.00 100.00 100.00 100.00 100.00 100.00 100.00 100.00 100.00 100.00 100.00 100.00 100.00 100.00 100.00 100.00 100.00 100.00 100.00 100.00 100.00 100.00 100.00 100.00 100.00 100.00 100.00 100.00 100.00 100.00
ACRB 99.40 99.40 99.40 99.40 99.40 99.40 99.40 99.40 99.40 99.40 99.40 99.40 99.40 99.40 99.40 99.40 99.40 99.40 99.40 99.40 99.40 99.40 99.40 99.40 99.40 99.40 99.40 99.40 99.40 99.40 99.40 99.40 99.40 99.40 99.40 99.40 99.40 99.40
ACRD 100.00 100.00 100.00 100.00 100.00 100.00 100.00 100.00 100.00 100.00 100.00 100.00 100.00 100.00 100.00 100.00 100.00 100.00 100.00 100.00 100.00 100.00 100.00 100.00 100.00 100.00 100.00 100.00 100.00 100.00 100.00 100.00 100.00 100.00 100.00 100.00 100.00 100.00
ACRE 98.53 98.53 98.53 98.53 98.53 . 98.53 98.53 . . . . . 98.53 98.53 98.53 98.53 . 98.53 98.53 98.53 98.53 . 98.53 98.53 98.53 98.53 98.53 98.53 98.53 98.53 98.53 98.53 . 98.53 . 98.53 98.53
ACRF 99.10 99.10 99.10 99.10 99.10 . 99.10 99.10 . . . . . 99.10 99.10 99.10 99.10 . 99.10 99.10 99.10 99.10 . 99.10 99.10 99.10 99.10 99.10 99.10 99.10 85.86 99.10 99.10 . 85.86 . 99.10 99.10
ACRS 91.55 91.55 91.55 91.55 91.55 . 91.55 91.55 . . . . . 91.55 91.55 91.55 91.55 . 91.55 91.55 91.55 91.55 . 91.55 91.55 91.55 91.55 91.55 91.55 91.55 91.55 91.55 91.55 . 91.55 . 91.55 91.55
ACT 96.55 96.55 96.55 96.55 96.55 96.55 96.55 96.55 96.55 96.55 96.55 96.55 96.55 96.55 96.55 96.55 96.55 96.55 96.55 96.55 96.55 96.55 96.55 96.55 96.55 96.55 96.55 96.55 96.55 96.55 96.55 96.55 96.55 96.55 96.55 96.55 96.55 96.55
AMPH 100.00 100.00 100.00 100.00 100.00 100.00 100.00 100.00 100.00 100.00 100.00 100.00 100.00 100.00 100.00 100.00 100.00 100.00 100.00 100.00 100.00 100.00 100.00 100.00 100.00 100.00 100.00 100.00 100.00 100.00 100.00 100.00 100.00 100.00 100.00 100.00 100.00 100.00
ANT3-DPRIME 100.00 98.48 98.48 . . . . . . . . . . 98.48 . . . . . 98.48 . . . . . 98.48 . 98.48 . 100.00 98.48;100.00 98.48 98.48;100.00 . 100.00;98.48 . . .
APH3-DPRIME . 100.00 . . . . . . . . . . . . . 100.00 . . 100.00 100.00 . . . . 100.00 . . . . 100.00 . 100.00 . . . . . .
APH6 . . . . . . . . . . . . . . . . . . . . . . . . . . 100.00 . . . . . . . . . . .
ARNA 96.48 96.48 96.48 96.38 96.38 96.38 96.38 96.38 96.38 96.38 96.38 96.38 96.38 96.48 96.48 96.48 96.48 96.38 96.48 96.48 96.38 96.48 96.38 96.48 96.48 96.48 93.82 96.48 96.48 96.48 96.48 96.48 96.48 96.38 96.48 96.38 96.38 96.38
ASMA 99.57 99.57 99.57 99.57 99.57 99.57 99.57 99.57 99.57 99.57 99.57 99.57 99.57 99.57 99.57 99.57 99.57 99.57 99.57 99.57 99.57 99.57 99.57 99.57 99.57 99.57 99.57 99.57 99.57 99.57 99.57 99.57 99.57 99.57 99.57 99.57 99.57 99.57
BACA 99.39 99.39 99.39 99.39 99.39 99.39 99.39 99.39 99.39 99.39 99.39 99.39 99.39 99.39 99.39 99.39 99.39 99.39 99.39 99.39 99.39 99.39 99.39 99.39 99.39 99.39 99.39 99.39 99.39 99.39 99.39 99.39 99.39 99.39 99.39 99.39 99.39 99.39
BAER 100.00 100.00 100.00 100.00 100.00 100.00 100.00 100.00 100.00 100.00 100.00 100.00 100.00 100.00 100.00 100.00 100.00 100.00 100.00 100.00 100.00 100.00 100.00 100.00 100.00 100.00 100.00 100.00 100.00 100.00 100.00 100.00 100.00 100.00 100.00 100.00 100.00 100.00
BAES 100.00 100.00 100.00 100.00 100.00 100.00 100.00 100.00 100.00 100.00 100.00 100.00 100.00 100.00 100.00 100.00 100.00 100.00 100.00 100.00 100.00 100.00 100.00 100.00 100.00 100.00 100.00 100.00 100.00 100.00 100.00 100.00 100.00 100.00 100.00 100.00 100.00 100.00
BCR 100.00 100.00 100.00 100.00 100.00 100.00 100.00 100.00 100.00 100.00 100.00 100.00 100.00 100.00 100.00 100.00 100.00 100.00 100.00 100.00 100.00 100.00 100.00 100.00 100.00 100.00 100.00 100.00 100.00 100.00 100.00 100.00 100.00 100.00 100.00 100.00 100.00 100.00
CMLA 87.20 . . . . . . . . . . . . . . . . . . . . . . . . . . . . 87.20 87.20 . 87.20 . 87.20 . . .
CPXAR 99.49;100.00 100.00;99.49 100.00;99.49 99.49;100.00 99.49;100.00 99.49;100.00 99.49;100.00 99.49;100.00 100.00;99.49 100.00;99.49 100.00;99.49 99.49;100.00 99.49;100.00 99.49;100.00 100.00;99.49 100.00;99.49 100.00;99.49 99.49;100.00 99.49;100.00 100.00;99.49 100.00;99.49 100.00;99.49 99.49;100.00 99.49;100.00 100.00;99.49 100.00;99.49 100.00;99.49 100.00;99.49 100.00;99.49 99.49;100.00 100.00;99.49 100.00;99.49 100.00;99.49 100.00;99.49 100.00;99.49 100.00;99.49 100.00;99.49 99.49;100.00
CRP 100.00 100.00 100.00 100.00 100.00 100.00 100.00 100.00 100.00 100.00 100.00 100.00 100.00 100.00 100.00 100.00 100.00 100.00 100.00 100.00 100.00 100.00 100.00 100.00 100.00 100.00 100.00 100.00 100.00 100.00 100.00 100.00 100.00 100.00 100.00 100.00 100.00 100.00
CTX . . . . . . . . . . . . . . 100.00 . . . 100.00 . . . . . . . . . 100.00 100.00 . . . . . . . .
DFRA 100.00 100.00 100.00 . . . . . . . . . . 100.00 100.00 100.00 100.00 . 100.00;100.00 100.00 . . . . 100.00 . 100.00 100.00 100.00 100.00 100.00 100.00 100.00 . 100.00 . . .
EMRA 99.91 99.91 99.91 99.91 99.91 99.91 99.91 99.91 99.91 99.91 99.91 99.91 99.91 99.91 99.91 99.91 99.91 99.91 99.91 99.91 99.91 99.91 99.91 99.91 99.91 99.91 99.91 99.91 99.91 99.91 99.91 99.91 99.91 99.91 99.91 99.91 99.91 99.91
EMRB 100.00 100.00 100.00 100.00 100.00 100.00 100.00 100.00 100.00 100.00 100.00 100.00 100.00 100.00 100.00 100.00 100.00 100.00 100.00 100.00 100.00 100.00 100.00 100.00 100.00 100.00 100.00 100.00 100.00 100.00 100.00 100.00 100.00 100.00 100.00 100.00 100.00 100.00
EMRD 99.41 99.41 99.41 99.41 99.41 99.41 99.41 99.41 99.41 99.41 99.41 99.41 99.41 99.41 99.41 99.41 99.41 99.41 99.41 99.41 99.41 99.41 99.41 99.41 99.41 99.41 99.41 99.41 99.41 99.41 99.41 99.41 99.41 99.41 99.41 99.41 99.41 99.41
EMRR 100.00 100.00 100.00 100.00 100.00 100.00 100.00 100.00 100.00 100.00 100.00 100.00 100.00 100.00 100.00 100.00 100.00 100.00 100.00 100.00 100.00 100.00 100.00 100.00 100.00 100.00 100.00 100.00 100.00 100.00 100.00 100.00 100.00 100.00 100.00 100.00 100.00 100.00
EPTA 99.88 99.88 99.88 99.88 99.88 99.88 99.88 99.88 99.88 99.88 99.88 99.88 99.88 99.88 99.88 99.88 99.88 99.88 99.88 99.88 99.88 99.88 99.88 99.88 99.88 99.88 99.88 99.88 99.88 99.88 99.88 99.88 99.88 99.88 99.88 99.88 99.88 99.88
GESA 100.00 100.00 100.00 . . . . . . . . . . 100.00 100.00 100.00 100.00 . 100.00 100.00 . 100.00 . 100.00 100.00 100.00 100.00 100.00 100.00 100.00 100.00 100.00 100.00 . 100.00 . . .
GESB 100.00 100.00 100.00 . . . . . . . . . . 100.00 100.00 100.00 100.00 . 100.00 100.00 . 100.00 . 100.00 100.00 100.00 100.00 100.00 100.00 100.00 100.00 100.00 100.00 . 100.00 . . .
GESC 96.43 96.43 96.43 . . . . . . . . . . 96.43 96.43 96.43 96.43 . 96.43 96.43 . 96.43 . 96.43 96.43 96.43 96.43 96.43 96.43 96.43 96.43 96.43 96.43 . 96.43 . . .
HNS 100.00 100.00 100.00 100.00 100.00 100.00 100.00 100.00 100.00 100.00 100.00 100.00 100.00 100.00 100.00 100.00 100.00 100.00 100.00 100.00 100.00 100.00 100.00 100.00 100.00 100.00 100.00 100.00 100.00 100.00 100.00 100.00 100.00 100.00 100.00 100.00 100.00 100.00
KDPE 99.12 99.12 99.12 99.12 99.12 99.12 99.12 99.12 99.12 99.12 99.12 99.12 99.12 99.12 99.12 99.12 99.12 99.12 99.12 99.12 99.12 99.12 99.12 99.12 99.12 99.12 99.12 99.12 99.12 99.12 99.12 99.12 99.12 99.12 99.12 99.12 99.12 99.12
KMRA 95.20 95.20 95.20 95.20 95.20 95.20 95.20 95.20 95.20 95.20 95.20 95.20 95.20 95.20 95.20 95.20 95.20 95.20 95.20 95.20 95.20 95.20 95.20 95.20 95.20 95.20 95.20 95.20 95.20 95.20 95.20 95.20 95.20 95.20 95.20 95.20 95.20 95.20
KPNO 98.82;74.68 98.82;74.68 98.82;74.68 98.82;74.86 98.82;74.86 98.82;74.86 98.82;74.86 98.82;74.86 98.82 74.86;98.82 98.82;74.86 74.86;98.82 74.86;98.82 98.82;74.68 98.82;74.68 98.82;74.68 98.82;74.68 74.86;98.82 98.82;74.68 98.82;74.68 98.82;74.86 98.82;74.68 98.82;74.86 98.82;74.68 98.82;74.68 98.82;74.68 99.09;74.95 74.68;98.82 98.82;74.68 98.82;74.68 98.82;74.68 74.68;98.82 98.82;74.68 98.82;74.86 98.82;74.68 98.82;74.86 98.82;74.86 98.82;74.86
LNUG . 100.00 . . . . . . . . . . . . . . . . . . . . . . . . . . . 100.00 . . . . . . . .
MARA 91.15 91.15 91.15 91.15 91.15 91.15 91.15 91.15 91.15 91.15 91.15 91.15 91.15 91.15 91.15 91.15 91.15 91.15 91.15 91.15 91.15 91.15 91.15 91.15 91.15 91.15 91.15 91.15 91.15 91.15 91.15 91.15 91.15 91.15 91.15 91.15 91.15 91.15
MARR 99.54 99.54 99.54 99.54 99.54 99.54 99.54 99.54 99.54 99.54 99.54 99.54 99.54 99.54 99.54 99.54 99.54 99.54 99.54 99.54 99.54 99.54 99.54 99.54 99.54 99.54 99.54 99.54 99.54 99.54 99.54 99.54 99.54 99.54 99.54 99.54 99.54 99.54
MDFA 98.86 98.86 98.86 98.86 98.86 98.86 98.86 98.86 98.86 98.86 98.86 98.86 98.86 98.86 98.86 98.86 98.86 98.86 98.86 98.86 98.86 98.86 98.86 98.86 98.86 98.86 99.19 98.86 98.86 98.86 98.86 98.86 98.86 98.86 98.86 98.86 98.86 98.86
MDTA 100.00 100.00 100.00 100.00 100.00 100.00 100.00 100.00 100.00 100.00 100.00 100.00 100.00 100.00 100.00 100.00 100.00 100.00 100.00 100.00 100.00 100.00 100.00 100.00 100.00 100.00 100.00 100.00 100.00 100.00 100.00 100.00 100.00 100.00 100.00 100.00 100.00 100.00
MDTB 100.00 100.00 100.00 100.00 100.00 100.00 100.00 100.00 100.00 100.00 100.00 100.00 100.00 100.00 100.00 100.00 100.00 100.00 100.00 100.00 100.00 100.00 100.00 100.00 100.00 100.00 100.00 100.00 100.00 100.00 100.00 100.00 100.00 100.00 100.00 100.00 100.00 100.00
MDTC 100.00 100.00 100.00 100.00 100.00 100.00 100.00 100.00 100.00 100.00 100.00 100.00 100.00 100.00 100.00 100.00 100.00 100.00 100.00 100.00 100.00 100.00 100.00 100.00 100.00 100.00 100.00 100.00 100.00 100.00 100.00 100.00 100.00 100.00 100.00 100.00 100.00 100.00
MDTG 97.47;89.57 89.57;97.47 97.47;89.57 97.47;89.65 97.47;89.65 89.65 97.47;89.65 97.47;89.65 97.47;89.65 89.65 89.65 89.65 89.65 89.57;97.47 97.47;89.57 97.47;89.57 97.47;89.57 89.65 89.57;97.47 97.47;89.57 89.65;97.47 97.47;89.57 89.65 97.47;89.57 89.57;97.47 97.47;89.57 89.65;97.47 89.57;97.47 97.47;89.57 97.47;89.57 89.57;97.47 89.57;97.47 97.47;89.57 89.65 97.47;89.57 89.65 97.47;89.65 97.47;89.65
MDTH 99.75 99.75 99.75 99.75 99.75 99.75 99.75 99.75 99.75 99.75 99.75 99.75 99.75 99.75 99.75 99.75 99.75 99.75 99.75 99.75 99.75 99.75 99.75 99.75 99.75 99.75 99.75 99.75 99.75 99.75 99.75 99.75 99.75 99.75 99.75 99.75 99.75 99.75
MDTI 98.18 98.18 98.18 98.18 98.18 98.18 98.18 98.18 98.18 98.18 98.18 98.18 98.18 98.18 98.18 98.18 98.18 98.18 98.18 98.18 98.18 98.18 98.18 98.18 98.18 98.18 98.18 98.18 98.18 98.18 98.18 98.18 98.18 98.18 98.18 98.18 98.18 98.18
MDTJ 92.90 92.90 92.90 92.90 92.90 92.90 92.90 92.90 92.90 92.90 92.90 92.90 92.90 92.90 92.90 92.90 92.90 92.90 92.90 92.90 92.90 92.90 92.90 92.90 92.90 92.90 89.62 92.90 92.90 92.90 92.90 92.90 92.90 92.90 92.90 92.90 92.90 92.90
MDTK 100.00;99.20 99.20;100.00 99.20;100.00 99.20;100.00 100.00;99.20 99.20;100.00 100.00;99.20 99.20;100.00 99.20;100.00 99.93;100.00 99.20;100.00 99.20;100.00 99.20;100.00 100.00;99.20 100.00;99.20 99.20;100.00 100.00;99.20 99.93;100.00 100.00;99.20 99.20;100.00 99.20;100.00 100.00;99.20 99.20;100.00 99.20;100.00 100.00;99.20 99.20;100.00 99.20;100.00 100.00;99.20 100.00;99.20 100.00;99.20 100.00;99.20 100.00;99.20 99.20;100.00 99.20;100.00 100.00;99.20 99.93;100.00 100.00;99.20 100.00;99.20
MDTM 96.76 96.76 96.76 96.76 96.76 96.76 96.76 96.76 96.76 96.76 96.76 96.76 96.76 96.76 96.76 96.76 96.76 96.76 96.76 96.76 96.76 96.76 96.76 96.76 96.76 96.76 96.76 96.76 96.76 96.76 96.76 96.76 96.76 96.76 96.76 96.76 96.76 96.76
MEFB . . . . . . . . . . . . . . . . . . . . . . . . . . . . . . 100.00 . 100.00 . 100.00 . . .
MSBA 100.00 100.00 100.00 100.00 100.00 100.00 100.00 100.00 100.00 100.00 100.00 100.00 100.00 100.00 100.00 100.00 100.00 100.00 100.00 100.00 100.00 100.00 100.00 100.00 100.00 100.00 100.00 100.00 100.00 100.00 100.00 100.00 100.00 100.00 100.00 100.00 100.00 100.00
OMP37 98.93;98.76;86.22 98.76;86.22;98.93 98.76;86.22;98.93 98.93;99.73;86.13 98.93;99.82;86.13 99.82;86.13;98.93 98.93;99.82;86.13 98.93;99.82;86.13 99.82;98.93;86.13 99.82;86.13;98.93 99.82;86.13;98.93 99.82;86.13;98.93 99.82;98.93;86.13 98.76;86.22;98.93 98.93;98.76;86.22 86.22;98.76;98.93 98.93;98.76;86.22 86.13;99.82;98.93 86.22;98.76;98.93 98.76;86.22;98.93 99.82;98.93;86.13 98.93;86.22;98.76 99.82;86.13;98.93 86.22;98.76;98.93 98.93;98.76;86.22 86.22;98.76;98.93 99.82;86.22;98.93 98.93;98.76;86.22 98.93;98.76;86.22 98.76;86.22;98.93 98.76;86.22;98.93 86.22;98.76;98.93 86.22;98.76;98.93 99.82;86.13;98.93 98.93;98.76;86.22 99.82;86.13;98.93 98.93;99.82;86.13 98.93;99.82;86.13
OMPD 92.55 92.55 92.55 . . . . . . . . . . 92.55 92.55 92.55 92.55 . 92.55 92.55 . 92.55 . 92.55 92.55 92.55 . 92.55 92.55 92.55 92.55 92.55 92.55 . 92.55 . . .
OXA 100.00 . . . . . . . . . . . . . . . . . . . . . . . . . . . . 100.00 . . . . . . . .
PBP2 100.00 100.00 100.00 71.03;100.00 100.00;71.03 100.00;71.08 100.00;71.03 71.03;100.00 100.00;71.03 100.00;71.08 100.00;71.08 71.08;100.00 100.00;71.08 100.00 100.00 100.00 100.00 100.00;71.08 100.00 100.00 100.00;71.03 100.00 100.00;71.08 100.00 100.00 100.00 71.19;100.00 100.00 100.00 100.00 100.00 100.00 100.00 100.00;71.08 100.00 100.00;71.08 100.00;71.03 100.00;71.03
PBP4B 88.58 88.58 88.58 76.32 76.32 . 76.32 76.32 88.58 . . . 88.58 88.58 88.58 88.58 88.58 . 88.58 88.58 88.58 88.58 . 88.58 88.58 88.58 88.51 88.58 88.58 88.58 88.58 88.58 88.58 . 88.58 . 76.32 76.32
PHOR 96.32 96.32 96.32 96.32 96.32 96.32 96.32 96.32 96.32 96.46 96.32 96.32 96.32 96.32 96.32 96.32 96.32 96.46 96.32 96.32 96.32 96.32 96.32 96.32 96.32 96.32 96.25 96.32 96.32 96.32 96.32 96.32 96.32 96.32 96.32 96.46 96.32 96.32
PMRBM 75.16 75.16 75.16 . . . . . . . . . . 75.16 75.16 75.16 75.16 . 75.16 75.16 . 75.16 . 75.16 75.16 75.16 . 75.16 75.16 75.16 75.16 75.16 75.16 . 75.16 . . .
PMRF 97.21 97.21 97.21 97.21 97.21 97.21 97.21 97.21 97.21 97.21 97.21 97.21 97.21 97.21 97.21 97.21 97.21 97.21 97.21 97.21 97.21 97.21 97.21 97.21 97.21 97.21 97.21 97.21 97.21 97.21 97.21 97.21 97.21 97.21 97.21 97.21 97.21 97.21
PMRG 100.00 100.00 100.00 100.00 100.00 100.00 100.00 100.00 100.00 100.00 100.00 100.00 100.00 100.00 100.00 100.00 100.00 100.00 100.00 100.00 100.00 100.00 100.00 100.00 100.00 100.00 100.00 100.00 100.00 100.00 100.00 100.00 100.00 100.00 100.00 100.00 100.00 100.00
QACEDELTA1 . . 100.00 . . . . . . . . . . 100.00 100.00 . 100.00 . 100.00 100.00 . . . . . 100.00 . 100.00 100.00 . . 100.00 . . . . . .
QACL . . . . . . . . . . . . . . . . . . . . . . . . . . . . . 100.00 100.00 . 100.00 . 100.00 . . .
QNRB . . . . . . . . . . . . . . . . . . . . . . . . . . 100.00 . . 100.00 . . . . . . . .
RAMA 91.20 91.20 91.20 91.20 91.20 91.20 91.20 91.20 91.20 91.20 91.20 91.20 91.20 91.20 91.20 91.20 91.20 91.20 91.20 91.20 91.20 91.20 91.20 91.20 91.20 91.20 91.20 91.20 91.20 91.20 91.20 91.20 91.20 91.20 91.20 91.20 91.20 91.20
ROBA 100.00 100.00 100.00 100.00 100.00 100.00 100.00 100.00 100.00 100.00 100.00 100.00 100.00 100.00 100.00 100.00 100.00 100.00 100.00 100.00 100.00 100.00 100.00 100.00 100.00 100.00 100.00 100.00 100.00 100.00 100.00 100.00 100.00 100.00 100.00 100.00 100.00 100.00
ROSA 75.51 88.73 88.73 88.81 88.81 88.81 88.81 88.81 88.81 88.81 88.81 88.81 88.81 88.73 88.73 88.73 88.73 88.81 88.73 88.73 88.81 88.73 88.81 88.73 88.73 88.73 88.73 88.73 88.73 88.73 88.73 88.73 88.73 88.81 88.73 88.81 88.81 88.81
ROSB 95.04 95.04 95.04 95.04 95.04 95.04 95.04 95.04 95.04 95.04 95.04 95.04 95.04 95.04 95.04 95.04 95.04 95.04 95.04 95.04 95.04 95.04 95.04 95.04 95.04 95.04 95.04 95.04 95.04 95.04 95.04 95.04 95.04 95.04 95.04 95.04 95.04 95.04
SDIA 100.00 100.00 100.00 100.00 100.00 100.00 100.00 100.00 100.00 100.00 100.00 100.00 100.00 100.00 100.00 100.00 100.00 100.00 100.00 100.00 100.00 100.00 100.00 100.00 100.00 100.00 100.00 100.00 100.00 100.00 100.00 100.00 100.00 100.00 100.00 100.00 100.00 100.00
SOXS 99.69 99.69 99.69 99.69 99.69 99.69 99.69 99.69 99.69 99.69 99.69 99.69 99.69 99.69 99.69 99.69 99.69 99.69 99.69 99.69 99.69 99.69 99.69 99.69 99.69 99.69 99.69 99.69 99.69 99.69 99.69 99.69 99.69 99.69 99.69 99.69 99.69 99.69
SULI . . 100.00 . . . . . . . . . . 100.00 100.00 . 100.00 . 100.00 100.00 . . . . . 100.00 . 100.00 100.00 . . 100.00 . . . . . .
SULII . . . . . . . . . . . . . . . . . . . . . . . . . . 100.00 . . . . . . . . . . .
SULIII . . . . . . . . . . . . . . . . . . . . . . . . . . . . . 100.00 100.00 . 100.00 . 100.00 . . .
TEM 100.00 100.00 . . . . . . . . . . . . . . . . . 100.00 . . . . . . . . . 100.00 100.00 . 100.00 . 100.00 . . .
TET34 75.48 75.48 75.48 75.48 75.48 75.48 75.48 75.48 75.48 75.48 75.48 75.48 75.48 75.48 75.48 75.48 75.48 75.48 75.48 75.48 75.48 75.48 75.48 75.48 75.48 75.48 75.48 75.48 75.48 75.48 75.48 75.48 75.48 75.48 75.48 75.48 75.48 75.48
TETA . 93.80 94.12 . . . . . . . . . . 94.12 94.12 . 94.12 . 94.12 94.12 . . . . . 94.12 100.00 94.12 94.12 . . 94.12 . . . . . .
UGD 99.83 99.83 99.83 99.57 99.57 99.57 99.57 99.57 99.57 99.57 99.57 99.57 99.57 99.83 99.83 99.83 99.83 99.57 99.83 99.83 99.57 99.83 99.57 99.83 99.83 99.83 99.83 99.83 99.83 99.83 99.83 99.83 99.83 99.57 99.83 99.57 99.57 99.57
YOGI 99.64 99.64 99.64 99.88 99.88 99.88 99.88 99.88 99.88 99.88 99.88 99.88 . 99.64 99.64 99.64 99.64 99.88 99.64 99.64 99.88 99.64 99.88 99.64 99.64 99.64 99.70 99.64 99.64 99.64 99.64 99.64 99.64 99.88 99.64 99.88 99.88 99.88
