#FILE 100535 100658 102333 102335 102338 103477 103504 106981 111772 113877 113879 113891 11514 132426 136943 137426 138448 141266 142725 145704 27431 27668 32790 49535 79106 85427 85877 88982 91549 92044 93702 94222 94721 94831 97219 97504 99339 99341
aac(6')_Yersi . . . 71.53 71.53 . 71.53 71.53 71.53 . . . . . . . . . . . . . . . . . 70.37 . . . . . . . . . 71.53 71.53
aadA1 . 98.48 98.48 . . . . . . . . . . 98.48 . . . . . 98.48 . . . . . 98.48 . 98.48 . . 98.48 98.48 98.48 . 98.48 . . .
aadA2 98.48 . . . . . . . . . . . . . . . . . . . . . . . . . . . . 98.48 98.48 . 98.48 . 98.48 . . .
aph(3')-Ia . 100.00 . . . . . . . . . . . . . 100.00 . . 100.00 100.00 . . . . 100.00 . . . . 100.00 . 100.00 . . . . . .
aph(6)-Id . . . . . . . . . . . . . . . . . . . . . . . . . . 100.00 . . . . . . . . . . .
blaCTX-M-1 . . . . . . . . . . . . . . 100.00 . . . 100.00 . . . . . . . . . 100.00 100.00 . . . . . . . .
blaTEM-1 100.00 100.00 . . . . . . . . . . . . . . . . . . . . . . . . . . . 100.00 100.00 . 100.00 . 100.00 . . .
blaTEM-12 . . . . . . . . . . . . . . . . . . . 100.00 . . . . . . . . . . . . . . . . . .
cmlA1 100.00 . . . . . . . . . . . . . . . . . . . . . . . . . . . . 100.00 100.00 . 100.00 . 100.00 . . .
dfrA1 . . . . . . . . . . . . . . 100.00 . 100.00 . 100.00 . . . . . . . . . 100.00 . . . . . . . . .
dfrA12 . . . . . . . . . . . . . . . . . . . . . . . . . . . . . . 100.00 . 100.00 . 100.00 . . .
dfrA14 100.00 100.00 100.00 . . . . . . . . . . 100.00 . 100.00 . . 100.00 100.00 . . . . 100.00 . 100.00 100.00 . 100.00 . 100.00 . . . . . .
lnu(G) . 100.00 . . . . . . . . . . . . . . . . . . . . . . . . . . . 100.00 . . . . . . . .
mef(B) . . . . . . . . . . . . . . . . . . . . . . . . . . . . . . 100.00 . 100.00 . 100.00 . . .
qnrB19 . . . . . . . . . . . . . . . . . . . . . . . . . . 100.00 . . 100.00 . . . . . . . .
sul1 . . 100.00 . . . . . . . . . . 100.00 100.00 . 100.00 . 100.00 100.00 . . . . . 100.00 . 100.00 100.00 . . 100.00 . . . . . .
sul2 . . . . . . . . . . . . . . . . . . . . . . . . . . 100.00 . . . . . . . . . . .
sul3 . . . . . . . . . . . . . . . . . . . . . . . . . . . . . 100.00 100.00 . 100.00 . 100.00 . . .
tet(34) 75.48 75.48 75.48 75.48 75.48 75.48 75.48 75.48 75.48 75.48 75.48 75.48 75.48 75.48 75.48 75.48 75.48 75.48 75.48 75.48 75.48 75.48 75.48 75.48 75.48 75.48 75.48 75.48 75.48 75.48 75.48 75.48 75.48 75.48 75.48 75.48 75.48 75.48
tet(A) . 99.67 100.00 . . . . . . . . . . 100.00 100.00 . 100.00 . 100.00 100.00 . . . . . 100.00 100.00 100.00 100.00 . . 100.00 . . . . . .
