#FILE 100535 100658 102333 102335 102338 103477 103504 106981 111772 113877 113879 113891 11514 132426 136943 137426 138448 141266 142725 145704 27431 27668 32790 49535 79106 85427 85877 88982 91549 92044 93702 94222 94721 94831 97219 97504 99339 99341
aac(6')-Iaa_1 100.00 100.00 100.00 100.00 100.00 . 100.00 100.00 100.00 . . . . 100.00 100.00 100.00 100.00 . 100.00 100.00 . 100.00 . 100.00 100.00 100.00 100.00 100.00 100.00 100.00 100.00 100.00 100.00 . 100.00 . 100.00 100.00
aadA1_3 . . . . . . . . . . . . . . . . . . . . . . . . . . . . . . 98.48 . 98.48 . 98.48 . . .
aadA22_1 . 98.48 . . . . . . . . . . . . . . . . . . . . . . . . . . . . . . . . . . . .
aadA2_1 95.24 . . . . . . . . . . . . . . . . . . . . . . . . . . . . 95.24 95.24 . 95.24 . 95.24 . . .
ant(3'')-Ia_1 . . 80.25 . . . . . . . . . . 80.25 . . . . . 80.25 . . . . . 80.25 . 80.25 . . . 80.25 . . . . . .
aph(3')-Ia_7 . 100.00 . . . . . . . . . . . . . 100.00 . . 100.00 100.00 . . . . 100.00 . . . . 100.00 . 100.00 . . . . . .
aph(6)-Id_1 . . . . . . . . . . . . . . . . . . . . . . . . . . 100.00 . . . . . . . . . . .
blaCTX-M-1_1 . . . . . . . . . . . . . . 100.00 . . . 100.00 . . . . . . . . . 100.00 100.00 . . . . . . . .
blaTEM-1B_1 100.00 100.00 . . . . . . . . . . . . . . . . . . . . . . . . . . . 100.00 100.00 . 100.00 . 100.00 . . .
blaTEM-1D_1 . . . . . . . . . . . . . . . . . . . 100.00 . . . . . . . . . . . . . . . . . .
cmlA1_1 100.00 . . . . . . . . . . . . . . . . . . . . . . . . . . . . 100.00 100.00 . 100.00 . 100.00 . . .
dfrA12_8 . . . . . . . . . . . . . . . . . . . . . . . . . . . . . . 100.00 . 100.00 . 100.00 . . .
dfrA14_4 100.00 100.00 100.00 . . . . . . . . . . 100.00 . 100.00 . . 100.00 100.00 . . . . 100.00 . . 100.00 . 100.00 . 100.00 . . . . . .
dfrA14_5 . . . . . . . . . . . . . . . . . . . . . . . . . . 100.00 . . . . . . . . . . .
dfrA1_10 . . . . . . . . . . . . . . 100.00 . 100.00 . 100.00 . . . . . . . . . 100.00 . . . . . . . . .
lnu(G)_1 . 100.00 . . . . . . . . . . . . . . . . . . . . . . . . . . . 100.00 . . . . . . . .
mdf(A)_1 98.86 98.86 98.86 98.86 98.86 98.86 98.86 98.86 98.86 98.86 98.86 98.86 98.86 98.86 98.86 98.86 98.86 98.86 98.86 98.86 98.86 98.86 98.86 98.86 98.86 98.86 99.19 98.86 98.86 98.86 98.86 98.86 98.86 98.86 98.86 98.86 98.86 98.86
mef(B)_1 . . . . . . . . . . . . . . . . . . . . . . . . . . . . . . 100.00 . 100.00 . 100.00 . . .
qnrB19_1 . . . . . . . . . . . . . . . . . . . . . . . . . . 100.00 . . 100.00 . . . . . . . .
sul1_2 . . 100.00 . . . . . . . . . . 100.00 100.00 . 100.00 . 100.00 100.00 . . . . . 100.00 . 100.00 100.00 . . 100.00 . . . . . .
sul2_2 . . . . . . . . . . . . . . . . . . . . . . . . . . 100.00 . . . . . . . . . . .
sul3_2 . . . . . . . . . . . . . . . . . . . . . . . . . . . . . 100.00 100.00 . 100.00 . 100.00 . . .
tet(34)_1 75.48 75.48 75.48 75.48 75.48 75.48 75.48 75.48 75.48 75.48 75.48 75.48 75.48 75.48 75.48 75.48 75.48 75.48 75.48 75.48 75.48 75.48 75.48 75.48 75.48 75.48 75.48 75.48 75.48 75.48 75.48 75.48 75.48 75.48 75.48 75.48 75.48 75.48
tet(A)_4 . 99.67 100.00 . . . . . . . . . . 100.00 100.00 . 100.00 . 100.00 100.00 . . . . . 100.00 . 100.00 100.00 . . 100.00 . . . . . .
tet(A)_6 . . . . . . . . . . . . . . . . . . . . . . . . . . 94.12 . . . . . . . . . . .
