#FILE 100535 100658 102333 102335 102338 103477 103504 106981 111772 113877 113879 113891 11514 132426 136943 137426 138448 141266 142725 145704 27431 27668 32790 49535 79106 85427 85877 88982 91549 92044 93702 94222 94721 94831 97219 97504 99339 99341
IlpA 87.41 87.41 87.41 87.41 87.41 87.41 87.41 87.41 87.41 87.41 87.41 87.41 87.41 87.41 87.41 87.41 87.41 87.41 87.41 87.41 87.41 87.41 87.41 87.41 87.41 87.41 87.41 87.41 87.41 87.41 87.41 87.41 87.41 87.41 87.41 87.41 87.41 87.41
avrA 94.39 95.38 95.38 . . . . . . . . . . 95.38 95.38 95.38 95.38 . 95.38 95.38 . 95.38 . 95.38 95.38 95.38 95.38 95.38 95.38 95.38 95.38 95.38 95.38 . 95.38 . . .
cdtB . . . 100.00 100.00 100.00 100.00 100.00 100.00 100.00 100.00 100.00 100.00 . . . . . . . 100.00 . 100.00 . . . 100.00 . . . . . . 100.00 . 100.00 100.00 100.00
cheB 96.48 96.48 96.48 96.48 96.48 96.48 96.48 96.48 96.48 96.48 96.48 96.48 96.48 96.48 96.48 96.48 96.48 96.48 96.48 96.48 96.48 96.48 96.48 96.48 96.48 96.48 96.48 96.48 96.48 96.48 96.48 96.48 96.48 96.48 96.48 96.48 96.48 96.48
cheD 89.55 89.55 89.55 . . . . . . . . . . 89.55 89.55 89.55 89.55 . 89.55 89.55 . 89.55 . 89.55 89.55 89.55 . 89.55 89.55 89.55 89.55 89.55 89.55 . 89.55 . . .
cheR 98.67 98.67 98.67 98.67 98.67 98.67 98.67 98.67 98.67 98.67 98.67 98.67 98.67 98.67 98.67 98.67 98.67 98.67 98.67 98.67 98.67 98.67 98.67 98.67 98.67 98.67 98.67 98.67 98.67 98.67 98.67 98.67 98.67 98.67 98.67 98.67 98.67 98.67
cheW 91.37 91.37 91.37 91.37 91.37 91.37 91.37 91.37 91.37 91.37 91.37 91.37 91.37 91.37 91.37 91.37 91.37 91.37 91.37 91.37 91.37 91.37 91.37 91.37 91.37 91.37 91.37 91.37 91.37 91.37 91.37 91.37 91.37 91.37 91.37 91.37 91.37 91.37
cheY 99.49 99.49 99.49 99.49 99.49 99.49 99.49 99.49 99.49 99.49 99.49 99.49 99.49 99.49 99.49 99.49 99.49 99.49 99.49 99.49 99.49 99.49 99.49 99.49 99.49 99.49 99.49 99.49 99.49 99.49 99.49 99.49 99.49 99.49 99.49 99.49 99.49 99.49
cheZ 87.29 87.29 87.29 87.29 87.29 87.29 87.29 87.29 87.29 87.29 87.29 87.29 87.29 87.29 87.29 87.29 87.29 87.29 87.29 87.29 87.29 87.29 87.29 87.29 87.29 87.29 87.29 87.29 87.29 87.29 87.29 87.29 87.29 87.29 87.29 87.29 87.29 87.29
clpP 90.45 90.45 90.45 90.45 90.45 90.45 90.45 90.45 90.45 90.45 90.45 90.45 90.45 90.45 90.45 90.45 90.45 90.45 90.45 90.45 90.45 90.45 90.45 90.45 90.45 90.45 90.45 90.45 90.45 90.45 90.45 90.45 90.45 90.45 90.45 90.45 90.45 90.45
csgA 100.00 100.00 100.00 100.00 100.00 100.00 100.00 100.00 100.00 100.00 100.00 100.00 100.00 100.00 100.00 100.00 100.00 100.00 100.00 100.00 100.00 100.00 100.00 100.00 100.00 100.00 100.00 100.00 100.00 100.00 100.00 100.00 100.00 100.00 100.00 100.00 100.00 100.00
csgB 100.00 100.00 100.00 100.00 100.00 100.00 100.00 100.00 100.00 100.00 100.00 100.00 100.00 100.00 100.00 100.00 100.00 100.00 100.00 100.00 100.00 100.00 100.00 100.00 100.00 100.00 100.00 100.00 100.00 100.00 100.00 100.00 100.00 100.00 100.00 100.00 100.00 100.00
csgC 100.00 100.00 100.00 100.00 100.00 100.00 100.00 100.00 100.00 100.00 100.00 100.00 100.00 100.00 100.00 100.00 100.00 100.00 100.00 100.00 100.00 100.00 100.00 100.00 100.00 100.00 100.00 100.00 100.00 100.00 100.00 100.00 100.00 100.00 100.00 100.00 100.00 100.00
csgD 100.00 100.00 100.00 100.00 100.00 100.00 100.00 100.00 100.00 100.00 100.00 100.00 100.00 100.00 100.00 100.00 100.00 100.00 100.00 100.00 100.00 100.00 100.00 100.00 100.00 100.00 100.00 100.00 100.00 100.00 100.00 100.00 100.00 100.00 100.00 100.00 100.00 100.00
csgE 100.00 100.00 100.00 100.00 100.00 100.00 100.00 100.00 100.00 100.00 100.00 100.00 100.00 100.00 100.00 100.00 100.00 100.00 100.00 100.00 100.00 100.00 100.00 100.00 100.00 100.00 100.00 100.00 100.00 100.00 100.00 100.00 100.00 100.00 100.00 100.00 100.00 100.00
csgF 100.00 100.00 100.00 100.00 100.00 100.00 100.00 100.00 100.00 100.00 100.00 100.00 100.00 100.00 100.00 100.00 100.00 100.00 100.00 100.00 100.00 100.00 100.00 100.00 100.00 100.00 100.00 100.00 100.00 100.00 100.00 100.00 100.00 100.00 100.00 100.00 100.00 100.00
csgG 100.00 100.00 100.00 100.00 100.00 100.00 100.00 100.00 100.00 100.00 100.00 100.00 100.00 100.00 100.00 100.00 100.00 100.00 100.00 100.00 100.00 100.00 100.00 100.00 100.00 100.00 100.00 100.00 100.00 100.00 100.00 100.00 100.00 100.00 100.00 100.00 100.00 100.00
ddhA . . . 98.35 98.35 98.35 98.35 98.35 98.35 98.35 98.35 98.35 98.35 . . . . 98.35 . . 98.35 . 98.35 . . . 98.35 . . . . . . 98.35 . 98.35 98.35 98.35
ddhB . . . 88.18 88.18 88.18 88.18 88.18 88.18 88.18 88.18 88.18 88.18 . . . . 88.18 . . 88.18 . 88.18 . . . 88.18 . . . . . . 88.18 . 88.18 88.18 88.18
draA 71.57 71.57 71.57 . . . . . . . . . . 71.57 71.57 71.57 71.57 . 71.57 71.57 . . . . 71.57 71.57 . 71.57 71.57 71.57 71.57 71.57 71.57 . 71.57 . . .
entA 97.46 97.46 97.46 97.46 97.46 97.46 97.46 97.46 97.46 97.46 97.46 97.46 97.46 97.46 97.46 97.46 97.46 97.46 97.46 97.46 97.46 97.46 97.46 97.46 97.46 97.46 97.46 97.46 97.46 97.46 97.46 97.46 97.46 97.46 97.46 97.46 97.46 97.46
entB 99.18 99.18 99.18 99.18 99.18 99.18 99.18 99.18 99.18 99.18 99.18 99.18 99.18 99.18 99.18 99.18 99.18 99.18 99.18 99.18 99.18 99.18 99.18 99.18 99.18 99.18 99.18 99.18 99.18 99.18 99.18 99.18 99.18 99.18 99.18 99.18 99.18 99.18
entC 98.82 98.82 98.82 98.82 98.82 98.82 98.82 98.82 98.82 98.82 98.82 98.82 98.82 98.82 98.82 98.82 98.82 98.82 98.82 98.82 98.82 98.82 98.82 98.82 98.82 98.82 98.82 98.82 98.82 98.82 98.82 98.82 98.82 98.82 98.82 98.82 98.82 98.82
entE 99.07 99.07 99.07 99.07 99.07 99.07 99.07 99.07 99.07 99.07 99.07 99.07 99.07 99.07 99.07 99.07 99.07 99.07 99.07 99.07 99.07 99.07 99.07 99.07 99.07 99.07 99.07 99.07 99.07 99.07 99.07 99.07 99.07 99.07 99.07 99.07 99.07 99.07
entF 98.17 98.17 98.17 98.20 98.20 98.20 98.20 98.20 98.20 98.20 98.20 98.20 98.20 98.17 98.17 98.17 98.17 98.20 98.17 98.17 98.20 98.17 98.20 98.17 98.17 98.17 98.15 98.17 98.17 98.17 98.17 98.17 98.17 98.20 98.17 98.20 98.20 98.20
entS 98.08 98.08 98.08 98.08 98.08 98.08 98.08 98.08 98.08 98.08 98.08 98.08 98.08 98.08 98.08 98.08 98.08 98.08 98.08 98.08 98.08 98.08 98.08 98.08 98.08 98.08 98.08 98.08 98.08 98.08 98.08 98.08 98.08 98.08 98.08 98.08 98.08 98.08
faeC 91.58 91.58 91.58 . . . . . . . . . . 91.58 91.58 91.58 91.58 . 91.58 91.58 . . . . 91.58 91.58 91.58 91.58 91.58 91.58 91.58 91.58 91.58 . 91.58 . . .
faeD 96.60 96.60 96.60 . . . . . . . . . . 96.60 96.60 96.60 96.60 . 96.60 96.60 . . . . 96.60 96.60 96.60 96.60 96.60 96.60 96.60 96.60 96.60 . 96.60 . . .
faeE 91.25 91.25 91.25 . . . . . . . . . . 91.25 91.25 91.25 91.25 . 91.25 91.25 . . . . 91.25 91.25 91.25 91.25 91.25 91.25 91.25 91.25 91.25 . 91.25 . . .
faeF 86.59 86.59 86.59 . . . . . . . . . . 86.59 86.59 86.59 86.59 . 86.59 86.59 . . . . 86.59 86.59 86.59 86.59 86.59 86.59 86.59 86.59 86.59 . 86.59 . . .
faeH 98.37 98.37 98.37 . . . . . . . . . . 98.37 98.37 98.37 98.37 . 98.37 98.37 . . . . 98.37 98.37 99.50 98.37 98.37 98.37 98.37 98.37 98.37 . 98.37 . . .
faeI 97.65 97.65 97.65 . . . . . . . . . . 97.65 97.65 97.65 97.65 . 97.65 97.65 . . . . 97.65 97.65 98.04 97.65 97.65 97.65 97.65 97.65 97.65 . 97.65 . . .
faeJ . . . . . . . . . . . . . . . . . . . . . . . . . . 82.17 . . . . . . . . . . .
fepA 99.24 99.24 99.24 99.15 99.15 99.15 99.15 99.15 99.15 99.15 99.15 99.15 99.15 99.24 99.24 99.24 99.24 99.15 99.24 99.24 99.15 99.24 99.15 99.24 99.24 99.24 98.84 99.24 99.24 99.24 99.24 99.24 99.24 99.15 99.24 99.15 99.15 99.15
fepB 90.70 90.70 90.70 90.70 90.70 90.70 90.70 90.70 90.70 90.70 90.70 90.70 90.70 90.70 90.70 90.70 90.70 90.70 90.70 90.70 90.70 90.70 90.70 90.70 90.70 90.70 90.70 90.70 90.70 90.70 90.70 90.70 90.70 90.70 90.70 90.70 90.70 90.70
fepC 96.45 96.45 96.45 96.45 96.45 96.45 96.45 96.45 96.45 96.45 96.45 96.45 96.45 96.45 96.45 96.45 96.45 96.45 96.45 96.45 96.45 96.45 96.45 96.45 96.45 96.45 96.45 96.45 96.45 96.45 96.45 96.45 96.45 96.45 96.45 96.45 96.45 96.45
fepD 97.35 97.35 97.35 98.33 98.33 98.33 98.33 98.33 98.33 98.33 98.33 98.33 98.33 97.35 97.35 97.35 97.35 98.33 97.35 97.35 98.33 97.35 98.33 97.35 97.35 97.35 97.35 97.35 97.35 97.35 97.35 97.35 97.35 98.33 97.35 98.33 98.33 98.33
fepG 91.54 91.54 91.54 91.54 91.54 91.54 91.54 91.54 91.54 91.54 91.54 91.54 91.54 91.54 91.54 91.54 91.54 91.54 91.54 91.54 91.54 91.54 91.54 91.54 91.54 91.54 91.54 91.54 91.54 91.54 91.54 91.54 91.54 91.54 91.54 91.54 91.54 91.54
fes 96.92 96.92 96.92 96.92 96.92 96.92 96.92 96.92 96.92 96.92 96.92 96.92 96.92 96.92 96.92 96.92 96.92 96.92 96.92 96.92 96.92 96.92 96.92 96.92 96.92 96.92 96.92 96.92 96.92 96.92 96.92 96.92 96.92 96.92 96.92 96.92 96.92 96.92
fimC 100.00 100.00 100.00 100.00 100.00 100.00 100.00 100.00 100.00 100.00 100.00 100.00 100.00 100.00 100.00 100.00 100.00 100.00 100.00 100.00 100.00 100.00 100.00 100.00 100.00 100.00 100.00 100.00 100.00 100.00 100.00 100.00 100.00 100.00 100.00 100.00 100.00 100.00
fimD 100.00 100.00 100.00 100.00 100.00 100.00 100.00 100.00 100.00 100.00 100.00 100.00 100.00 100.00 100.00 100.00 100.00 100.00 100.00 100.00 100.00 100.00 100.00 100.00 100.00 100.00 100.00 100.00 100.00 100.00 100.00 100.00 100.00 100.00 100.00 100.00 100.00 100.00
fimF 100.00 100.00 100.00 100.00 100.00 100.00 100.00 100.00 100.00 100.00 100.00 100.00 100.00 100.00 100.00 100.00 100.00 100.00 100.00 100.00 100.00 100.00 100.00 100.00 100.00 100.00 99.81 100.00 100.00 100.00 100.00 100.00 100.00 100.00 100.00 100.00 100.00 100.00
fimH 100.00 100.00 100.00 100.00 100.00 100.00 100.00 100.00 100.00 . 100.00 100.00 100.00 100.00 100.00 100.00 100.00 100.00 100.00 100.00 100.00 100.00 100.00 100.00 100.00 100.00 100.00 100.00 100.00 100.00 100.00 100.00 100.00 100.00 100.00 100.00 100.00 100.00
fimI 100.00 100.00 100.00 100.00 100.00 100.00 100.00 100.00 100.00 100.00 100.00 100.00 100.00 100.00 100.00 100.00 100.00 100.00 100.00 100.00 100.00 100.00 100.00 100.00 100.00 100.00 100.00 100.00 100.00 100.00 100.00 100.00 100.00 100.00 100.00 100.00 100.00 100.00
flgB 96.62 96.62 96.62 96.62 96.62 96.62 96.62 96.62 96.62 96.62 96.62 96.62 96.62 96.62 96.62 96.62 96.62 96.62 96.62 96.62 96.62 96.62 96.62 96.62 96.62 96.62 96.62 96.62 96.62 96.62 96.62 96.62 96.62 96.62 96.62 96.62 96.62 96.62
flgC 96.79 96.79 96.79 96.79 96.79 96.79 96.79 96.79 96.79 96.79 96.79 96.79 96.79 96.79 96.79 96.79 96.79 96.79 96.79 96.79 96.79 96.79 96.79 96.79 96.79 96.79 96.79 96.79 96.79 96.79 96.79 96.79 96.79 96.79 96.79 96.79 96.79 96.79
flgF 99.47 99.47 99.47 99.47 99.47 99.47 99.47 99.47 99.47 99.47 99.47 99.47 99.47 99.47 99.47 99.47 99.47 99.47 99.47 99.47 99.47 99.47 99.47 99.47 99.47 99.47 99.47 99.47 99.47 99.47 99.47 99.47 99.47 99.47 99.47 99.47 99.47 99.47
flgG 99.69 99.69 99.69 99.69 99.69 99.69 99.69 99.69 99.69 99.69 99.69 99.69 99.69 99.69 99.69 99.69 99.69 99.69 99.69 99.69 99.69 99.69 99.69 99.69 99.69 99.69 99.69 99.69 99.69 99.69 99.69 99.69 99.69 99.69 99.69 99.69 99.69 99.69
flgH 80.85 80.85 80.85 80.85 80.85 80.85 80.85 80.85 80.85 80.85 80.85 80.85 80.85 80.85 80.85 80.85 80.85 80.85 80.85 80.85 80.85 80.85 80.85 80.85 80.85 80.85 80.85 80.85 80.85 80.85 80.85 80.85 80.85 80.85 80.85 80.85 80.85 80.85
flgI 95.73 95.73 95.73 96.10 96.10 96.10 96.10 96.10 96.10 96.10 96.10 96.10 96.10 95.73 95.73 95.73 95.73 96.10 95.73 95.73 96.10 95.73 96.10 95.73 95.73 95.73 96.10 95.73 95.73 95.73 95.73 95.73 95.73 96.10 95.73 96.10 96.10 96.10
flgJ . . . . . . . . . . . . . . . . . . . . . . . . . . 82.14 . . . . . . . . . . .
flhA 99.28 99.28 99.28 99.28 99.28 99.28 99.28 99.28 99.28 99.28 99.28 99.28 99.28 99.28 99.28 99.28 99.28 99.28 99.28 99.28 99.28 99.28 99.28 99.28 99.28 99.28 99.28 99.28 99.28 99.28 99.28 99.28 99.28 99.28 99.28 99.28 99.28 99.28
flhB 96.01 96.01 96.01 96.09 96.09 96.09 96.09 96.09 96.09 96.09 96.09 96.09 96.09 96.01 96.01 96.01 96.01 96.09 96.01 96.01 96.09 96.01 96.09 96.01 96.01 96.01 96.01 96.01 96.01 96.01 96.01 96.01 96.01 96.09 96.01 96.09 96.09 96.09
flhC 95.36 95.36 95.36 95.19 95.19 95.19 95.19 95.19 95.19 95.19 95.19 95.19 95.19 95.36 95.36 95.36 95.36 95.19 95.36 95.36 95.19 95.36 95.19 95.36 95.36 95.36 95.36 95.36 95.36 95.36 95.36 95.36 95.36 95.19 95.36 95.19 95.19 95.19
flhD 76.39 76.39 76.39 76.39 76.39 76.39 76.39 76.39 76.39 76.39 76.39 76.39 76.39 76.39 76.39 76.39 76.39 76.39 76.39 76.39 76.39 76.39 76.39 76.39 76.39 76.39 76.39 76.39 76.39 76.39 76.39 76.39 76.39 76.39 76.39 76.39 76.39 76.39
fliA 95.71 95.71 95.71 95.71 95.71 95.71 95.71 95.71 95.71 95.71 95.71 95.71 95.71 95.71 95.71 95.71 95.71 95.71 95.71 95.71 95.71 95.71 95.71 95.71 95.71 95.71 95.71 95.71 95.71 95.71 95.71 95.71 95.71 95.71 95.71 95.71 95.71 95.71
fliF 80.89 80.89 80.89 80.25 80.25 80.01 80.25 80.25 80.01 80.01 80.01 80.01 80.01 80.89 80.89 80.89 80.89 80.01 80.89 80.89 80.01 80.89 80.01 80.89 80.89 80.89 81.13 80.89 80.89 80.89 80.89 80.89 80.89 80.01 80.89 80.01 80.25 80.25
fliG 98.69 98.69 98.69 98.69 98.69 98.69 98.69 98.69 98.69 98.69 98.69 98.69 98.69 98.69 98.69 98.69 98.69 98.69 98.69 98.69 98.69 98.69 98.69 98.69 98.69 98.69 98.69 98.69 98.69 98.69 98.69 98.69 98.69 98.69 98.69 98.69 98.69 98.69
fliI 92.57 92.57 92.57 92.27 92.27 92.27 92.27 92.27 92.27 92.27 92.27 92.27 92.27 92.57 92.57 92.57 92.57 92.27 92.57 92.57 92.27 92.57 92.27 92.57 92.57 92.57 92.27 92.57 92.57 92.57 92.57 92.57 92.57 92.27 92.57 92.27 92.27 92.27
fliM 99.20 99.20 99.20 99.20 99.20 99.20 99.20 99.20 99.20 99.20 99.20 99.20 99.20 99.20 99.20 99.20 99.20 99.20 99.20 99.20 99.20 99.20 99.20 99.20 99.20 99.20 99.20 99.20 99.20 99.20 99.20 99.20 99.20 99.20 99.20 99.20 99.20 99.20
fliP 98.40 98.40 98.40 98.40 98.40 98.40 98.40 98.40 98.40 98.40 98.40 98.40 98.40 98.40 98.40 98.40 98.40 98.40 98.40 98.40 98.40 98.40 98.40 98.40 98.40 98.40 98.40 98.40 98.40 98.40 98.40 98.40 98.40 98.40 98.40 98.40 98.40 98.40
fliQ 91.48 91.48 91.48 91.48 91.48 91.48 91.48 91.48 91.48 91.48 91.48 91.48 91.48 91.48 91.48 91.48 91.48 91.48 91.48 91.48 91.48 91.48 91.48 91.48 91.48 91.48 91.48 91.48 91.48 91.48 91.48 91.48 91.48 91.48 91.48 91.48 91.48 91.48
fliS 83.71 83.71 83.71 83.71 83.71 83.71 83.71 83.71 83.71 83.71 83.71 83.71 83.71 83.71 83.71 83.71 83.71 83.71 83.71 83.71 83.71 83.71 83.71 83.71 83.71 83.71 83.71 83.71 83.71 83.71 83.71 83.71 83.71 83.71 83.71 83.71 83.71 83.71
fyuA 100.00 100.00 100.00 . . . . . . . . . . 100.00 100.00 100.00 100.00 . 100.00 100.00 . . . . 100.00 100.00 . 100.00 100.00 100.00 100.00 100.00 100.00 . 100.00 . . .
galU 91.78 91.78 91.78 91.78 91.78 91.78 91.78 91.78 91.78 91.78 91.78 91.78 91.78 91.78 91.78 91.78 91.78 91.78 91.78 91.78 91.78 91.78 91.78 91.78 91.78 91.78 91.78 91.78 91.78 91.78 91.78 91.78 91.78 91.78 91.78 91.78 91.78 91.78
gmhA/lpcA 70.60 70.60 70.60 70.60 70.60 70.60 70.60 70.60 70.60 70.60 70.60 70.60 70.60 70.60 70.60 70.60 70.60 70.60 70.60 70.60 70.60 70.60 70.60 70.60 70.60 70.60 71.62 70.60 70.60 70.60 70.60 70.60 70.60 70.60 70.60 70.60 70.60 70.60
gogB . . . 81.59 81.59 81.59 81.59 81.59 81.59 81.59 81.59 81.59 81.59 . . . . 81.59 . . 81.59 . 81.59 . . . . . . . . . . 81.59 . 81.59 81.59 81.59
gtrA 100.00 100.00 100.00 100.00 100.00 100.00 100.00 100.00 100.00 100.00 100.00 100.00 100.00 100.00 100.00 100.00 100.00 100.00 100.00 100.00 100.00 100.00 100.00 100.00 100.00 100.00 100.00 100.00 100.00 100.00 100.00 100.00 100.00 100.00 100.00 100.00 100.00 100.00
gtrB 74.52 74.52 74.52 97.63 97.63 97.63 97.63 97.63 97.63 97.63 97.63 97.63 97.63 74.52 74.52 74.52 74.52 97.63 74.52 74.52 97.63 74.52 97.63 74.52 74.52 74.52 97.63 74.52 74.52 74.52 74.52 74.52 74.52 97.63 74.52 97.63 97.63 97.63
hsiB1/vipA 85.93 85.93 85.93 91.14 91.14 91.14 91.14 91.14 . 91.14 91.14 91.14 91.14 85.93 85.93 85.93 85.93 91.14 85.93 85.93 . 85.93 91.14 85.93 85.93 85.93 91.14 85.93 85.93 85.93 85.93 85.93 85.93 91.14 85.93 91.14 91.14 91.14
hsiC1/vipB 83.30 83.30 83.30 83.30 83.30 83.30 83.30 83.30 . 83.30 83.30 83.30 83.30 83.30 83.30 83.30 83.30 83.30 83.30 83.30 . 83.30 83.30 83.30 83.30 83.30 83.30 83.30 83.30 83.30 83.30 83.30 83.30 83.30 83.30 83.30 83.30 83.30
htpB 98.91 98.91 98.91 98.91 98.91 98.91 98.91 98.91 98.91 98.91 98.91 98.91 98.91 98.91 98.91 98.91 98.91 98.91 98.91 98.91 98.91 98.91 98.91 98.91 98.91 98.91 98.91 98.91 98.91 98.91 98.91 98.91 98.91 98.91 98.91 98.91 98.91 98.91
icl . . . . . . . . . . . . . . . . . . . . . . . . . . 77.93 . . . . . . . . . . .
invA 100.00 100.00 100.00 100.00 100.00 100.00 100.00 100.00 100.00 100.00 100.00 100.00 100.00 100.00 100.00 100.00 100.00 100.00 100.00 100.00 100.00 100.00 100.00 100.00 100.00 100.00 100.00 100.00 100.00 100.00 100.00 100.00 100.00 100.00 100.00 100.00 100.00 100.00
invB 100.00 100.00 100.00 100.00 100.00 100.00 100.00 100.00 100.00 100.00 100.00 100.00 100.00 100.00 100.00 100.00 100.00 100.00 100.00 100.00 100.00 100.00 100.00 100.00 100.00 100.00 100.00 100.00 100.00 100.00 100.00 100.00 100.00 100.00 100.00 100.00 100.00 100.00
invC 100.00 100.00 100.00 100.00 100.00 100.00 100.00 100.00 100.00 100.00 100.00 100.00 100.00 100.00 100.00 100.00 100.00 100.00 100.00 100.00 100.00 100.00 100.00 100.00 100.00 100.00 100.00 100.00 100.00 100.00 100.00 100.00 100.00 100.00 100.00 100.00 100.00 100.00
invE 100.00 100.00 100.00 100.00 100.00 100.00 100.00 100.00 100.00 100.00 100.00 100.00 100.00 100.00 100.00 100.00 100.00 100.00 100.00 100.00 100.00 100.00 100.00 100.00 100.00 100.00 100.00 100.00 100.00 100.00 100.00 100.00 100.00 100.00 100.00 100.00 100.00 100.00
invF 100.00 100.00 100.00 100.00 100.00 100.00 100.00 100.00 100.00 100.00 100.00 100.00 100.00 100.00 100.00 100.00 100.00 100.00 100.00 100.00 100.00 100.00 100.00 100.00 100.00 100.00 100.00 100.00 100.00 100.00 100.00 100.00 100.00 100.00 100.00 100.00 100.00 100.00
invG 100.00 100.00 100.00 100.00 100.00 100.00 100.00 100.00 100.00 100.00 100.00 100.00 100.00 100.00 100.00 100.00 100.00 100.00 100.00 100.00 100.00 100.00 100.00 100.00 100.00 100.00 100.00 100.00 100.00 100.00 100.00 100.00 100.00 100.00 100.00 100.00 100.00 100.00
invH 100.00 100.00 100.00 100.00 100.00 100.00 100.00 100.00 100.00 100.00 100.00 100.00 100.00 100.00 100.00 100.00 100.00 100.00 100.00 100.00 100.00 100.00 100.00 100.00 100.00 100.00 100.00 100.00 100.00 100.00 100.00 100.00 100.00 100.00 100.00 100.00 100.00 100.00
invI 100.00 100.00 100.00 100.00 100.00 100.00 100.00 100.00 100.00 100.00 100.00 100.00 100.00 100.00 100.00 100.00 100.00 100.00 100.00 100.00 100.00 100.00 100.00 100.00 100.00 100.00 100.00 100.00 100.00 100.00 100.00 100.00 100.00 100.00 100.00 100.00 100.00 100.00
invJ 100.00 100.00 100.00 100.00 100.00 100.00 100.00 100.00 100.00 100.00 100.00 100.00 100.00 100.00 100.00 100.00 100.00 100.00 100.00 100.00 100.00 100.00 100.00 100.00 100.00 100.00 100.00 100.00 100.00 100.00 100.00 100.00 100.00 100.00 100.00 100.00 100.00 100.00
iroB 94.59 94.59 94.59 94.59 94.59 94.59 94.59 94.59 94.59 94.59 94.59 94.59 94.59 94.59 94.59 94.59 94.59 94.59 94.59 94.59 94.59 94.59 94.59 94.59 94.59 94.59 94.59 94.59 94.59 94.59 94.59 94.59 94.59 94.59 94.59 94.59 94.59 94.59
iroC 96.23 96.23 96.23 96.23 96.23 96.23 96.23 96.23 96.23 96.23 96.23 96.23 96.23 96.23 96.23 96.23 96.23 96.23 96.23 96.23 96.23 96.23 96.23 96.23 96.23 96.23 96.28 96.23 96.23 96.23 96.23 96.23 96.23 96.23 96.23 96.23 96.23 96.23
iroD 90.98 90.98 90.98 94.39 94.39 94.39 94.39 94.39 94.39 94.39 94.39 94.39 94.39 90.98 90.98 90.98 90.98 94.39 90.98 90.98 94.39 90.98 94.39 90.98 90.98 90.98 94.07 90.98 90.98 90.98 90.98 90.98 90.98 94.39 90.98 94.39 94.39 94.39
iroE 85.58 85.58 85.58 85.58 85.58 85.58 85.58 85.58 85.58 85.58 85.58 85.58 85.58 85.58 85.58 85.58 85.58 85.58 85.58 85.58 85.58 85.58 85.58 85.58 85.58 85.58 85.58 85.58 85.58 85.58 85.58 85.58 85.58 85.58 85.58 85.58 85.58 85.58
iroN 99.77 99.77 99.77 99.77 99.77 99.77 99.77 99.77 99.77 99.77 99.77 99.77 99.77 99.77 99.77 99.77 99.77 99.77 99.77 99.77 99.77 99.77 99.77 99.77 99.77 99.77 99.77 99.77 99.77 99.77 99.77 99.77 99.77 99.77 99.77 99.77 99.77 99.77
irp1 100.00 100.00 100.00 . . . . . . . . . . 100.00 100.00 100.00 100.00 . 100.00 100.00 . . . . 100.00 100.00 . 100.00 100.00 100.00 100.00 100.00 100.00 . 100.00 . . .
irp2 100.00 90.54 100.00 . . . . . . . . . . 100.00 100.00 100.00 100.00 . 100.00 100.00 . . . . 100.00 100.00 . 100.00 100.00 100.00 100.00 100.00 100.00 . 100.00 . . .
kdsA 96.61 96.61 96.61 96.61 96.61 96.61 96.61 96.61 96.61 96.61 96.61 96.61 96.61 96.61 96.61 96.61 96.61 96.61 96.61 96.61 96.61 96.61 96.61 96.61 96.61 96.61 96.61 96.61 96.61 96.61 96.61 96.61 96.61 96.61 96.61 96.61 96.61 96.61
kdsB 92.55 92.55 92.55 94.12 94.12 94.12 94.12 94.12 94.12 94.12 94.12 94.12 94.12 92.55 92.55 92.55 92.55 94.12 92.55 92.55 . 92.55 94.12 92.55 92.55 92.55 92.81 92.55 92.55 92.55 92.55 92.55 92.55 94.12 92.55 94.12 94.12 94.12
lpfA 97.77 97.77 97.77 . . . . . . . . . . 97.77 97.77 97.77 97.77 . 97.77 97.77 . 97.77 . 97.77 97.77 97.77 . 97.77 97.77 97.77 97.77 97.77 97.77 . 97.77 . . .
lpfB 100.00 100.00 100.00 . . . . . . . . . . 100.00 100.00 100.00 100.00 . 100.00 100.00 . 100.00 . 100.00 100.00 100.00 . 100.00 100.00 100.00 100.00 100.00 100.00 . 100.00 . . .
lpfC 100.00 100.00 100.00 . . . . . . . . . . 100.00 100.00 100.00 100.00 . 100.00 100.00 . 100.00 . 100.00 100.00 100.00 . 100.00 100.00 100.00 100.00 100.00 100.00 . 100.00 . . .
lpfD 100.00 100.00 100.00 . . . . . . . . . . 100.00 100.00 100.00 100.00 . 100.00 100.00 . 100.00 . 100.00 100.00 100.00 . 100.00 100.00 100.00 100.00 100.00 100.00 . 100.00 . . .
lpfE 100.00 100.00 100.00 . . . . . . . . . . 100.00 100.00 100.00 100.00 . 100.00 100.00 . 100.00 . 100.00 100.00 100.00 . 100.00 100.00 100.00 100.00 100.00 100.00 . 100.00 . . .
lpxB 78.52 78.52 78.52 78.60 78.60 78.60 78.60 78.60 78.60 78.60 78.60 78.60 78.60 78.52 78.52 78.52 78.52 78.60 78.52 78.52 78.60 78.52 78.60 78.52 78.52 78.52 78.69 78.52 78.52 78.52 78.52 78.52 78.52 78.60 78.52 78.60 78.60 78.60
lpxC 93.14 93.14 93.14 93.14 93.14 93.14 93.14 93.14 93.14 93.14 93.14 93.14 93.14 93.14 93.14 93.14 93.14 93.14 93.14 93.14 93.14 93.14 93.14 93.14 93.14 93.14 93.14 93.14 93.14 93.14 93.14 93.14 93.14 93.14 93.14 93.14 93.14 93.14
luxS 80.15 80.15 80.15 80.15 80.15 80.15 80.15 80.15 80.15 80.15 80.15 80.15 80.15 80.15 80.15 80.15 80.15 80.15 80.15 80.15 80.15 80.15 80.15 80.15 80.15 80.15 80.15 80.15 80.15 80.15 80.15 80.15 80.15 80.15 80.15 80.15 80.15 80.15
manB 74.98;74.62 74.98;74.62 74.98 74.62 74.62 74.62 74.62 74.62 74.62 74.62 74.62 74.62 74.62 74.98 74.98;74.62 74.62 74.98;74.62 74.62 74.98 74.98;74.62 74.62 74.98;74.62 74.62 . 74.98;74.62 . 74.62 74.98;74.62 74.62 . 74.98 74.62 . 74.62 74.98;74.62 74.62 74.62 74.62
mgtB 100.00 100.00 100.00 100.00 100.00 100.00 100.00 100.00 100.00 100.00 100.00 100.00 100.00 100.00 100.00 100.00 100.00 100.00 100.00 100.00 100.00 100.00 100.00 100.00 100.00 100.00 100.00 100.00 100.00 100.00 100.00 100.00 100.00 100.00 100.00 100.00 100.00 100.00
mgtC 98.28 98.28 98.28 98.28 98.28 98.28 98.28 98.28 98.28 98.28 98.28 98.28 98.28 98.28 98.28 98.28 98.28 98.28 98.28 98.28 98.28 98.28 98.28 98.28 98.28 98.28 98.28 98.28 98.28 98.28 98.28 98.28 98.28 98.28 98.28 98.28 98.28 98.28
mig-14 100.00 100.00 100.00 100.00 100.00 100.00 100.00 100.00 100.00 100.00 100.00 100.00 100.00 100.00 100.00 100.00 100.00 100.00 100.00 100.00 100.00 100.00 100.00 100.00 100.00 100.00 100.00 100.00 100.00 100.00 100.00 100.00 100.00 100.00 100.00 100.00 100.00 100.00
misL 100.00 100.00 100.00 . . . . . . . . . . 100.00 100.00 100.00 100.00 . 100.00 100.00 . 100.00 . 100.00 100.00 100.00 100.00 100.00 100.00 100.00 100.00 100.00 100.00 . 100.00 . . .
motA 93.24 93.24 93.24 94.14 94.14 94.14 94.14 94.14 94.14 94.14 94.14 94.14 94.14 93.24 93.24 93.24 93.24 94.14 93.24 93.24 94.14 93.24 94.14 93.24 93.24 93.24 94.14 93.24 93.24 93.24 93.24 93.24 93.24 94.14 93.24 94.14 94.14 94.14
ompA 100.00 100.00 100.00 100.00 100.00 100.00 100.00 100.00 100.00 100.00 100.00 100.00 100.00 100.00 100.00 100.00 100.00 100.00 100.00 100.00 100.00 100.00 100.00 100.00 100.00 100.00 100.00 100.00 100.00 100.00 100.00 100.00 100.00 100.00 100.00 100.00 100.00 100.00
orgA 96.50 96.50 96.50 96.50 96.50 96.50 96.50 96.50 96.50 96.50 96.50 96.50 96.50 96.50 96.50 96.50 96.50 96.50 96.50 96.50 96.50 96.50 96.50 96.50 96.50 96.50 96.50 96.50 96.50 96.50 96.50 96.50 96.50 96.50 96.50 96.50 96.50 96.50
orgB 97.65 97.65 97.65 97.65 97.65 97.65 97.65 97.65 97.65 97.65 97.65 97.65 97.65 97.65 97.65 97.65 97.65 97.65 97.65 97.65 97.65 97.65 97.65 97.65 97.65 97.65 97.65 97.65 97.65 97.65 97.65 97.65 97.65 97.65 97.65 97.65 97.65 97.65
orgC 100.00 100.00 100.00 100.00 100.00 100.00 100.00 100.00 100.00 100.00 100.00 100.00 100.00 100.00 100.00 100.00 100.00 100.00 100.00 100.00 100.00 100.00 100.00 100.00 100.00 100.00 100.00 100.00 100.00 100.00 100.00 100.00 100.00 100.00 100.00 100.00 100.00 100.00
pilW 75.68 75.68 75.68 . . . . . . . . . . 75.68 75.68 75.68 75.68 . 75.68 75.68 . 75.68 . 75.68 75.68 75.68 . 75.68 75.68 75.68 75.68 75.68 75.68 . 75.68 . . .
pipB 100.00 100.00 100.00 100.00 100.00 100.00 100.00 . 100.00 100.00 100.00 100.00 100.00 100.00 100.00 100.00 100.00 100.00 100.00 100.00 . 100.00 100.00 100.00 100.00 100.00 100.00 100.00 100.00 100.00 100.00 100.00 100.00 100.00 100.00 100.00 100.00 100.00
pipB2 100.00 100.00 100.00 100.00 100.00 100.00 100.00 100.00 100.00 100.00 100.00 100.00 100.00 100.00 100.00 100.00 100.00 100.00 100.00 100.00 100.00 100.00 100.00 100.00 100.00 100.00 . 100.00 100.00 100.00 100.00 100.00 100.00 100.00 100.00 100.00 100.00 100.00
pla 84.03 84.03 84.03 84.03 84.03 84.03 84.03 84.03 84.03 84.03 84.03 84.03 84.03 84.03 84.03 84.03 84.03 84.03 84.03 84.03 84.03 84.03 84.03 84.03 84.03 84.03 84.03 84.03 84.03 84.03 84.03 84.03 84.03 84.03 84.03 84.03 84.03 84.03
prgH 100.00 100.00 100.00 100.00 100.00 100.00 100.00 100.00 100.00 100.00 100.00 100.00 100.00 100.00 100.00 100.00 100.00 100.00 100.00 100.00 100.00 100.00 100.00 100.00 100.00 100.00 100.00 100.00 100.00 100.00 100.00 100.00 100.00 100.00 100.00 100.00 100.00 100.00
prgI 100.00 100.00 100.00 100.00 100.00 100.00 100.00 100.00 100.00 100.00 100.00 100.00 100.00 100.00 100.00 100.00 100.00 100.00 100.00 100.00 100.00 100.00 100.00 100.00 100.00 100.00 100.00 100.00 100.00 100.00 100.00 100.00 100.00 100.00 100.00 100.00 100.00 100.00
prgJ 100.00 100.00 100.00 100.00 100.00 100.00 100.00 100.00 100.00 100.00 100.00 100.00 100.00 100.00 100.00 100.00 100.00 100.00 100.00 100.00 100.00 100.00 100.00 100.00 100.00 100.00 100.00 100.00 100.00 100.00 100.00 100.00 100.00 100.00 100.00 100.00 100.00 100.00
prgK 100.00 100.00 100.00 100.00 100.00 100.00 100.00 100.00 100.00 100.00 100.00 100.00 100.00 100.00 100.00 100.00 100.00 100.00 100.00 100.00 100.00 100.00 100.00 100.00 100.00 100.00 100.00 100.00 100.00 100.00 100.00 100.00 100.00 100.00 100.00 100.00 100.00 100.00
ratB 100.00 100.00 100.00 98.75 98.75 . 98.75 98.75 98.75 . . . . 100.00 100.00 100.00 100.00 . 100.00 100.00 98.75 100.00 . 100.00 100.00 100.00 99.79 100.00 100.00 100.00 100.00 100.00 100.00 . 100.00 . 98.75 98.75
rfaD 98.60 98.60 98.60 98.71 98.71 98.71 98.71 98.71 98.71 98.71 98.71 98.71 98.71 98.60 98.60 98.60 98.60 98.71 98.60 98.60 98.71 98.60 98.71 98.60 98.60 98.60 98.71 98.60 98.60 98.60 98.60 98.60 98.60 98.71 98.60 98.71 98.71 98.71
rfaE 77.64 77.64 77.64 77.64 77.64 77.64 77.64 77.64 77.64 77.64 77.64 77.64 77.64 77.64 77.64 77.64 77.64 77.64 77.64 77.64 77.64 77.64 77.64 77.64 77.64 77.64 77.64 77.64 77.64 77.64 77.64 77.64 77.64 77.64 77.64 77.64 77.64 77.64
rffG . . . 75.05 75.05 75.05 75.05 75.05 75.05 75.05 75.05 75.05 75.05 . . . . 75.05 . . 75.05 . 75.05 . . . 75.05 . . . . . . 75.05 . 75.05 75.05 75.05
shdA 100.00 100.00 100.00 83.50 83.50 . 83.50 83.50 83.50 . . 83.50 83.50 100.00 100.00 100.00 100.00 . 100.00 100.00 . 100.00 . 100.00 100.00 100.00 . 100.00 100.00 100.00 100.00 100.00 100.00 83.50 100.00 . 83.50 83.50
sicA 100.00 100.00 100.00 100.00 100.00 100.00 100.00 100.00 100.00 100.00 100.00 100.00 100.00 100.00 100.00 100.00 100.00 100.00 100.00 100.00 100.00 100.00 100.00 100.00 100.00 100.00 100.00 100.00 100.00 100.00 100.00 100.00 100.00 100.00 100.00 100.00 100.00 100.00
sicP 100.00 100.00 100.00 100.00 100.00 100.00 100.00 100.00 100.00 100.00 100.00 100.00 100.00 100.00 100.00 100.00 100.00 100.00 100.00 100.00 100.00 100.00 100.00 100.00 100.00 100.00 100.00 100.00 100.00 100.00 100.00 100.00 100.00 100.00 100.00 100.00 100.00 100.00
sifA 100.00 100.00 100.00 100.00 100.00 100.00 100.00 100.00 100.00 100.00 100.00 100.00 100.00 100.00 100.00 100.00 100.00 100.00 100.00 100.00 100.00 100.00 100.00 100.00 100.00 100.00 100.00 100.00 100.00 100.00 100.00 100.00 100.00 100.00 100.00 100.00 100.00 100.00
sifB . . . . . . . . . . . . . . . . . . . . . . . . . . 100.00 . . . . . . . . . . .
sinH 100.00 100.00 100.00 100.00 100.00 . 100.00 100.00 100.00 . . . . 100.00 100.00 100.00 100.00 . 100.00 100.00 100.00 100.00 . 100.00 100.00 100.00 100.00 100.00 100.00 100.00 100.00 100.00 100.00 . 100.00 . 100.00 100.00
sipA/sspA 100.00 100.00 100.00 100.00 100.00 100.00 100.00 100.00 100.00 100.00 100.00 100.00 100.00 100.00 100.00 100.00 100.00 100.00 100.00 100.00 100.00 100.00 100.00 100.00 100.00 100.00 100.00 100.00 100.00 100.00 100.00 100.00 100.00 100.00 100.00 100.00 100.00 100.00
sipB/sspB 100.00 100.00 100.00 100.00 100.00 100.00 100.00 100.00 100.00 100.00 100.00 100.00 100.00 100.00 100.00 100.00 100.00 100.00 100.00 100.00 100.00 100.00 100.00 100.00 100.00 100.00 100.00 100.00 100.00 100.00 100.00 100.00 100.00 100.00 100.00 100.00 100.00 100.00
sipC/sspC 100.00 100.00 100.00 100.00 100.00 100.00 100.00 100.00 100.00 100.00 100.00 100.00 100.00 100.00 100.00 100.00 100.00 100.00 100.00 100.00 100.00 100.00 100.00 100.00 100.00 100.00 100.00 100.00 100.00 100.00 100.00 100.00 100.00 100.00 100.00 100.00 100.00 100.00
sipD 100.00 100.00 100.00 99.03 99.03 99.03 99.03 99.03 99.03 99.03 99.03 99.03 99.03 100.00 100.00 100.00 100.00 99.03 100.00 100.00 99.03 100.00 99.03 100.00 100.00 100.00 99.03 100.00 100.00 100.00 100.00 100.00 100.00 99.03 100.00 99.03 99.03 99.03
slrP 100.00 100.00 100.00 100.00 100.00 100.00 100.00 100.00 100.00 100.00 100.00 100.00 100.00 100.00 100.00 100.00 100.00 100.00 100.00 100.00 100.00 100.00 100.00 100.00 100.00 100.00 98.69 100.00 100.00 100.00 100.00 100.00 100.00 100.00 100.00 100.00 100.00 100.00
sopA 100.00 100.00 100.00 . . . . . . . . . . 100.00 100.00 100.00 100.00 . 100.00 100.00 . 100.00 . 100.00 100.00 100.00 100.00 100.00 100.00 100.00 100.00 100.00 100.00 . 100.00 . . .
sopB/sigD 100.00 81.49 100.00 99.41 99.41 99.41 99.41 99.41 99.41 99.41 99.41 99.41 99.41 100.00 100.00 100.00 100.00 99.41 100.00 100.00 99.41 100.00 99.41 100.00 100.00 100.00 100.00 100.00 100.00 100.00 100.00 100.00 100.00 99.41 100.00 99.41 99.41 99.41
sopD 100.00 100.00 100.00 100.00 100.00 100.00 100.00 100.00 100.00 100.00 100.00 100.00 100.00 100.00 100.00 100.00 100.00 100.00 100.00 100.00 100.00 100.00 100.00 100.00 100.00 100.00 100.00 100.00 100.00 100.00 100.00 100.00 100.00 100.00 100.00 100.00 100.00 100.00
sopD2 100.00 100.00 100.00 100.00 100.00 100.00 100.00 100.00 100.00 100.00 100.00 100.00 100.00 100.00 100.00 100.00 100.00 100.00 100.00 100.00 100.00 100.00 100.00 100.00 100.00 100.00 100.00 100.00 100.00 100.00 100.00 100.00 100.00 100.00 100.00 100.00 100.00 100.00
sopE2 100.00 100.00 100.00 100.00;98.62 100.00;98.62 100.00;98.62 100.00;98.62 100.00;98.62 100.00;98.62 100.00;98.62 100.00;98.62 100.00;98.62 100.00;98.62 100.00 100.00 100.00 100.00 100.00;98.62 100.00 100.00 98.62;100.00 100.00 100.00;98.62 100.00 100.00 100.00 100.00 100.00 100.00 100.00 100.00 100.00 100.00 100.00;98.62 100.00 100.00;98.62 100.00;98.62 100.00;98.62
spaO 100.00 100.00 100.00 100.00 100.00 100.00 100.00 100.00 100.00 100.00 100.00 100.00 100.00 100.00 100.00 100.00 100.00 100.00 100.00 100.00 100.00 100.00 100.00 100.00 100.00 100.00 100.00 100.00 100.00 100.00 100.00 100.00 100.00 100.00 100.00 100.00 100.00 100.00
spaP 100.00 100.00 100.00 100.00 100.00 100.00 100.00 100.00 100.00 100.00 100.00 100.00 100.00 100.00 100.00 100.00 100.00 100.00 100.00 100.00 100.00 100.00 100.00 100.00 100.00 100.00 100.00 100.00 100.00 100.00 100.00 100.00 100.00 100.00 100.00 100.00 100.00 100.00
spaQ 100.00 100.00 100.00 100.00 100.00 100.00 100.00 100.00 100.00 100.00 100.00 100.00 100.00 100.00 100.00 100.00 100.00 100.00 100.00 100.00 100.00 100.00 100.00 100.00 100.00 100.00 100.00 100.00 100.00 100.00 100.00 100.00 100.00 100.00 100.00 100.00 100.00 100.00
spaR 100.00 100.00 100.00 100.00 100.00 100.00 100.00 100.00 100.00 100.00 100.00 100.00 100.00 100.00 100.00 100.00 100.00 100.00 100.00 100.00 100.00 100.00 100.00 100.00 100.00 100.00 100.00 100.00 100.00 100.00 100.00 100.00 100.00 100.00 100.00 100.00 100.00 100.00
spaS 100.00 100.00 100.00 100.00 100.00 100.00 100.00 100.00 100.00 100.00 100.00 100.00 100.00 100.00 100.00 100.00 100.00 100.00 100.00 100.00 100.00 100.00 100.00 100.00 100.00 100.00 100.00 100.00 100.00 100.00 100.00 100.00 100.00 100.00 100.00 100.00 100.00 100.00
spiC/ssaB 95.52 95.52 95.52 95.52 95.52 95.52 95.52 95.52 95.52 95.52 95.52 95.52 95.52 95.52 95.52 95.52 95.52 95.52 95.52 95.52 95.52 95.52 95.52 95.52 95.52 95.52 95.52 95.52 95.52 95.52 95.52 95.52 95.52 95.52 95.52 95.52 95.52 95.52
sptP 98.53 98.53 98.53 89.89 89.89 . 89.89 89.89 . . . . . 98.53 98.53 98.53 98.53 . 98.53 98.53 73.77 98.53 . 98.53 98.53 98.53 98.53 98.53 98.53 98.53 98.53 98.53 98.53 . 98.53 . 89.89 89.89
ssaC 100.00 100.00 100.00 100.00 100.00 100.00 100.00 100.00 100.00 100.00 100.00 100.00 100.00 100.00 100.00 100.00 100.00 100.00 100.00 100.00 100.00 100.00 100.00 100.00 100.00 100.00 100.00 100.00 100.00 100.00 100.00 100.00 100.00 100.00 100.00 100.00 100.00 100.00
ssaD 100.00 100.00 100.00 100.00 100.00 100.00 100.00 100.00 100.00 100.00 100.00 100.00 100.00 100.00 100.00 100.00 100.00 100.00 100.00 100.00 100.00 100.00 100.00 100.00 100.00 100.00 100.00 100.00 100.00 100.00 100.00 100.00 100.00 100.00 100.00 100.00 100.00 100.00
ssaE 100.00 100.00 100.00 100.00 100.00 100.00 100.00 100.00 100.00 100.00 100.00 100.00 100.00 100.00 100.00 100.00 100.00 100.00 100.00 100.00 100.00 100.00 100.00 100.00 100.00 100.00 100.00 100.00 100.00 100.00 100.00 100.00 100.00 100.00 100.00 100.00 100.00 100.00
ssaG 100.00 100.00 100.00 100.00 100.00 100.00 100.00 100.00 100.00 100.00 100.00 100.00 100.00 100.00 100.00 100.00 100.00 100.00 100.00 100.00 100.00 100.00 100.00 100.00 100.00 100.00 100.00 100.00 100.00 100.00 100.00 100.00 100.00 100.00 100.00 100.00 100.00 100.00
ssaH 100.00 100.00 100.00 100.00 100.00 100.00 100.00 100.00 100.00 100.00 100.00 100.00 100.00 100.00 100.00 100.00 100.00 100.00 100.00 100.00 100.00 100.00 100.00 100.00 100.00 100.00 100.00 100.00 100.00 100.00 100.00 100.00 100.00 100.00 100.00 100.00 100.00 100.00
ssaI 100.00 100.00 100.00 100.00 100.00 100.00 100.00 100.00 100.00 100.00 100.00 100.00 100.00 100.00 100.00 100.00 100.00 100.00 100.00 100.00 100.00 100.00 100.00 100.00 100.00 100.00 100.00 100.00 100.00 100.00 100.00 100.00 100.00 100.00 100.00 100.00 100.00 100.00
ssaJ 100.00 100.00 100.00 86.40 86.40 86.40 86.40 86.40 86.40 86.40 86.40 86.40 86.40 100.00 100.00 100.00 100.00 86.40 100.00 100.00 86.40 100.00 86.40 100.00 100.00 100.00 86.40 100.00 100.00 100.00 100.00 100.00 100.00 86.40 100.00 86.40 86.40 86.40
ssaK 100.00 100.00 100.00 100.00 100.00 100.00 100.00 100.00 100.00 100.00 100.00 100.00 100.00 100.00 100.00 100.00 100.00 100.00 100.00 100.00 100.00 100.00 100.00 100.00 100.00 100.00 100.00 100.00 100.00 100.00 100.00 100.00 100.00 100.00 100.00 100.00 100.00 100.00
ssaL 97.64 97.64 97.64 97.64 97.64 97.64 97.64 97.64 97.64 97.64 97.64 97.64 97.64 97.64 97.64 97.64 97.64 97.64 97.64 97.64 97.64 97.64 97.64 97.64 97.64 97.64 97.64 97.64 97.64 97.64 97.64 97.64 97.64 97.64 97.64 97.64 97.64 97.64
ssaM 100.00 100.00 100.00 100.00 100.00 100.00 100.00 100.00 100.00 100.00 100.00 100.00 100.00 100.00 100.00 100.00 100.00 100.00 100.00 100.00 100.00 100.00 100.00 100.00 100.00 100.00 100.00 100.00 100.00 100.00 100.00 100.00 100.00 100.00 100.00 100.00 100.00 100.00
ssaN 100.00 100.00 100.00 100.00 100.00 99.54 100.00 100.00 99.54 99.54 99.54 99.54 99.54 100.00 100.00 100.00 100.00 99.54 100.00 100.00 100.00 100.00 99.54 100.00 100.00 100.00 100.00 100.00 100.00 100.00 100.00 100.00 100.00 99.54 100.00 99.54 100.00 100.00
ssaO 100.00 100.00 100.00 100.00 100.00 100.00 100.00 100.00 100.00 100.00 100.00 100.00 100.00 100.00 100.00 100.00 100.00 100.00 100.00 100.00 100.00 100.00 100.00 100.00 100.00 100.00 100.00 100.00 100.00 100.00 100.00 100.00 100.00 100.00 100.00 100.00 100.00 100.00
ssaP 100.00 100.00 100.00 100.00 100.00 100.00 100.00 100.00 100.00 100.00 100.00 100.00 100.00 100.00 100.00 100.00 100.00 100.00 100.00 100.00 100.00 100.00 100.00 100.00 100.00 100.00 100.00 100.00 100.00 100.00 100.00 100.00 100.00 100.00 100.00 100.00 100.00 100.00
ssaQ 100.00 100.00 100.00 100.00 100.00 100.00 100.00 100.00 100.00 100.00 100.00 100.00 100.00 100.00 100.00 100.00 100.00 100.00 100.00 100.00 100.00 100.00 100.00 100.00 100.00 100.00 100.00 100.00 100.00 100.00 100.00 100.00 100.00 100.00 100.00 100.00 100.00 100.00
ssaR 100.00 100.00 100.00 100.00 100.00 100.00 100.00 100.00 100.00 100.00 100.00 100.00 100.00 100.00 100.00 100.00 100.00 100.00 100.00 100.00 100.00 100.00 100.00 100.00 100.00 100.00 100.00 100.00 100.00 100.00 100.00 100.00 100.00 100.00 100.00 100.00 100.00 100.00
ssaS 100.00 100.00 100.00 100.00 100.00 100.00 100.00 100.00 100.00 100.00 100.00 100.00 100.00 100.00 100.00 100.00 100.00 100.00 100.00 100.00 100.00 100.00 100.00 100.00 100.00 100.00 100.00 100.00 100.00 100.00 100.00 100.00 100.00 100.00 100.00 100.00 100.00 100.00
ssaT 100.00 100.00 100.00 100.00 100.00 100.00 100.00 100.00 100.00 100.00 100.00 100.00 100.00 100.00 100.00 100.00 100.00 100.00 100.00 100.00 100.00 100.00 100.00 100.00 100.00 100.00 100.00 100.00 100.00 100.00 100.00 100.00 100.00 100.00 100.00 100.00 100.00 100.00
ssaU 100.00 100.00 100.00 100.00 100.00 100.00 100.00 100.00 100.00 100.00 100.00 100.00 100.00 100.00 100.00 100.00 100.00 100.00 100.00 100.00 100.00 100.00 100.00 100.00 100.00 100.00 100.00 100.00 100.00 100.00 100.00 100.00 100.00 100.00 100.00 100.00 100.00 100.00
ssaV 100.00 100.00 100.00 100.00 100.00 100.00 100.00 100.00 100.00 100.00 100.00 100.00 100.00 100.00 100.00 100.00 100.00 100.00 100.00 100.00 100.00 100.00 100.00 100.00 100.00 100.00 100.00 100.00 100.00 100.00 100.00 100.00 100.00 100.00 100.00 100.00 100.00 100.00
sscA 100.00 100.00 100.00 100.00 100.00 100.00 100.00 100.00 100.00 100.00 100.00 100.00 100.00 100.00 100.00 100.00 100.00 100.00 100.00 100.00 100.00 100.00 100.00 100.00 100.00 100.00 100.00 100.00 100.00 100.00 100.00 100.00 100.00 100.00 100.00 100.00 100.00 100.00
sscB 98.62 98.62 98.62 98.62 98.62 98.62 98.62 98.62 98.62 98.62 98.62 98.62 98.62 98.62 98.62 98.62 98.62 98.62 98.62 98.62 98.62 98.62 98.62 98.62 98.62 98.62 98.62 98.62 98.62 98.62 98.62 98.62 98.62 98.62 98.62 98.62 98.62 98.62
sseA 99.08 99.08 99.08 99.08 99.08 99.08 99.08 99.08 99.08 99.08 99.08 99.08 99.08 99.08 99.08 99.08 99.08 99.08 99.08 99.08 99.08 99.08 99.08 99.08 99.08 99.08 99.08 99.08 99.08 99.08 99.08 99.08 99.08 99.08 99.08 99.08 99.08 99.08
sseB 100.00 100.00 100.00 100.00 100.00 100.00 100.00 100.00 100.00 100.00 100.00 100.00 100.00 100.00 100.00 100.00 100.00 100.00 100.00 100.00 100.00 100.00 100.00 100.00 100.00 100.00 100.00 100.00 100.00 100.00 100.00 100.00 100.00 100.00 100.00 100.00 100.00 100.00
sseC 100.00 100.00 100.00 100.00 100.00 100.00 100.00 100.00 100.00 100.00 100.00 100.00 100.00 100.00 100.00 100.00 100.00 100.00 100.00 100.00 100.00 100.00 100.00 100.00 100.00 100.00 100.00 100.00 100.00 100.00 100.00 100.00 100.00 100.00 100.00 100.00 100.00 100.00
sseD 100.00 100.00 100.00 100.00 100.00 100.00 100.00 100.00 100.00 100.00 100.00 100.00 100.00 100.00 100.00 100.00 100.00 100.00 100.00 100.00 100.00 100.00 100.00 100.00 100.00 100.00 100.00 100.00 100.00 100.00 100.00 100.00 100.00 100.00 100.00 100.00 100.00 100.00
sseE 100.00 100.00 100.00 100.00 100.00 100.00 100.00 100.00 100.00 100.00 100.00 100.00 100.00 100.00 100.00 100.00 100.00 100.00 100.00 100.00 100.00 100.00 100.00 100.00 100.00 100.00 100.00 100.00 100.00 100.00 100.00 100.00 100.00 100.00 100.00 100.00 100.00 100.00
sseF 100.00 100.00 100.00 100.00 100.00 100.00 100.00 100.00 100.00 100.00 100.00 100.00 100.00 100.00 100.00 100.00 100.00 100.00 100.00 100.00 100.00 100.00 100.00 100.00 100.00 100.00 100.00 100.00 100.00 100.00 100.00 100.00 100.00 100.00 100.00 100.00 100.00 100.00
sseG 100.00 100.00 100.00 100.00 100.00 100.00 100.00 100.00 100.00 100.00 100.00 100.00 100.00 100.00 100.00 100.00 100.00 100.00 100.00 100.00 100.00 100.00 100.00 100.00 100.00 100.00 100.00 100.00 100.00 100.00 100.00 100.00 100.00 100.00 100.00 100.00 100.00 100.00
sseI/srfH . . . . . 88.85 . . . 88.85 88.85 88.85 88.85 . . . . 100.00 . . . . 88.85 . . . . . . . . . . 79.26 . 88.85 . .
sseJ 100.00 100.00 100.00 100.00 100.00 100.00 100.00 100.00 100.00 100.00 100.00 100.00 100.00 100.00 100.00 100.00 100.00 100.00 100.00 100.00 100.00 100.00 100.00 100.00 100.00 100.00 100.00 100.00 100.00 100.00 100.00 100.00 100.00 100.00 100.00 100.00 100.00 100.00
sseK1 100.00 100.00 100.00 . . . . . . . . . . 100.00 100.00 100.00 100.00 . 100.00 100.00 78.64 100.00 . 100.00 100.00 100.00 100.00 100.00 100.00 100.00 100.00 100.00 100.00 . 100.00 . . .
sseK2 96.28 96.28 96.28 95.70 95.70 95.70 95.70 95.70 95.70 95.70 95.70 95.70 95.70 96.28 96.28 96.28 96.28 95.70 96.28 96.28 95.70 96.28 95.70 96.28 96.28 96.28 . 96.28 96.28 96.28 96.28 96.28 96.28 95.70 96.28 95.70 95.70 95.70
sseL 100.00 100.00 100.00 100.00 100.00 100.00 100.00 100.00 100.00 100.00 100.00 100.00 100.00 100.00 100.00 100.00 100.00 100.00 100.00 100.00 100.00 100.00 100.00 100.00 100.00 100.00 100.00 100.00 100.00 100.00 100.00 100.00 100.00 100.00 100.00 100.00 100.00 100.00
sspH2 100.00 100.00 100.00 99.62 99.62 99.62 99.62 99.62 99.62 99.62 99.62 99.62 99.62 100.00 100.00 100.00 100.00 86.06 100.00 100.00 99.62 100.00 99.62 100.00 100.00 100.00 . 100.00 100.00 100.00 100.00 100.00 100.00 99.62 100.00 99.62 99.62 99.62
steA 100.00 100.00 100.00 100.00 100.00 100.00 100.00 100.00 100.00 100.00 100.00 100.00 99.21 100.00 100.00 100.00 100.00 100.00 100.00 100.00 100.00 100.00 100.00 100.00 100.00 100.00 100.00 100.00 100.00 100.00 100.00 100.00 100.00 100.00 100.00 100.00 100.00 100.00
steC 100.00 100.00 100.00 100.00 100.00 100.00 100.00 100.00 100.00 100.00 100.00 100.00 100.00 100.00 100.00 100.00 100.00 100.00 100.00 100.00 100.00 100.00 100.00 100.00 100.00 100.00 100.00 100.00 100.00 100.00 100.00 100.00 100.00 100.00 100.00 100.00 100.00 100.00
ybtA 100.00 100.00 100.00 . . . . . . . . . . 100.00 100.00 100.00 100.00 . 100.00 100.00 . . . . 100.00 100.00 . 100.00 100.00 100.00 100.00 100.00 100.00 . 100.00 . . .
ybtE 100.00 100.00 100.00 . . . . . . . . . . 100.00 100.00 100.00 100.00 . 100.00 100.00 . . . . 100.00 100.00 . 100.00 100.00 100.00 100.00 100.00 100.00 . 100.00 . . .
ybtP 100.00 100.00 100.00 . . . . . . . . . . 100.00 100.00 100.00 100.00 . 100.00 100.00 . . . . 100.00 100.00 . 100.00 100.00 100.00 100.00 100.00 100.00 . 100.00 . . .
ybtQ 100.00 100.00 100.00 . . . . . . . . . . 100.00 100.00 100.00 100.00 . 100.00 100.00 . . . . 100.00 100.00 . 100.00 100.00 100.00 100.00 100.00 100.00 . 100.00 . . .
ybtS 99.62 99.62 99.62 . . . . . . . . . . 99.62 99.62 99.62 99.62 . 83.07 99.62 . . . . 99.62 99.62 . 99.62 99.62 99.62 99.62 99.62 99.62 . 99.62 . . .
ybtT 100.00 100.00 100.00 . . . . . . . . . . 100.00 100.00 100.00 100.00 . 100.00 100.00 . . . . 100.00 100.00 . 100.00 100.00 100.00 100.00 100.00 100.00 . 100.00 . . .
ybtU 100.00 100.00 100.00 . . . . . . . . . . 100.00 100.00 100.00 100.00 . 100.00 100.00 . . . . 100.00 100.00 . 100.00 100.00 100.00 100.00 100.00 100.00 . 100.00 . . .
ybtX 100.00 100.00 100.00 . . . . . . . . . . 100.00 100.00 100.00 100.00 . 100.00 100.00 . . . . 100.00 100.00 . 100.00 100.00 100.00 100.00 100.00 100.00 . 100.00 . . .
