103477	SEQUENCE	START	END	STRAND	GENE	COVERAGE	COVERAGE_MAP	GAPS	%COVERAGE	%IDENTITY	DATABASE	ACCESSION	PRODUCT	RESISTANCE
103477	PROKKA_00270	1	1364	+	MDTK	1-1364/1374	========/======	2/2	99.20	80.59	megares	MEG_3759	Multi-compound:Drug_and_biocide_resistance:Drug_and_biocide_MATE_efflux_pumps:MDTK	
103477	PROKKA_00319	1	1150	+	OMP37	1-1123/1125	========/======	4/27	99.82	75.13	megares	MEG_4283	Drugs:betalactams:Mutant_porin_proteins:OMP37	
103477	PROKKA_00327	5	346	+	MDTJ	8-349/366	========/======	2/4	92.90	78.78	megares	MEG_3757	Multi-compound:Drug_and_biocide_resistance:Drug_and_biocide_SMR_efflux_pumps:MDTJ	
103477	PROKKA_00328	7	330	+	MDTI	7-330/330	===============	0/0	98.18	77.16	megares	MEG_3756	Multi-compound:Drug_and_biocide_resistance:Drug_and_biocide_SMR_efflux_pumps:MDTI	
103477	PROKKA_00366	1	350	+	MARA	1-350/384	==============.	0/0	91.15	89.14	megares	MEG_3661	Multi-compound:Drug_and_biocide_resistance:Drug_and_biocide_RND_efflux_regulator:MARA	
103477	PROKKA_00367	2	434	+	MARR	2-434/435	===============	0/0	99.54	82.22	megares	MEG_3663	Multi-compound:Drug_and_biocide_resistance:Drug_and_biocide_RND_efflux_regulator:MARR	
103477	PROKKA_00376	49	1049	+	OMP37	46-1043/1125	========/=====.	23/61	86.13	65.34	megares	MEG_4283	Drugs:betalactams:Mutant_porin_proteins:OMP37	
103477	PROKKA_00455	1	323	+	SOXS	1-323/324	===============	0/0	99.69	82.66	megares	MEG_6551	Multi-compound:Drug_and_biocide_and_metal_resistance:Drug_and_biocide_and_metal_resistance_regulator:SOXS	
103477	PROKKA_00484	1	1644	+	EPTA	1-1644/1644	========/======	2/4	99.88	76.73	megares	MEG_2739	Drugs:Cationic_antimicrobial_peptides:Lipid_A_modification:EPTA	
103477	PROKKA_00611	1	633	+	CRP	1-633/633	===============	0/0	100.00	87.84	megares	MEG_2132	Multi-compound:Drug_and_biocide_resistance:Drug_and_biocide_RND_efflux_regulator:CRP	
103477	PROKKA_01091	3	1949	+	ARNA	9-1952/1989	========/======	31/57	96.38	68.44	megares	MEG_1122	Drugs:Cationic_antimicrobial_peptides:Polymyxin_B_resistance_regulator:ARNA	
103477	PROKKA_01092	1	942	+	PMRF	1-942/969	===============	0/0	97.21	78.98	megares	MEG_5801	Drugs:Cationic_antimicrobial_peptides:Lipid_A_modification:PMRF	
103477	PROKKA_01094	1	606	+	PMRG	1-606/606	===============	0/0	100.00	98.19	megares	MEG_5802	Multi-compound:Drug_and_metal_resistance:Drug_and_metal_MFS_efflux_pumps:PMRG	
103477	PROKKA_01148	1	1367	+	CPXAR	1-1367/1374	===============	0/0	99.49	85.44	megares	MEG_2121	Multi-compound:Drug_and_biocide_resistance:Drug_and_biocide_RND_efflux_regulator:CPXAR	
103477	PROKKA_01149	1	699	+	CPXAR	1-699/699	===============	0/0	100.00	86.84	megares	MEG_2122	Multi-compound:Drug_and_biocide_resistance:Drug_and_biocide_RND_efflux_regulator:CPXAR	
103477	PROKKA_01251	1	1209	+	MDTH	1-1209/1209	========/======	2/6	99.75	78.88	megares	MEG_3755	Multi-compound:Drug_and_biocide_resistance:Drug_and_biocide_MFS_efflux_pumps:MDTH	
103477	PROKKA_01315	28	1442	+	PHOR	28-1445/1467	========/======	3/7	96.32	74.79	megares	MEG_5786	Multi-compound:Drug_and_biocide_resistance:Drug_and_biocide_SMR_efflux_regulator:PHOR	
103477	PROKKA_01413	1	1191	+	BCR	1-1191/1191	===============	0/0	100.00	80.77	megares	MEG_1210	Multi-compound:Drug_and_biocide_resistance:Drug_and_biocide_MFS_efflux_pumps:BCR	
103477	PROKKA_01453	1	1902	+	PBP2	1-1902/1902	===============	0/0	100.00	83.54	megares	MEG_5400	Drugs:betalactams:Penicillin_binding_protein:PBP2	
103477	PROKKA_01512	1	342	+	RAMA	34-375/375	.==============	0/0	91.20	79.83	megares	MEG_6044	Drugs:Multi-drug_resistance:Multi-drug_RND_efflux_regulator:RAMA	
103477	PROKKA_01526	1	1158	+	AMPH	1-1158/1158	===============	0/0	100.00	80.22	megares	MEG_729	Drugs:betalactams:Penicillin_binding_protein:AMPH	
103477	PROKKA_01533	34	1148	+	MDTG	58-1169/1227	========/======	15/27	89.65	63.80	megares	MEG_3753	Multi-compound:Drug_and_biocide_resistance:Drug_and_biocide_MFS_efflux_pumps:MDTG	
103477	PROKKA_01634	1	1198	+	OMP37	1-1123/1125	========/======	16/95	98.93	70.86	megares	MEG_4283	Drugs:betalactams:Mutant_porin_proteins:OMP37	
103477	PROKKA_01677	1	723	+	SDIA	1-723/723	===============	0/0	100.00	99.58	megares	MEG_6176	Drugs:Multi-drug_resistance:Multi-drug_RND_efflux_pumps:SDIA	
103477	PROKKA_01714	400	1775	+	PBP2	412-1784/1902	...=====/======	18/45	71.08	65.50	megares	MEG_5400	Drugs:betalactams:Penicillin_binding_protein:PBP2	
103477	PROKKA_01911	1	818	+	BACA	1-818/822	========/======	2/2	99.39	85.84	megares	MEG_1189	Drugs:Bacitracin:Undecaprenyl_pyrophosphate_phosphatase:BACA	
103477	PROKKA_01993	31	1469	+	KMRA	31-1469/1500	========/======	13/22	95.20	73.10	megares	MEG_3460	Multi-compound:Drug_and_biocide_resistance:Drug_and_biocide_MFS_efflux_pumps:KMRA	
103477	PROKKA_02056	1	1856	+	ASMA	1-1853/1854	========/======	9/17	99.57	74.72	megares	MEG_1180	Drugs:Multi-drug_resistance:Multi-drug_RND_efflux_regulator:ASMA	
103477	PROKKA_02063	1	1242	+	MDTA	1-1242/1242	===============	0/0	100.00	98.95	megares	MEG_3744	Multi-compound:Drug_and_biocide_and_metal_resistance:Drug_and_biocide_and_metal_RND_efflux_pumps:MDTA	
103477	PROKKA_02064	1	3123	+	MDTB	1-3123/3123	===============	0/0	100.00	98.53	megares	MEG_3748	Multi-compound:Drug_and_biocide_and_metal_resistance:Drug_and_biocide_and_metal_RND_efflux_pumps:MDTB	
103477	PROKKA_02065	1	3081	+	MDTC	1-3081/3081	===============	0/0	100.00	98.73	megares	MEG_3750	Multi-compound:Drug_and_biocide_and_metal_resistance:Drug_and_biocide_and_metal_RND_efflux_pumps:MDTC	
103477	PROKKA_02067	1	1404	+	BAES	1-1404/1404	===============	0/0	100.00	98.29	megares	MEG_1194	Multi-compound:Drug_and_biocide_and_metal_resistance:Drug_and_biocide_and_metal_RND_efflux_regulator:BAES	
103477	PROKKA_02068	1	723	+	BAER	1-723/723	===============	0/0	100.00	99.17	megares	MEG_1191	Multi-compound:Drug_and_biocide_and_metal_resistance:Drug_and_biocide_and_metal_RND_efflux_regulator:BAER	
103477	PROKKA_02153	1	414	+	HNS	1-414/414	===============	0/0	100.00	88.41	megares	MEG_3271	Drugs:Multi-drug_resistance:Multi-drug_RND_efflux_pumps:HNS	
103477	PROKKA_02214	1	1425	+	MDTK	1-1425/1425	===============	0/0	100.00	98.74	megares	MEG_3760	Multi-compound:Drug_and_biocide_resistance:Drug_and_biocide_MATE_efflux_pumps:MDTK	
103477	PROKKA_02283	1	1167	+	UGD	1-1167/1167	========/======	6/10	99.57	77.22	megares	MEG_7328	Drugs:Cationic_antimicrobial_peptides:Lipid_A_modification:UGD	
103477	PROKKA_02532	1	870	+	ROBA	1-870/870	===============	0/0	100.00	81.38	megares	MEG_6082	Multi-compound:Drug_and_biocide_and_metal_resistance:Drug_and_biocide_and_metal_RND_efflux_pumps:ROBA	
103477	PROKKA_02644	1	1219	+	MDFA	1-1219/1233	===============	0/0	98.86	79.33	megares	MEG_3737	Multi-compound:Drug_and_biocide_resistance:Drug_and_biocide_MFS_efflux_pumps:MDFA	
103477	PROKKA_02690	1	673	+	KDPE	1-673/678	========/======	2/2	99.12	81.45	megares	MEG_3448	Drugs:Aminoglycosides:Aminoglycoside_efflux_pumps:KDPE	
103477	PROKKA_02884	1	531	+	EMRR	1-531/531	===============	0/0	100.00	85.50	megares	MEG_2734	Multi-compound:Drug_and_biocide_resistance:Drug_and_biocide_MFS_efflux_regulator:EMRR	
103477	PROKKA_02885	1	1173	+	EMRA	1-1173/1173	========/======	2/2	99.91	82.54	megares	MEG_2721	Multi-compound:Drug_and_biocide_resistance:Drug_and_biocide_MFS_efflux_pumps:EMRA	
103477	PROKKA_02886	1	1539	+	EMRB	1-1539/1539	===============	0/0	100.00	84.34	megares	MEG_2725	Multi-compound:Drug_and_biocide_resistance:Drug_and_biocide_MFS_efflux_pumps:EMRB	
103477	PROKKA_03265	75	1182	+	ROSA	87-1197/1233	========/======	19/29	88.81	69.39	megares	MEG_6083	Drugs:Multi-drug_resistance:Multi-drug_MFS_efflux_pumps:ROSA	
103477	PROKKA_03266	1	1620	+	ROSB	1-1620/1692	========/======	13/24	95.04	69.30	megares	MEG_6084	Drugs:Multi-drug_resistance:Multi-drug_MFS_efflux_pumps:ROSB	
103477	PROKKA_03477	1	227	+	ACT	1-227/232	========/======	2/6	96.55	70.87	megares	MEG_497	Drugs:betalactams:Class_C_betalactamases:ACT	
103477	PROKKA_03607	1	1137	+	KPNO	1-1098/1098	========/======	14/65	98.82	77.74	megares	MEG_3516	Multi-compound:Drug_and_biocide_resistance:Drug_and_biocide_SMR_efflux_pumps:KPNO	
103477	PROKKA_03611	1	1644	+	YOGI	1-1644/1644	========/======	3/4	99.88	80.07	megares	MEG_7842	Multi-compound:Drug_and_biocide_resistance:Drug_and_biocide_ABC_efflux_pumps:YOGI	
103477	PROKKA_03629	1	1185	+	EMRD	7-1191/1191	========/======	2/2	99.41	83.22	megares	MEG_2729	Multi-compound:Drug_and_biocide_resistance:Drug_and_biocide_MFS_efflux_pumps:EMRD	
103477	PROKKA_03836	148	986	+	KPNO	151-1022/1098	.=======/======	15/67	74.86	64.23	megares	MEG_3516	Multi-compound:Drug_and_biocide_resistance:Drug_and_biocide_SMR_efflux_pumps:KPNO	
103477	PROKKA_03839	70	421	+	TET34	70-421/465	..======/=====.	2/2	75.48	72.52	megares	MEG_6976	Drugs:Tetracyclines:Tetracycline_inactivation_enzymes:TET34	
103477	PROKKA_03920	1	1749	+	MSBA	1-1749/1749	===============	0/0	100.00	84.85	megares	MEG_4061	Drugs:Multi-drug_resistance:Multi-drug_ABC_efflux_pumps:MSBA	
103477	PROKKA_03985	1	1194	+	ACRA	1-1194/1194	===============	0/0	100.00	83.00	megares	MEG_399	Multi-compound:Drug_and_biocide_resistance:Drug_and_biocide_RND_efflux_pumps:ACRA	
103477	PROKKA_03986	1	3132	+	ACRB	1-3132/3150	========/======	2/2	99.40	85.67	megares	MEG_401	Multi-compound:Drug_and_biocide_resistance:Drug_and_biocide_RND_efflux_pumps:ACRB	
103477	PROKKA_04012	34	1226	+	MDTM	25-1217/1233	===============	0/0	96.76	78.12	megares	MEG_3761	Multi-compound:Drug_and_biocide_resistance:Drug_and_biocide_MFS_efflux_pumps:MDTM	
103477	PROKKA_04216	1	3114	+	ACRD	1-3114/3114	===============	0/0	100.00	98.72	megares	MEG_404	Multi-compound:Drug_and_biocide_and_metal_resistance:Drug_and_biocide_and_metal_RND_efflux_pumps:ACRD	
