94222	SEQUENCE	START	END	STRAND	GENE	COVERAGE	COVERAGE_MAP	GAPS	%COVERAGE	%IDENTITY	DATABASE	ACCESSION	PRODUCT	RESISTANCE
94222	PROKKA_00001	1	363	+	gtrA	1-363/363	===============	0/0	100.00	74.38	vfdb	NP_706257	(gtrA) bactoprenol-linked glucose translocase/flippase [LPS (VF0124)] [Shigella flexneri 2a str. 301]	
94222	PROKKA_00007	1	519	+	fimF	1-519/519	===============	0/0	100.00	98.46	vfdb	NP_459543	(fimF) type I fimbriae adaptor protein FimF [Type 1 fimbriae (VF0102)] [Salmonella enterica subsp. enterica serovar Typhimurium str. LT2]	
94222	PROKKA_00008	1	1008	+	fimH	1-1008/1008	===============	0/0	100.00	98.21	vfdb	NP_459542	(fimH) type I fimbriae minor fimbrial subunit FimH adhesin [Type 1 fimbriae (VF0102)] [Salmonella enterica subsp. enterica serovar Typhimurium str. LT2]	
94222	PROKKA_00009	1	2613	+	fimD	1-2613/2613	===============	0/0	100.00	98.81	vfdb	NP_459541	(fimD) usher protein FimD [Type 1 fimbriae (VF0102)] [Salmonella enterica subsp. enterica serovar Typhimurium str. LT2]	
94222	PROKKA_00010	1	693	+	fimC	1-693/693	===============	0/0	100.00	98.70	vfdb	NP_459540	(fimC) chaperone protein FimC [Type 1 fimbriae (VF0102)] [Salmonella enterica subsp. enterica serovar Typhimurium str. LT2]	
94222	PROKKA_00011	1	534	+	fimI	1-534/534	===============	0/0	100.00	99.06	vfdb	NP_459539	(fimI) fimbrial protein internal segment [Type 1 fimbriae (VF0102)] [Salmonella enterica subsp. enterica serovar Typhimurium str. LT2]	
94222	PROKKA_00106	58	599	+	clpP	19-560/597	========/======	3/4	90.45	65.07	vfdb	NP_465991	(clpP) ATP-dependent Clp protease proteolytic subunit [ClpP (VF0074)] [Listeria monocytogenes EGD-e]	
94222	PROKKA_00244	130	542	+	gmhA/lpcA	130-542/585	...===========.	0/0	70.60	77.72	vfdb	NP_439337	(gmhA/lpcA) phosphoheptose isomerase [LOS (CVF494)] [Haemophilus influenzae Rd KW20]	
94222	PROKKA_00292	232	1487	+	hsiC1/vipB	229-1481/1497	..======/======	7/15	83.30	74.64	vfdb	NP_248774	(hsiC1/vipB) type VI secretion system tubule-forming protein VipB [HSI-I (VF0334)] [Pseudomonas aeruginosa PAO1]	
94222	PROKKA_00293	22	467	+	hsiB1/vipA	22-467/519	==============.	0/0	85.93	70.18	vfdb	NP_248773	(hsiB1/vipA) type VI secretion system tubule-forming protein VipA [HSI-I (VF0334)] [Pseudomonas aeruginosa PAO1]	
94222	PROKKA_00317	28	848	+	galU	4-830/888	========/======	7/18	91.78	69.99	vfdb	NP_438972	(galU) glucosephosphate uridylyltransferase [LOS (CVF494)] [Haemophilus influenzae Rd KW20]	
94222	PROKKA_00372	1	1374	+	steC	1-1374/1374	===============	0/0	100.00	98.54	vfdb	NP_460656	(steC) type III secretion system effector SteC [SPI-2 encoded T3SS (SS021)] [Salmonella enterica subsp. enterica serovar Typhimurium str. LT2]	
94222	PROKKA_00439	1	1227	+	sseJ	1-1227/1227	===============	0/0	100.00	99.76	vfdb	NP_460590	(sseJ) type III secretion system effector SseJ glycerophospholipid:cholesterol acyltransferase [TTSS(SPI-2 encode) (VF0321)] [Salmonella enterica subsp. enterica serovar Typhimurium str. LT2]	
94222	PROKKA_00487	1	633	+	steA	1-633/633	===============	0/0	100.00	94.79	vfdb	NP_460542	(steA) type III secretion system effector SteA [SPI-1 encoded T3SS (SS010)] [Salmonella enterica subsp. enterica serovar Typhimurium str. LT2]	
94222	PROKKA_00638	1	2349	+	sopA	1-2349/2349	===============	0/0	100.00	98.68	vfdb	NP_461011	(sopA) type III secretion system effector SopA E3 ubiquitin ligase [TTSS(SPI-1 encode) (VF0116)] [Salmonella enterica subsp. enterica serovar Typhimurium str. LT2]	
94222	PROKKA_00723	1	247	+	fliQ	1-247/270	==============.	0/0	91.48	72.47	vfdb	YP_001006752	(fliQ) flagellar biosynthetic protein FliQ [Flagella (VF0394)] [Yersinia enterocolitica subsp. enterocolitica 8081]	
94222	PROKKA_00724	61	737	+	fliP	10-686/687	========/======	2/2	98.40	75.37	vfdb	YP_001006751	(fliP) flagellar biosynthetic protein FliP [Flagella (VF0394)] [Yersinia enterocolitica subsp. enterocolitica 8081]	
94222	PROKKA_00727	1	1001	+	fliM	1-998/1005	========/======	3/5	99.20	75.85	vfdb	YP_001006748	(fliM) flagellar motor switch protein FliM [Flagella (VF0394)] [Yersinia enterocolitica subsp. enterocolitica 8081]	
94222	PROKKA_00731	76	1316	+	fliI	43-1280/1332	========/======	6/13	92.57	74.08	vfdb	YP_001006744	(fliI) flagellum-specific ATP synthase FliI [Flagella (VF0394)] [Yersinia enterocolitica subsp. enterocolitica 8081]	
94222	PROKKA_00733	15	994	+	fliG	12-991/993	===============	0/0	98.69	79.08	vfdb	YP_001006742	(fliG) flagellar motor switch protein G [Flagella (VF0394)] [Yersinia enterocolitica subsp. enterocolitica 8081]	
94222	PROKKA_00734	55	1445	+	fliF	61-1466/1701	========/=====.	23/45	80.89	68.26	vfdb	YP_001006741	(fliF) flagellar M-ring protein FliF [Flagella (VF0394)] [Yersinia enterocolitica subsp. enterocolitica 8081]	
94222	PROKKA_00742	41	374	+	fliS	41-374/399	.==============	0/0	83.71	70.06	vfdb	YP_001006732	(fliS) flagellar protein FliS [Flagella (VF0394)] [Yersinia enterocolitica subsp. enterocolitica 8081]	
94222	PROKKA_00746	10	702	+	fliA	10-702/723	========/======	2/2	95.71	76.08	vfdb	YP_001006726	(fliA) flagellar biosynthesis sigma factor [Flagella (VF0394)] [Yersinia enterocolitica subsp. enterocolitica 8081]	
94222	PROKKA_00774	6	281	+	flhD	15-290/360	========/====..	2/2	76.39	70.76	vfdb	YP_001006784	(flhD) flagellar transcriptional activator FlhD [Flagella (VF0394)] [Yersinia enterocolitica subsp. enterocolitica 8081]	
94222	PROKKA_00775	6	561	+	flhC	6-564/582	========/======	3/5	95.36	74.82	vfdb	YP_001006783	(flhC) flagellar biosynthesis transcription activator FlhC [Flagella (VF0394)] [Yersinia enterocolitica subsp. enterocolitica 8081]	
94222	PROKKA_00776	13	842	+	motA	13-842/888	========/======	3/4	93.24	73.68	vfdb	YP_001006782	(motA) flagellar motor protein MotA [peritrichous flagella (AI145)] [Yersinia enterocolitica subsp. enterocolitica 8081]	
94222	PROKKA_00779	25	480	+	cheW	25-480/498	========/======	2/2	91.37	75.27	vfdb	YP_001006779	(cheW) purine-binding chemotaxis protein CheW [peritrichous flagella (AI145)] [Yersinia enterocolitica subsp. enterocolitica 8081]	
94222	PROKKA_00781	37	857	+	cheR	1-821/828	========/======	8/8	98.67	70.06	vfdb	YP_001006776	(cheR) chemotaxis methyltransferase CheR [peritrichous flagella (AI145)] [Yersinia enterocolitica subsp. enterocolitica 8081]	
94222	PROKKA_00782	1	1027	+	cheB	1-1030/1050	========/======	8/31	96.48	73.75	vfdb	YP_001006775	(cheB) chemotaxis-specific methylesterase CheB [peritrichous flagella (AI145)] [Yersinia enterocolitica subsp. enterocolitica 8081]	
94222	PROKKA_00783	1	388	+	cheY	1-388/390	===============	0/0	99.49	77.32	vfdb	YP_001006774	(cheY) chemotaxis regulatory protein CheY [peritrichous flagella (AI145)] [Yersinia enterocolitica subsp. enterocolitica 8081]	
94222	PROKKA_00784	73	647	+	cheZ	70-644/645	.=======/======	6/24	87.29	71.89	vfdb	YP_001006773	(cheZ) chemotaxis regulator CheZ [peritrichous flagella (AI145)] [Yersinia enterocolitica subsp. enterocolitica 8081]	
94222	PROKKA_00785	1	1125	+	flhB	1-1125/1152	========/======	15/38	96.01	68.53	vfdb	YP_001006771	(flhB) flagellar biosynthetic protein FlhB [Flagella (VF0394)] [Yersinia enterocolitica subsp. enterocolitica 8081]	
94222	PROKKA_00786	1	2071	+	flhA	1-2071/2079	========/======	8/14	99.28	74.25	vfdb	YP_001006770	(flhA) flagellar biosynthesis protein FlhA [Flagella (VF0394)] [Yersinia enterocolitica subsp. enterocolitica 8081]	
94222	PROKKA_00845	1	723	+	sopE2	1-723/723	===============	0/0	100.00	97.92	vfdb	NP_460811	(sopE2) type III secretion system effector SopE2 guanine nucleotide exchange factor [TTSS(SPI-1 encode) (VF0116)] [Salmonella enterica subsp. enterica serovar Typhimurium str. LT2]	
94222	PROKKA_00929	1	830	+	kdsA	1-829/855	========/======	3/7	96.61	70.95	vfdb	NP_439706	(kdsA) 2-dehydro-3-deoxyphosphooctonate aldolase [LOS (CVF494)] [Haemophilus influenzae Rd KW20]	
94222	PROKKA_00978	1	1059	+	ssaU	1-1059/1059	===============	0/0	100.00	99.91	vfdb	NP_460387	(ssaU) type III secretion system export apparatus switch protein SsaU [TTSS(SPI-2 encode) (VF0321)] [Salmonella enterica subsp. enterica serovar Typhimurium str. LT2]	
94222	PROKKA_00979	1	780	+	ssaT	1-780/780	===============	0/0	100.00	98.97	vfdb	NP_460386	(ssaT) type III secretion system minor export apparatus protein SsaT [TTSS(SPI-2 encode) (VF0321)] [Salmonella enterica subsp. enterica serovar Typhimurium str. LT2]	
94222	PROKKA_00980	1	267	+	ssaS	1-267/267	===============	0/0	100.00	99.25	vfdb	NP_460385	(ssaS) type III secretion system minor export apparatus protein SsaS [TTSS(SPI-2 encode) (VF0321)] [Salmonella enterica subsp. enterica serovar Typhimurium str. LT2]	
94222	PROKKA_00981	1	648	+	ssaR	1-648/648	===============	0/0	100.00	98.92	vfdb	NP_460384	(ssaR) type III secretion system minor export apparatus protein SsaR [TTSS(SPI-2 encode) (VF0321)] [Salmonella enterica subsp. enterica serovar Typhimurium str. LT2]	
94222	PROKKA_00982	1	969	+	ssaQ	1-969/969	===============	0/0	100.00	98.56	vfdb	NP_460383	(ssaQ) type III secretion system C ring protein SsaQ [TTSS(SPI-2 encode) (VF0321)] [Salmonella enterica subsp. enterica serovar Typhimurium str. LT2]	
94222	PROKKA_00983	1	375	+	ssaP	1-375/375	===============	0/0	100.00	99.20	vfdb	NP_460382	(ssaP) type III secretion system needle length regulator SsaP [TTSS(SPI-2 encode) (VF0321)] [Salmonella enterica subsp. enterica serovar Typhimurium str. LT2]	
94222	PROKKA_00984	55	432	+	ssaO	1-378/378	===============	0/0	100.00	99.73	vfdb	NP_460381	(ssaO) type III secretion system stalk protein SsaO [TTSS(SPI-2 encode) (VF0321)] [Salmonella enterica subsp. enterica serovar Typhimurium str. LT2]	
94222	PROKKA_00985	1	1302	+	ssaN	1-1302/1302	===============	0/0	100.00	98.85	vfdb	NP_460380	(ssaN) type III secretion system ATPase SsaN [TTSS(SPI-2 encode) (VF0321)] [Salmonella enterica subsp. enterica serovar Typhimurium str. LT2]	
94222	PROKKA_00986	1	2046	+	ssaV	1-2046/2046	===============	0/0	100.00	99.85	vfdb	NP_460379	(ssaV) type III secretion system major export apparatus protein ssaV [TTSS(SPI-2 encode) (VF0321)] [Salmonella enterica subsp. enterica serovar Typhimurium str. LT2]	
94222	PROKKA_00987	1	369	+	ssaM	1-369/369	===============	0/0	100.00	99.73	vfdb	NP_460378	(ssaM) type III secretion system protein SsaM [TTSS(SPI-2 encode) (VF0321)] [Salmonella enterica subsp. enterica serovar Typhimurium str. LT2]	
94222	PROKKA_00988	1	993	+	ssaL	25-1017/1017	===============	0/0	97.64	99.40	vfdb	NP_460377	(ssaL) type III secretion system gatekeeper SsaL [TTSS(SPI-2 encode) (VF0321)] [Salmonella enterica subsp. enterica serovar Typhimurium str. LT2]	
94222	PROKKA_00989	1	675	+	ssaK	1-675/675	===============	0/0	100.00	99.56	vfdb	NP_460376	(ssaK) type III secretion system stator SsaK [TTSS(SPI-2 encode) (VF0321)] [Salmonella enterica subsp. enterica serovar Typhimurium str. LT2]	
94222	PROKKA_00991	1	750	+	ssaJ	1-750/750	===============	0/0	100.00	99.20	vfdb	NP_460374	(ssaJ) type III secretion system inner MS ring protein SsaJ [TTSS(SPI-2 encode) (VF0321)] [Salmonella enterica subsp. enterica serovar Typhimurium str. LT2]	
94222	PROKKA_00992	16	264	+	ssaI	1-249/249	===============	0/0	100.00	100.00	vfdb	NP_460373	(ssaI) type III secretion system inner rod protein SsaI [TTSS(SPI-2 encode) (VF0321)] [Salmonella enterica subsp. enterica serovar Typhimurium str. LT2]	
94222	PROKKA_00993	64	291	+	ssaH	1-228/228	===============	0/0	100.00	100.00	vfdb	NP_460372	(ssaH) type III secretion system protein SsaH [TTSS(SPI-2 encode) (VF0321)] [Salmonella enterica subsp. enterica serovar Typhimurium str. LT2]	
94222	PROKKA_00994	1	216	+	ssaG	1-216/216	===============	0/0	100.00	100.00	vfdb	NP_460371	(ssaG) type III secretion system needle filament protein SsaG [TTSS(SPI-2 encode) (VF0321)] [Salmonella enterica subsp. enterica serovar Typhimurium str. LT2]	
94222	PROKKA_00995	1	690	+	sseG	1-690/690	===============	0/0	100.00	99.86	vfdb	NP_460370	(sseG) type III secretion system effector SseG [TTSS(SPI-2 encode) (VF0321)] [Salmonella enterica subsp. enterica serovar Typhimurium str. LT2]	
94222	PROKKA_00996	1	783	+	sseF	1-783/783	===============	0/0	100.00	98.08	vfdb	NP_460369	(sseF) type III secretion system effector SseF [TTSS(SPI-2 encode) (VF0321)] [Salmonella enterica subsp. enterica serovar Typhimurium str. LT2]	
94222	PROKKA_00997	1	429	+	sscB	7-435/435	===============	0/0	98.62	99.53	vfdb	NP_460368	(sscB) chaperone for sseF [SPI-2 encoded T3SS (SS021)] [Salmonella enterica subsp. enterica serovar Typhimurium str. LT2]	
94222	PROKKA_00998	1	417	+	sseE	1-417/417	===============	0/0	100.00	99.76	vfdb	NP_460367	(sseE) type III secretion system effector SseE [TTSS(SPI-2 encode) (VF0321)] [Salmonella enterica subsp. enterica serovar Typhimurium str. LT2]	
94222	PROKKA_00999	1	588	+	sseD	1-588/588	===============	0/0	100.00	100.00	vfdb	NP_460366	(sseD) type III secretion system hydrophilic translocator pore protein SseD [TTSS(SPI-2 encode) (VF0321)] [Salmonella enterica subsp. enterica serovar Typhimurium str. LT2]	
94222	PROKKA_01000	1	1455	+	sseC	1-1455/1455	===============	0/0	100.00	99.04	vfdb	NP_460365	(sseC) type III secretion system hydrophilic translocator pore protein SseC [TTSS(SPI-2 encode) (VF0321)] [Salmonella enterica subsp. enterica serovar Typhimurium str. LT2]	
94222	PROKKA_01001	1	474	+	sscA	1-474/474	===============	0/0	100.00	98.94	vfdb	NP_460364	(sscA) chaperone for sseC [SPI-2 encoded T3SS (SS021)] [Salmonella enterica subsp. enterica serovar Typhimurium str. LT2]	
94222	PROKKA_01002	1	591	+	sseB	1-591/591	===============	0/0	100.00	99.83	vfdb	NP_460363	(sseB) type III secretion system effector SseB [TTSS(SPI-2 encode) (VF0321)] [Salmonella enterica subsp. enterica serovar Typhimurium str. LT2]	
94222	PROKKA_01003	1	324	+	sseA	4-327/327	===============	0/0	99.08	99.69	vfdb	NP_460362	(sseA) chaperone for sseB and sseD [TTSS(SPI-2 encode) (VF0321)] [Salmonella enterica subsp. enterica serovar Typhimurium str. LT2]	
94222	PROKKA_01004	1	243	+	ssaE	1-243/243	===============	0/0	100.00	98.77	vfdb	NP_460361	(ssaE) chaperone for sseB [TTSS(SPI-2 encode) (VF0321)] [Salmonella enterica subsp. enterica serovar Typhimurium str. LT2]	
94222	PROKKA_01005	1	1212	+	ssaD	1-1212/1212	===============	0/0	100.00	99.17	vfdb	NP_460360	(ssaD) type III secretion system outer MS ring protein SsaD [TTSS(SPI-2 encode) (VF0321)] [Salmonella enterica subsp. enterica serovar Typhimurium str. LT2]	
94222	PROKKA_01006	1	1494	+	ssaC	1-1494/1494	===============	0/0	100.00	99.20	vfdb	NP_460359	(ssaC) type III secretion system secretin SsaC [TTSS(SPI-2 encode) (VF0321)] [Salmonella enterica subsp. enterica serovar Typhimurium str. LT2]	
94222	PROKKA_01007	1	384	+	spiC/ssaB	19-402/402	===============	0/0	95.52	99.74	vfdb	NP_460358	(spiC/ssaB) type III secretion system protein SsaB [TTSS(SPI-2 encode) (VF0321)] [Salmonella enterica subsp. enterica serovar Typhimurium str. LT2]	
94222	PROKKA_01175	1	1011	+	sifA	1-1011/1011	===============	0/0	100.00	96.34	vfdb	NP_460194	(sifA) type III secretion system effector SifA N-terminal SKIP-binding domain C-terminal guanine nucleotide exchange factor activity [TTSS(SPI-2 encode) (VF0321)] [Salmonella enterica subsp. enterica serovar Typhimurium str. LT2]	
94222	PROKKA_01218	55	1096	+	flgI	34-1075/1077	========/======	7/22	95.73	70.18	vfdb	YP_001006757	(flgI) flagellar P-ring protein precursor FlgI [Flagella (VF0394)] [Yersinia enterocolitica subsp. enterocolitica 8081]	
94222	PROKKA_01219	107	659	+	flgH	125-677/684	..=============	0/0	80.85	77.58	vfdb	YP_001006758	(flgH) flagellar L-ring protein precursor FlgH [Flagella (VF0394)] [Yersinia enterocolitica subsp. enterocolitica 8081]	
94222	PROKKA_01220	131	783	+	flgG	2-654/654	========/======	2/2	99.69	75.53	vfdb	YP_001006759	(flgG) flagellar basal-body rod protein FlgG [Flagella (VF0394)] [Yersinia enterocolitica subsp. enterocolitica 8081]	
94222	PROKKA_01221	1	756	+	flgF	1-756/756	========/======	6/8	99.47	69.87	vfdb	YP_001006760	(flgF) flagellar basal-body rod protein FlgF [Flagella (VF0394)] [Yersinia enterocolitica subsp. enterocolitica 8081]	
94222	PROKKA_01224	13	405	+	flgC	13-405/405	========/======	2/2	96.79	73.35	vfdb	YP_001006763	(flgC) flagellar basal-body rod protein FlgC [Flagella (VF0394)] [Yersinia enterocolitica subsp. enterocolitica 8081]	
94222	PROKKA_01225	1	404	+	flgB	1-404/414	========/======	5/8	96.62	71.08	vfdb	YP_001006764	(flgB) flagellar basal-body rod protein FlgB [Flagella (VF0394)] [Yersinia enterocolitica subsp. enterocolitica 8081]	
94222	PROKKA_01254	1	327	+	csgC	1-327/327	===============	0/0	100.00	100.00	vfdb	NP_460116	(csgC) curli assembly protein CsgC [Agf (VF0103)] [Salmonella enterica subsp. enterica serovar Typhimurium str. LT2]	
94222	PROKKA_01255	1	456	+	csgA	1-456/456	===============	0/0	100.00	100.00	vfdb	NP_460115	(csgA) curlin major subunit CsgA [Agf (VF0103)] [Salmonella enterica subsp. enterica serovar Typhimurium str. LT2]	
94222	PROKKA_01256	40	495	+	csgB	1-456/456	===============	0/0	100.00	99.78	vfdb	NP_460114	(csgB) minor curlin subunit precursor curli nucleator protein CsgB [Agf (VF0103)] [Salmonella enterica subsp. enterica serovar Typhimurium str. LT2]	
94222	PROKKA_01257	1	651	+	csgD	1-651/651	===============	0/0	100.00	99.08	vfdb	NP_460113	(csgD) DNA-binding transcriptional regulator CsgD [curli fibers/thin aggregative fimbriae (AGF) (AI094)] [Salmonella enterica subsp. enterica serovar Typhimurium str. LT2]	
94222	PROKKA_01258	1	396	+	csgE	1-396/396	===============	0/0	100.00	100.00	vfdb	NP_460112	(csgE) curli production assembly/transport protein CsgE [Agf (VF0103)] [Salmonella enterica subsp. enterica serovar Typhimurium str. LT2]	
94222	PROKKA_01259	1	417	+	csgF	1-417/417	===============	0/0	100.00	99.52	vfdb	NP_460111	(csgF) curli production assembly/transport protein CsgF [Agf (VF0103)] [Salmonella enterica subsp. enterica serovar Typhimurium str. LT2]	
94222	PROKKA_01260	1	834	+	csgG	1-834/834	===============	0/0	100.00	99.88	vfdb	NP_460110	(csgG) curli production assembly/transport protein CsgG [Agf (VF0103)] [Salmonella enterica subsp. enterica serovar Typhimurium str. LT2]	
94222	PROKKA_01268	100	816	+	IlpA	100-810/810	.=======/======	5/12	87.41	68.75	vfdb	NP_933683	(IlpA) immunogenic lipoprotein A  [IlpA (VF0513)] [Vibrio vulnificus YJ016]	
94222	PROKKA_01284	21	957	+	lpxB	18-954/1173	========/====..	14/32	78.52	66.32	vfdb	NP_439218	(lpxB) lipid-A-disaccharide synthase [LOS (CVF494)] [Haemophilus influenzae Rd KW20]	
94222	PROKKA_01384	1	860	+	lpxC	1-860/918	========/======	7/10	93.14	70.75	vfdb	NP_439302	(lpxC) UDP-3-O-(R-3-hydroxymyristoyl)-N-acetylglucosamine deacetylase [LOS (CVF494)] [Haemophilus influenzae Rd KW20]	
94222	PROKKA_01548	1	2193	+	sinH	1-2193/2193	===============	0/0	100.00	99.73	vfdb	NP_461452	(sinH) intimin-like protein [SinH (VF0400)] [Salmonella enterica subsp. enterica serovar Typhimurium str. LT2]	
94222	PROKKA_01552	1	7308	+	ratB	1-7308/7308	===============	0/0	100.00	98.54	vfdb	NP_461449	(ratB) putative outer membrane protein [RatB (VF0399)] [Salmonella enterica subsp. enterica serovar Typhimurium str. LT2]	
94222	PROKKA_01553	34	6153	+	shdA	1-6120/6120	===============	0/0	100.00	95.96	vfdb	NP_461448	(shdA) AIDA autotransporter-like protein [ShdA (VF0398)] [Salmonella enterica subsp. enterica serovar Typhimurium str. LT2]	
94222	PROKKA_01865	149	937	+	pla	149-937/939	..=============	0/0	84.03	71.99	vfdb	NP_395233	(pla) plasminogen activator protease precursor [Pla (VF0139)] [Yersinia pestis CO92]	
94222	PROKKA_02034	70	1023	+	sseL	1-954/954	===============	0/0	100.00	96.12	vfdb	NP_461229	(sseL) type III secretion system effector SseL deubiquitinase [SPI-2 encoded T3SS (SS021)] [Salmonella enterica subsp. enterica serovar Typhimurium str. LT2]	
94222	PROKKA_02086	7	1647	+	htpB	10-1653/1653	========/======	9/15	98.91	70.36	vfdb	YP_094724	(htpB) Hsp60 60K heat shock protein HtpB [Hsp60 (VF0159)] [Legionella pneumophila subsp. pneumophila str. Philadelphia 1]	
94222	PROKKA_02210	1	698	+	gtrB	1-698/930	========/===...	6/10	74.52	75.96	vfdb	NP_706258	(gtrB) bactoprenol glucosyl transferase [LPS (VF0124)] [Shigella flexneri 2a str. 301]	
94222	PROKKA_02274	1	867	+	avrA	43-909/909	===============	0/0	95.38	99.77	vfdb	NP_461786	(avrA) type III secretion system effector AvrA acetyltransferease [TTSS(SPI-1 encode) (VF0116)] [Salmonella enterica subsp. enterica serovar Typhimurium str. LT2]	
94222	PROKKA_02277	1	453	+	orgC	1-453/453	===============	0/0	100.00	98.67	vfdb	NP_461789	(orgC) type III secretion system effector OrgC [SPI-1 encoded T3SS (SS010)] [Salmonella enterica subsp. enterica serovar Typhimurium str. LT2]	
94222	PROKKA_02278	1	665	+	orgB	1-665/681	===============	0/0	97.65	99.25	vfdb	NP_461790	(orgB) type III secretion system stator OrgB [TTSS(SPI-1 encode) (VF0116)] [Salmonella enterica subsp. enterica serovar Typhimurium str. LT2]	
94222	PROKKA_02279	1	579	+	orgA	22-600/600	===============	0/0	96.50	99.31	vfdb	NP_461791	(orgA) type III secretion system accessory cytosolic protein OrgA [SPI-1 encoded T3SS (SS010)] [Salmonella enterica subsp. enterica serovar Typhimurium str. LT2]	
94222	PROKKA_02280	1	759	+	prgK	1-759/759	===============	0/0	100.00	99.61	vfdb	NP_461792	(prgK) type III secretion system inner MS ring protein PrgK [TTSS(SPI-1 encode) (VF0116)] [Salmonella enterica subsp. enterica serovar Typhimurium str. LT2]	
94222	PROKKA_02281	1	306	+	prgJ	1-306/306	===============	0/0	100.00	99.67	vfdb	NP_461793	(prgJ) type III secretion system inner rod protein PrgJ [TTSS(SPI-1 encode) (VF0116)] [Salmonella enterica subsp. enterica serovar Typhimurium str. LT2]	
94222	PROKKA_02282	1	243	+	prgI	1-243/243	===============	0/0	100.00	100.00	vfdb	NP_461794	(prgI) type III secretion system needle filament protein PrgI [TTSS(SPI-1 encode) (VF0116)] [Salmonella enterica subsp. enterica serovar Typhimurium str. LT2]	
94222	PROKKA_02283	58	1236	+	prgH	1-1179/1179	===============	0/0	100.00	99.49	vfdb	NP_461795	(prgH) type III secretion system outer MS ring protein PrgH [TTSS(SPI-1 encode) (VF0116)] [Salmonella enterica subsp. enterica serovar Typhimurium str. LT2]	
94222	PROKKA_02287	1	1608	+	sptP	25-1632/1632	===============	0/0	98.53	99.88	vfdb	NP_461799	(sptP) type III secretion system effector SptP tyrosine phosphatase and GTPase-activating protein [TTSS(SPI-1 encode) (VF0116)] [Salmonella enterica subsp. enterica serovar Typhimurium str. LT2]	
94222	PROKKA_02288	1	393	+	sicP	1-393/393	===============	0/0	100.00	98.98	vfdb	NP_461800	(sicP) chaparone for SptP [TTSS(SPI-1 encode) (VF0116)] [Salmonella enterica subsp. enterica serovar Typhimurium str. LT2]	
94222	PROKKA_02291	1	2058	+	sipA/sspA	1-2058/2058	===============	0/0	100.00	99.71	vfdb	NP_461803	(sipA/sspA) type III secretion system effector SipA actin polymerizing activity [TTSS(SPI-1 encode) (VF0116)] [Salmonella enterica subsp. enterica serovar Typhimurium str. LT2]	
94222	PROKKA_02292	1	1032	+	sipD	1-1032/1032	===============	0/0	100.00	99.81	vfdb	NP_461804	(sipD) type III secretion system hydrophilic translocator needle tip protein SipD [TTSS(SPI-1 encode) (VF0116)] [Salmonella enterica subsp. enterica serovar Typhimurium str. LT2]	
94222	PROKKA_02293	1	1230	+	sipC/sspC	1-1230/1230	===============	0/0	100.00	99.67	vfdb	NP_461805	(sipC/sspC) type III secretion system hydrophilic translocator pore protein SipC [TTSS(SPI-1 encode) (VF0116)] [Salmonella enterica subsp. enterica serovar Typhimurium str. LT2]	
94222	PROKKA_02294	1	1782	+	sipB/sspB	1-1782/1782	===============	0/0	100.00	99.89	vfdb	NP_461806	(sipB/sspB) type III secretion system hydrophilic translocator pore protein SipB [TTSS(SPI-1 encode) (VF0116)] [Salmonella enterica subsp. enterica serovar Typhimurium str. LT2]	
94222	PROKKA_02295	1	498	+	sicA	1-498/498	===============	0/0	100.00	99.00	vfdb	NP_461807	(sicA) chaparone for SipC and SipB [TTSS(SPI-1 encode) (VF0116)] [Salmonella enterica subsp. enterica serovar Typhimurium str. LT2]	
94222	PROKKA_02296	1	1071	+	spaS	1-1071/1071	===============	0/0	100.00	100.00	vfdb	NP_461808	(spaS) type III secretion system export apparatus switch protein SpaS [TTSS(SPI-1 encode) (VF0116)] [Salmonella enterica subsp. enterica serovar Typhimurium str. LT2]	
94222	PROKKA_02297	1	792	+	spaR	1-792/792	===============	0/0	100.00	99.37	vfdb	NP_461809	(spaR) type III secretion system minor export apparatus protein SpaR [TTSS(SPI-1 encode) (VF0116)] [Salmonella enterica subsp. enterica serovar Typhimurium str. LT2]	
94222	PROKKA_02298	1	261	+	spaQ	1-261/261	===============	0/0	100.00	99.62	vfdb	NP_461810	(spaQ) type III secretion system minor export apparatus protein SpaQ [TTSS(SPI-1 encode) (VF0116)] [Salmonella enterica subsp. enterica serovar Typhimurium str. LT2]	
94222	PROKKA_02299	1	675	+	spaP	1-675/675	===============	0/0	100.00	98.96	vfdb	NP_461811	(spaP) type III secretion system minor export apparatus protein SpaP [TTSS(SPI-1 encode) (VF0116)] [Salmonella enterica subsp. enterica serovar Typhimurium str. LT2]	
94222	PROKKA_02300	1	912	+	spaO	1-912/912	===============	0/0	100.00	99.01	vfdb	NP_461812	(spaO) type III secretion system C ring protein SpaO [TTSS(SPI-1 encode) (VF0116)] [Salmonella enterica subsp. enterica serovar Typhimurium str. LT2]	
94222	PROKKA_02301	1	1011	+	invJ	1-1011/1011	===============	0/0	100.00	99.41	vfdb	NP_461813	(invJ) type III secretion system needle length regulator InvJ [TTSS(SPI-1 encode) (VF0116)] [Salmonella enterica subsp. enterica serovar Typhimurium str. LT2]	
94222	PROKKA_02302	1	444	+	invI	1-444/444	===============	0/0	100.00	99.55	vfdb	NP_461814	(invI) type III secretion system stalk protein InvI [TTSS(SPI-1 encode) (VF0116)] [Salmonella enterica subsp. enterica serovar Typhimurium str. LT2]	
94222	PROKKA_02303	1	1296	+	invC	1-1296/1296	===============	0/0	100.00	99.38	vfdb	NP_461815	(invC) type III secretion system ATPase InvC [TTSS(SPI-1 encode) (VF0116)] [Salmonella enterica subsp. enterica serovar Typhimurium str. LT2]	
94222	PROKKA_02304	1	408	+	invB	1-408/408	===============	0/0	100.00	99.27	vfdb	NP_461816	(invB) type III secretion system protein InvB [TTSS(SPI-1 encode) (VF0116)] [Salmonella enterica subsp. enterica serovar Typhimurium str. LT2]	
94222	PROKKA_02305	1	2058	+	invA	1-2058/2058	===============	0/0	100.00	99.22	vfdb	NP_461817	(invA) type III secretion system major export apparatus protein InvA [TTSS(SPI-1 encode) (VF0116)] [Salmonella enterica subsp. enterica serovar Typhimurium str. LT2]	
94222	PROKKA_02306	1	1119	+	invE	1-1119/1119	===============	0/0	100.00	99.64	vfdb	NP_461818	(invE) type III secretion system gatekeeper invE [TTSS(SPI-1 encode) (VF0116)] [Salmonella enterica subsp. enterica serovar Typhimurium str. LT2]	
94222	PROKKA_02307	1	1689	+	invG	1-1689/1689	===============	0/0	100.00	99.41	vfdb	NP_461819	(invG) type III secretion system secretin invG [TTSS(SPI-1 encode) (VF0116)] [Salmonella enterica subsp. enterica serovar Typhimurium str. LT2]	
94222	PROKKA_02308	100	750	+	invF	1-651/651	===============	0/0	100.00	99.08	vfdb	NP_461820	(invF) type III secretion system regulatory protein InvF [TTSS(SPI-1 encode) (VF0116)] [Salmonella enterica subsp. enterica serovar Typhimurium str. LT2]	
94222	PROKKA_02309	1	444	+	invH	1-444/444	===============	0/0	100.00	99.55	vfdb	NP_461821	(invH) type III secretion system pilotin invG [TTSS(SPI-1 encode) (VF0116)] [Salmonella enterica subsp. enterica serovar Typhimurium str. LT2]	
94222	PROKKA_02353	1	954	+	sopD	1-954/954	===============	0/0	100.00	98.74	vfdb	NP_461866	(sopD) type III secretion system effector SopD [TTSS(SPI-1 encode) (VF0116)] [Salmonella enterica subsp. enterica serovar Typhimurium str. LT2]	
94222	PROKKA_02410	16	1044	+	manB	16-1044/1371	========/===...	11/12	74.62	64.44	vfdb	YP_001007254	(manB) phosphomannomutase [O-antigen (VF0392)] [Yersinia enterocolitica subsp. enterocolitica 8081]	
94222	PROKKA_02443	1	1008	+	sseK2	40-1047/1047	===============	0/0	96.28	99.90	vfdb	NP_461081	(sseK2) type III secretion system effector SseK2 [SPI-2 encoded T3SS (SS021)] [Salmonella enterica subsp. enterica serovar Typhimurium str. LT2]	
94222	PROKKA_02537	1	2367	+	sspH2	1-2367/2367	===============	0/0	100.00	99.66	vfdb	NP_461184	(sspH2) type III secretion system effector SspH2 E3 ubiquitin ligase [TTSS(SPI-2 encode) (VF0321)] [Salmonella enterica subsp. enterica serovar Typhimurium str. LT2]	
94222	PROKKA_02815	1	960	+	sopD2	1-960/960	===============	0/0	100.00	99.48	vfdb	NP_459947	(sopD2) type III secretion system effector SopD2 [SPI-2 encoded T3SS (SS021)] [Salmonella enterica subsp. enterica serovar Typhimurium str. LT2]	
94222	PROKKA_02831	12	722	+	kdsB	12-734/765	========/======	5/18	92.55	63.91	vfdb	NP_438231	(kdsB) 3-deoxy-manno-octulosonate cytidylyltransferase [LOS (CVF494)] [Haemophilus influenzae Rd KW20]	
94222	PROKKA_02889	1	684	+	mgtC	13-696/696	===============	0/0	98.28	98.54	vfdb	NP_462663	(mgtC) Mg2+ transport protein [MgtBC (VF0106)] [Salmonella enterica subsp. enterica serovar Typhimurium str. LT2]	
94222	PROKKA_02890	1	2727	+	mgtB	1-2727/2727	===============	0/0	100.00	99.19	vfdb	NP_462662	(mgtB) Mg2+ transport protein [MgtBC (VF0106)] [Salmonella enterica subsp. enterica serovar Typhimurium str. LT2]	
94222	PROKKA_02896	1	2868	+	misL	1-2868/2868	===============	0/0	100.00	98.92	vfdb	NP_462656	(misL) putative autotransporter [MisL (VF0397)] [Salmonella enterica subsp. enterica serovar Typhimurium str. LT2]	
94222	PROKKA_02939	1	920	+	rfaD	1-917/927	========/======	7/9	98.60	70.86	vfdb	NP_439271	(rfaD) ADP-L-glycero-D-mannoheptose-6-epimerase [LOS (VF0044)] [Haemophilus influenzae Rd KW20]	
94222	PROKKA_02972	1	1517	+	cheD	1-1517/1674	========/=====.	15/36	89.55	70.68	vfdb	YP_001006778	(cheD) methyl-accepting chemotaxis protein CheD [peritrichous flagella (AI145)] [Yersinia enterocolitica subsp. enterocolitica 8081]	
94222	PROKKA_03100	22	723	+	pilW	16-717/921	========/===...	7/10	75.68	65.49	vfdb	YP_001007658	(pilW) type IV fimbrial biogenesis protein PilW [Type IV pili (CVF049)] [Yersinia enterocolitica subsp. enterocolitica 8081]	
94222	PROKKA_03245	25	752	+	entA	16-743/747	===============	0/0	97.46	79.67	vfdb	NP_752614	(entA) 23-dihydro-23-dihydroxybenzoate dehydrogenase [Enterobactin (VF0228)] [Escherichia coli CFT073]	
94222	PROKKA_03246	1	851	+	entB	1-851/858	===============	0/0	99.18	80.14	vfdb	NP_752613	(entB) isochorismatase [Enterobactin (VF0228)] [Escherichia coli CFT073]	
94222	PROKKA_03247	1	1598	+	entE	1-1598/1611	========/======	4/4	99.07	79.75	vfdb	NP_752612	(entE) 23-dihydroxybenzoate-AMP ligase component of enterobactin synthase multienzyme complex [Enterobactin (VF0228)] [Escherichia coli CFT073]	
94222	PROKKA_03248	1	1176	+	entC	13-1188/1188	========/======	4/4	98.82	78.01	vfdb	NP_752611	(entC) isochorismate synthase 1 [Enterobactin (VF0228)] [Escherichia coli CFT073]	
94222	PROKKA_03249	53	920	+	fepB	53-920/957	===============	0/0	90.70	76.96	vfdb	NP_752610	(fepB) ferrienterobactin ABC transporter periplasmic binding protein [Enterobactin (VF0228)] [Escherichia coli CFT073]	
94222	PROKKA_03250	1	1227	+	entS	1-1227/1251	===============	0/0	98.08	78.65	vfdb	NP_752609	(entS) enterobactin exporter iron-regulated [enterobactin (IA019)] [Escherichia coli CFT073]	
94222	PROKKA_03251	1	990	+	fepD	13-1002/1017	===============	0/0	97.35	78.18	vfdb	NP_752608	(fepD) ferrienterobactin ABC transporter permease [Enterobactin (VF0228)] [Escherichia coli CFT073]	
94222	PROKKA_03252	82	990	+	fepG	85-993/993	.==============	0/0	91.54	80.31	vfdb	NP_752607	(fepG) iron-enterobactin ABC transporter permease [Enterobactin (VF0228)] [Escherichia coli CFT073]	
94222	PROKKA_03253	1	788	+	fepC	1-788/816	========/======	2/2	96.45	80.48	vfdb	NP_752606	(fepC) ferrienterobactin ABC transporter ATPase [Enterobactin (VF0228)] [Escherichia coli CFT073]	
94222	PROKKA_03255	1	3833	+	entF	1-3830/3882	========/======	20/41	98.17	74.27	vfdb	NP_752604	(entF) enterobactin synthase multienzyme complex component ATP-dependent [Enterobactin (VF0228)] [Escherichia coli CFT073]	
94222	PROKKA_03257	22	1203	+	fes	19-1188/1203	========/======	8/20	96.92	72.51	vfdb	NP_752602	(fes) enterobactin/ferric enterobactin esterase [enterobactin (IA019)] [Escherichia coli CFT073]	
94222	PROKKA_03258	1	2256	+	fepA	1-2241/2241	========/======	15/49	99.24	78.58	vfdb	NP_752600	(fepA) ferrienterobactin outer membrane transporter [Enterobactin (VF0228)] [Escherichia coli CFT073]	
94222	PROKKA_03349	1	2298	+	slrP	1-2298/2298	===============	0/0	100.00	98.43	vfdb	NP_459778	(slrP) type III secretion system effector SlrP E3 ubiquitin ligase [TTSS(SPI-1 encode) (VF0116)] [Salmonella enterica subsp. enterica serovar Typhimurium str. LT2]	
94222	PROKKA_03600	1	1053	+	ompA	1-1041/1041	========/======	1/12	100.00	89.65	vfdb	AAF37887	(ompA) outer membrane protein A [OmpA (VF0236)] [Escherichia coli O18:K1:H7 str. RS218]	
94222	PROKKA_03618	1	876	+	pipB	1-876/876	===============	0/0	100.00	99.77	vfdb	NP_460061	(pipB) type III secretion system effector PipB [SPI-2 encoded T3SS (SS021)] [Salmonella enterica subsp. enterica serovar Typhimurium str. LT2]	
94222	PROKKA_03620	1	1686	+	sopB/sigD	1-1686/1686	===============	0/0	100.00	100.00	vfdb	NP_460064	(sopB/sigD) type III secretion system effector SopB phosphoinositide phosphatase [TTSS(SPI-1 encode) (VF0116)] [Salmonella enterica subsp. enterica serovar Typhimurium str. LT2]	
94222	PROKKA_03944	1	525	+	lpfA	13-537/537	===============	0/0	97.77	99.81	vfdb	NP_462541	(lpfA) long polar fimbria protein LpfA [Lpf (VF0105)] [Salmonella enterica subsp. enterica serovar Typhimurium str. LT2]	
94222	PROKKA_03945	1	699	+	lpfB	1-699/699	===============	0/0	100.00	100.00	vfdb	NP_462540	(lpfB) long polar fimbrial chaperone protein LpfB [Lpf (VF0105)] [Salmonella enterica subsp. enterica serovar Typhimurium str. LT2]	
94222	PROKKA_03946	1	2529	+	lpfC	1-2529/2529	===============	0/0	100.00	99.41	vfdb	NP_462539	(lpfC) long polar fimbrial usher protein LpfC [Lpf (VF0105)] [Salmonella enterica subsp. enterica serovar Typhimurium str. LT2]	
94222	PROKKA_03947	1	1080	+	lpfD	1-1080/1080	===============	0/0	100.00	99.63	vfdb	NP_462538	(lpfD) long polar fimbrial protein LpfD [Lpf (VF0105)] [Salmonella enterica subsp. enterica serovar Typhimurium str. LT2]	
94222	PROKKA_03948	1	528	+	lpfE	1-528/528	===============	0/0	100.00	99.62	vfdb	NP_462537	(lpfE) long polar fimbrial minor subunit LpfE adhesin [Lpf (VF0105)] [Salmonella enterica subsp. enterica serovar Typhimurium str. LT2]	
94222	PROKKA_03963	1	1300	+	ybtS	1-1300/1305	===============	0/0	99.62	92.69	vfdb	NP_405477	(ybtS) salicylate synthase Irp9 [Yersiniabactin (VF0136)] [Yersinia pestis CO92]	
94222	PROKKA_03964	1	1281	+	ybtX	1-1281/1281	===============	0/0	100.00	98.05	vfdb	NP_405476	(ybtX) putative signal transducer [Yersiniabactin (VF0136)] [Yersinia pestis CO92]	
94222	PROKKA_03965	1	1803	+	ybtQ	1-1803/1803	===============	0/0	100.00	97.00	vfdb	NP_405475	(ybtQ) inner membrane ABC-transporter YbtQ [Yersiniabactin (VF0136)] [Yersinia pestis CO92]	
94222	PROKKA_03966	1	1803	+	ybtP	1-1803/1803	===============	0/0	100.00	97.50	vfdb	NP_405474	(ybtP) lipoprotein inner membrane ABC-transporter [Yersiniabactin (VF0136)] [Yersinia pestis CO92]	
94222	PROKKA_03967	1	960	+	ybtA	1-960/960	===============	0/0	100.00	97.92	vfdb	NP_405473	(ybtA) transcriptional regulator YbtA [Yersiniabactin (VF0136)] [Yersinia pestis CO92]	
94222	PROKKA_03968	1	6108	+	irp2	1-6108/6108	===============	0/0	100.00	97.64	vfdb	NP_405472	(irp2) yersiniabactin biosynthetic protein Irp2 [Yersiniabactin (VF0136)] [Yersinia pestis CO92]	
94222	PROKKA_03969	1	9498	+	irp1	1-9492/9492	========/======	1/6	100.00	97.11	vfdb	NP_405471	(irp1) yersiniabactin biosynthetic protein Irp1 [Yersiniabactin (VF0136)] [Yersinia pestis CO92]	
94222	PROKKA_03970	1	1101	+	ybtU	1-1101/1101	===============	0/0	100.00	97.55	vfdb	NP_405470	(ybtU) yersiniabactin biosynthetic protein YbtU [Yersiniabactin (VF0136)] [Yersinia pestis CO92]	
94222	PROKKA_03971	1	804	+	ybtT	1-804/804	===============	0/0	100.00	98.26	vfdb	NP_405469	(ybtT) yersiniabactin biosynthetic protein YbtT [Yersiniabactin (VF0136)] [Yersinia pestis CO92]	
94222	PROKKA_03972	1	1578	+	ybtE	1-1578/1578	===============	0/0	100.00	96.96	vfdb	NP_405468	(ybtE) yersiniabactin siderophore biosynthetic protein [Yersiniabactin (VF0136)] [Yersinia pestis CO92]	
94222	PROKKA_03973	1	2022	+	fyuA	1-2022/2022	===============	0/0	100.00	97.03	vfdb	NP_405467	(fyuA) pesticin/yersiniabactin receptor protein [Yersiniabactin (VF0136)] [Yersinia pestis CO92]	
94222	PROKKA_04092	298	1412	+	rfaE	298-1412/1431	..======/======	5/8	77.64	66.76	vfdb	NP_439675	(rfaE) ADP-heptose synthase [LOS (VF0044)] [Haemophilus influenzae Rd KW20]	
94222	PROKKA_04138	1	1101	+	iroB	49-1149/1164	===============	0/0	94.59	78.29	vfdb	NP_753168	(iroB) glucosyltransferase IroB [Salmochelin (IA013)] [Escherichia coli CFT073]	
94222	PROKKA_04139	1	3621	+	iroC	79-3687/3738	========/======	18/36	96.23	76.03	vfdb	NP_753167	(iroC) ATP binding cassette transporter [Salmochelin (IA013)] [Escherichia coli CFT073]	
94222	PROKKA_04140	92	1223	+	iroD	80-1208/1230	========/======	10/23	90.98	70.14	vfdb	NP_753166	(iroD) esterase [Salmochelin (IA013)] [Escherichia coli CFT073]	
94222	PROKKA_04141	78	906	+	iroE	90-915/957	.=======/======	10/17	85.58	69.26	vfdb	NP_753165	(iroE) esterase [Salmochelin (IA013)] [Escherichia coli CFT073]	
94222	PROKKA_04142	1	2175	+	iroN	1-2178/2178	========/======	5/7	99.77	77.52	vfdb	NP_753164	(iroN) salmochelin receptor IroN [IroN (VF0230)] [Escherichia coli CFT073]	
94222	PROKKA_04144	1	1053	+	pipB2	1-1053/1053	===============	0/0	100.00	99.33	vfdb	NP_461706	(pipB2) type III secretion system effector PipB3 [SPI-2 encoded T3SS (SS021)] [Salmonella enterica subsp. enterica serovar Typhimurium str. LT2]	
94222	PROKKA_04146	1	897	+	mig-14	1-897/897	===============	0/0	100.00	98.89	vfdb	NP_461708	(mig-14) antimicrobial peptide resistance protein Mig-14 [Mig-14 (VF0395)] [Salmonella enterica subsp. enterica serovar Typhimurium str. LT2]	
94222	PROKKA_04184	1	416	+	luxS	1-416/519	=============..	0/0	80.15	72.84	vfdb	NP_230208	(luxS) S-ribosylhomocysteinase [AI-2 (VF0406)] [Vibrio cholerae O1 biovar El Tor str. N16961]	
94222	PROKKA_04363	11	763	+	faeI	11-763/765	========/======	8/12	97.65	70.88	vfdb	YP_002295990	(faeI) fimbrial protein FaeI [K88 pili/F4 fimbriae (AI040)] [Escherichia coli SE11]	
94222	PROKKA_04364	1	786	+	faeH	1-786/798	========/======	2/2	98.37	74.97	vfdb	YP_002295989	(faeH) fimbrial protein FaeH [K88 pili/F4 fimbriae (AI040)] [Escherichia coli SE11]	
94222	PROKKA_04366	52	478	+	faeF	61-487/492	.=======/======	2/2	86.59	75.70	vfdb	YP_002295987	(faeF) fimbrial protein FaeF [K88 pili/F4 fimbriae (AI040)] [Escherichia coli SE11]	
94222	PROKKA_04367	34	743	+	faeE	28-737/777	========/======	2/2	91.25	83.97	vfdb	YP_002295986	(faeE) fimbrial chaperone FaeE [K88 pili/F4 fimbriae (AI040)] [Escherichia coli SE11]	
94222	PROKKA_04368	76	2433	+	faeD	82-2439/2439	========/======	2/4	96.60	82.42	vfdb	YP_002295985	(faeD) fimbrial usher protein FaeD [K88 pili/F4 fimbriae (AI040)] [Escherichia coli SE11]	
94222	PROKKA_04369	40	539	+	faeC	43-545/546	.=======/======	1/3	91.58	79.92	vfdb	AAL47165	(faeC) FaeC [K88 pili/F4 fimbriae (AI040)] [Escherichia coli]	
94222	PROKKA_04370	68	286	+	draA	62-280/306	...===========.	0/0	71.57	73.06	vfdb	AAK16475	(draA) cytoplamic protein DraA [Dr adhesins (VF0223)] [Escherichia coli O75:K5:H- str. IH11128]	
94222	PROKKA_04390	1	1011	+	sseK1	1-1011/1011	===============	0/0	100.00	99.01	vfdb	NP_463026	(sseK1) type III secretion system effector SseK1 [SPI-2 encoded T3SS (SS021)] [Salmonella enterica subsp. enterica serovar Typhimurium str. LT2]	
